L 06/27/2020 - 09:16:13: SourceMod error session started
L 06/27/2020 - 09:16:13: Info (map "yc_c2a5g") (file "D:\Games\steamapps\common\Black Mesa\bms\addons\sourcemod\logs\errors_20200627.log")
L 06/27/2020 - 09:16:13: [SM] Failed to load plugin "nextmap.smx": Nextmap is incompatible with this game.
L 06/27/2020 - 09:37:43: SourceMod error session started
L 06/27/2020 - 09:37:43: Info (map "yc_c2a5h") (file "D:\Games\steamapps\common\Black Mesa\bms\addons\sourcemod\logs\errors_20200627.log")
L 06/27/2020 - 09:37:43: [SM] Failed to load plugin "nextmap.smx": Nextmap is incompatible with this game.
L 06/27/2020 - 09:47:05: SourceMod error session started
L 06/27/2020 - 09:47:05: Info (map "yc_c2a5h") (file "D:\Games\steamapps\common\Black Mesa\bms\addons\sourcemod\logs\errors_20200627.log")
L 06/27/2020 - 09:47:05: [SM] Failed to load plugin "nextmap.smx": Nextmap is incompatible with this game.
L 06/27/2020 - 09:50:59: SourceMod error session started
L 06/27/2020 - 09:50:59: Info (map "yc_c2a5h") (file "D:\Games\steamapps\common\Black Mesa\bms\addons\sourcemod\logs\errors_20200627.log")
L 06/27/2020 - 09:50:59: [SM] Failed to load plugin "nextmap.smx": Nextmap is incompatible with this game.
L 06/27/2020 - 10:09:38: Error log file session closed.
L 06/27/2020 - 10:53:01: SourceMod error session started
L 06/27/2020 - 10:53:01: Info (map "yc_c2a5h") (file "D:\Games\steamapps\common\Black Mesa\bms\addons\sourcemod\logs\errors_20200627.log")
L 06/27/2020 - 10:53:01: [SM] Failed to load plugin "nextmap.smx": Nextmap is incompatible with this game.
L 06/27/2020 - 11:00:32: Error log file session closed.
L 06/27/2020 - 16:27:23: SourceMod error session started
L 06/27/2020 - 16:27:23: Info (map "yc_c2a5h") (file "D:\Games\steamapps\common\Black Mesa\bms\addons\sourcemod\logs\errors_20200627.log")
L 06/27/2020 - 16:27:23: [SM] Failed to load plugin "nextmap.smx": Nextmap is incompatible with this game.
L 06/27/2020 - 16:43:37: Error log file session closed.
L 06/27/2020 - 17:07:08: SourceMod error session started
L 06/27/2020 - 17:07:08: Info (map "yc_c2a5i") (file "D:\Games\steamapps\common\Black Mesa\bms\addons\sourcemod\logs\errors_20200627.log")
L 06/27/2020 - 17:07:08: [SM] Failed to load plugin "nextmap.smx": Nextmap is incompatible with this game.
L 06/27/2020 - 17:12:45: Error log file session closed.
L 06/27/2020 - 17:13:19: SourceMod error session started
L 06/27/2020 - 17:13:19: Info (map "bm_c2a5i") (file "D:\Games\steamapps\common\Black Mesa\bms\addons\sourcemod\logs\errors_20200627.log")
L 06/27/2020 - 17:13:19: [SM] Failed to load plugin "nextmap.smx": Nextmap is incompatible with this game.
L 06/27/2020 - 17:13:25: [SM] Exception reported: Could not get gamerules pointer
L 06/27/2020 - 17:13:25: [SM] Blaming: srccoop.smx
L 06/27/2020 - 17:13:25: [SM] Call stack trace:
L 06/27/2020 - 17:13:25: [SM]   [0] DHookGamerules
L 06/27/2020 - 17:13:25: [SM]   [1] Line 196, E:\SteamLibrary\steamapps\common\Black Mesa Dedicated Server\bms\addons\sourcemod\scripting\SourceCoop\scripting\srccoop.sp::OnMapStart
L 06/27/2020 - 17:17:51: Error log file session closed.
L 06/27/2020 - 17:18:40: SourceMod error session started
L 06/27/2020 - 17:18:40: Info (map "yc_c2a5i") (file "D:\Games\steamapps\common\Black Mesa\bms\addons\sourcemod\logs\errors_20200627.log")
L 06/27/2020 - 17:18:40: [SM] Failed to load plugin "nextmap.smx": Nextmap is incompatible with this game.
L 06/27/2020 - 17:31:37: Error log file session closed.
L 06/27/2020 - 19:12:03: SourceMod error session started
L 06/27/2020 - 19:12:03: Info (map "yc_c2a5i") (file "D:\Games\steamapps\common\Black Mesa\bms\addons\sourcemod\logs\errors_20200627.log")
L 06/27/2020 - 19:12:03: [SM] Failed to load plugin "nextmap.smx": Nextmap is incompatible with this game.
L 06/27/2020 - 20:07:07: SourceMod error session started
L 06/27/2020 - 20:07:07: Info (map "yc_c3a1a") (file "D:\Games\steamapps\common\Black Mesa\bms\addons\sourcemod\logs\errors_20200627.log")
L 06/27/2020 - 20:07:07: [SM] Failed to load plugin "nextmap.smx": Nextmap is incompatible with this game.
L 06/27/2020 - 20:08:07: Error log file session closed.
L 06/27/2020 - 20:28:04: SourceMod error session started
L 06/27/2020 - 20:28:04: Info (map "yc_c2a3a_t") (file "D:\Games\steamapps\common\Black Mesa\bms\addons\sourcemod\logs\errors_20200627.log")
L 06/27/2020 - 20:28:04: [SM] Failed to load plugin "nextmap.smx": Nextmap is incompatible with this game.
L 06/27/2020 - 20:32:28: Error log file session closed.
L 06/27/2020 - 20:34:25: SourceMod error session started
L 06/27/2020 - 20:34:25: Info (map "yc_c2a3a_t") (file "D:\Games\steamapps\common\Black Mesa\bms\addons\sourcemod\logs\errors_20200627.log")
L 06/27/2020 - 20:34:25: [SM] Failed to load plugin "nextmap.smx": Nextmap is incompatible with this game.
L 06/27/2020 - 20:36:38: Error log file session closed.
L 06/27/2020 - 21:45:02: SourceMod error session started
L 06/27/2020 - 21:45:02: Info (map "yc_c2a3b") (file "D:\Games\steamapps\common\Black Mesa\bms\addons\sourcemod\logs\errors_20200627.log")
L 06/27/2020 - 21:45:02: [SM] Failed to load plugin "nextmap.smx": Nextmap is incompatible with this game.
L 06/27/2020 - 22:51:44: Error log file session closed.
L 06/27/2020 - 23:03:39: SourceMod error session started
L 06/27/2020 - 23:03:39: Info (map "yc_c2a5a") (file "D:\Games\steamapps\common\Black Mesa\bms\addons\sourcemod\logs\errors_20200627.log")
L 06/27/2020 - 23:03:39: [SM] Failed to load plugin "nextmap.smx": Nextmap is incompatible with this game.
L 06/27/2020 - 23:10:55: Error log file session closed.
L 06/27/2020 - 23:21:10: SourceMod error session started
L 06/27/2020 - 23:21:10: Info (map "yc_c2a5e_t") (file "D:\Games\steamapps\common\Black Mesa\bms\addons\sourcemod\logs\errors_20200627.log")
L 06/27/2020 - 23:21:10: [SM] Failed to load plugin "nextmap.smx": Nextmap is incompatible with this game.
L 06/27/2020 - 23:25:15: SourceMod error session started
L 06/27/2020 - 23:25:15: Info (map "yc_c2a5e_t") (file "D:\Games\steamapps\common\Black Mesa\bms\addons\sourcemod\logs\errors_20200627.log")
L 06/27/2020 - 23:25:15: [SM] Failed to load plugin "nextmap.smx": Nextmap is incompatible with this game.
L 06/27/2020 - 23:29:15: SourceMod error session started
L 06/27/2020 - 23:29:15: Info (map "yc_c3a1a") (file "D:\Games\steamapps\common\Black Mesa\bms\addons\sourcemod\logs\errors_20200627.log")
L 06/27/2020 - 23:29:15: [SM] Failed to load plugin "nextmap.smx": Nextmap is incompatible with this game.
L 06/27/2020 - 23:33:27: SourceMod error session started
L 06/27/2020 - 23:33:27: Info (map "yc_c3a1a") (file "D:\Games\steamapps\common\Black Mesa\bms\addons\sourcemod\logs\errors_20200627.log")
L 06/27/2020 - 23:33:27: [SM] Failed to load plugin "nextmap.smx": Nextmap is incompatible with this game.
L 06/27/2020 - 23:36:42: Error log file session closed.
L 06/27/2020 - 23:48:33: SourceMod error session started
L 06/27/2020 - 23:48:33: Info (map "yc_c3a1a") (file "D:\Games\steamapps\common\Black Mesa\bms\addons\sourcemod\logs\errors_20200627.log")
L 06/27/2020 - 23:48:33: [SM] Failed to load plugin "nextmap.smx": Nextmap is incompatible with this game.
L 06/27/2020 - 23:51:10: Error log file session closed.
