L 06/30/2020 - 13:23:46: SourceMod error session started
L 06/30/2020 - 13:23:46: Info (map "yc_c3a2c") (file "D:\Games\steamapps\common\Black Mesa\bms\addons\sourcemod\logs\errors_20200630.log")
L 06/30/2020 - 13:23:46: [SM] Failed to load plugin "nextmap.smx": Nextmap is incompatible with this game.
L 06/30/2020 - 13:26:41: Error log file session closed.
L 06/30/2020 - 14:32:18: SourceMod error session started
L 06/30/2020 - 14:32:18: Info (map "yc_c3a2h") (file "D:\Games\steamapps\common\Black Mesa\bms\addons\sourcemod\logs\errors_20200630.log")
L 06/30/2020 - 14:32:18: [SM] Failed to load plugin "nextmap.smx": Nextmap is incompatible with this game.
L 06/30/2020 - 14:32:45: Error log file session closed.
L 06/30/2020 - 14:33:37: SourceMod error session started
L 06/30/2020 - 14:33:37: Info (map "yc_c3a2h") (file "D:\Games\steamapps\common\Black Mesa\bms\addons\sourcemod\logs\errors_20200630.log")
L 06/30/2020 - 14:33:37: [SM] Failed to load plugin "nextmap.smx": Nextmap is incompatible with this game.
L 06/30/2020 - 14:42:39: Error log file session closed.
L 06/30/2020 - 16:16:45: SourceMod error session started
L 06/30/2020 - 16:16:45: Info (map "yc_c3a2h") (file "D:\Games\steamapps\common\Black Mesa\bms\addons\sourcemod\logs\errors_20200630.log")
L 06/30/2020 - 16:16:45: [SM] Failed to load plugin "nextmap.smx": Nextmap is incompatible with this game.
L 06/30/2020 - 16:17:44: [UPDATER] --- BEGIN ERRORS FROM AUTOMATIC UPDATER ---
L 06/30/2020 - 16:17:44: [UPDATER] Could not download "http://update.sourcemod.net/update/"
L 06/30/2020 - 16:17:44: [UPDATER] Error: couldn't connect to host
L 06/30/2020 - 16:17:44: [UPDATER] --- END ERRORS FROM AUTOMATIC UPDATER ---
L 06/30/2020 - 16:23:53: Error log file session closed.
L 06/30/2020 - 16:28:50: SourceMod error session started
L 06/30/2020 - 16:28:50: Info (map "yc_c3a2i") (file "D:\Games\steamapps\common\Black Mesa\bms\addons\sourcemod\logs\errors_20200630.log")
L 06/30/2020 - 16:28:50: [SM] Failed to load plugin "nextmap.smx": Nextmap is incompatible with this game.
L 06/30/2020 - 16:42:07: Error log file session closed.
L 06/30/2020 - 18:23:50: SourceMod error session started
L 06/30/2020 - 18:23:50: Info (map "yc_c3a2i") (file "D:\Games\steamapps\common\Black Mesa\bms\addons\sourcemod\logs\errors_20200630.log")
L 06/30/2020 - 18:23:50: [SM] Failed to load plugin "nextmap.smx": Nextmap is incompatible with this game.
L 06/30/2020 - 18:30:08: Error log file session closed.
L 06/30/2020 - 18:59:22: SourceMod error session started
L 06/30/2020 - 18:59:22: Info (map "yc_c3a2k") (file "D:\Games\steamapps\common\Black Mesa\bms\addons\sourcemod\logs\errors_20200630.log")
L 06/30/2020 - 18:59:22: [SM] Failed to load plugin "nextmap.smx": Nextmap is incompatible with this game.
L 06/30/2020 - 19:03:29: Error log file session closed.
L 06/30/2020 - 19:47:39: SourceMod error session started
L 06/30/2020 - 19:47:39: Info (map "yc_c3a2j") (file "D:\Games\steamapps\common\Black Mesa\bms\addons\sourcemod\logs\errors_20200630.log")
L 06/30/2020 - 19:47:39: [SM] Failed to load plugin "nextmap.smx": Nextmap is incompatible with this game.
L 06/30/2020 - 19:51:51: Error log file session closed.
L 06/30/2020 - 19:57:08: SourceMod error session started
L 06/30/2020 - 19:57:08: Info (map "yc_c3a2k") (file "D:\Games\steamapps\common\Black Mesa\bms\addons\sourcemod\logs\errors_20200630.log")
L 06/30/2020 - 19:57:08: [SM] Failed to load plugin "nextmap.smx": Nextmap is incompatible with this game.
L 06/30/2020 - 20:10:07: Error log file session closed.
L 06/30/2020 - 20:14:01: SourceMod error session started
L 06/30/2020 - 20:14:01: Info (map "yc_c3a2k") (file "D:\Games\steamapps\common\Black Mesa\bms\addons\sourcemod\logs\errors_20200630.log")
L 06/30/2020 - 20:14:01: [SM] Failed to load plugin "nextmap.smx": Nextmap is incompatible with this game.
L 06/30/2020 - 20:18:00: Error log file session closed.
L 06/30/2020 - 20:20:05: SourceMod error session started
L 06/30/2020 - 20:20:05: Info (map "yc_c3a2j") (file "D:\Games\steamapps\common\Black Mesa\bms\addons\sourcemod\logs\errors_20200630.log")
L 06/30/2020 - 20:20:05: [SM] Failed to load plugin "nextmap.smx": Nextmap is incompatible with this game.
L 06/30/2020 - 20:21:42: Error log file session closed.
L 06/30/2020 - 21:22:20: SourceMod error session started
L 06/30/2020 - 21:22:20: Info (map "yc_c3a2j") (file "D:\Games\steamapps\common\Black Mesa\bms\addons\sourcemod\logs\errors_20200630.log")
L 06/30/2020 - 21:22:20: [SM] Failed to load plugin "nextmap.smx": Nextmap is incompatible with this game.
L 06/30/2020 - 21:26:03: Error log file session closed.
L 06/30/2020 - 22:06:16: SourceMod error session started
L 06/30/2020 - 22:06:16: Info (map "yc_c4a1a") (file "D:\Games\steamapps\common\Black Mesa\bms\addons\sourcemod\logs\errors_20200630.log")
L 06/30/2020 - 22:06:16: [SM] Failed to load plugin "nextmap.smx": Nextmap is incompatible with this game.
L 06/30/2020 - 22:08:30: Error log file session closed.
L 06/30/2020 - 22:19:41: SourceMod error session started
L 06/30/2020 - 22:19:41: Info (map "yc_c4a1a") (file "D:\Games\steamapps\common\Black Mesa\bms\addons\sourcemod\logs\errors_20200630.log")
L 06/30/2020 - 22:19:41: [SM] Failed to load plugin "nextmap.smx": Nextmap is incompatible with this game.
L 06/30/2020 - 22:33:27: Error log file session closed.
L 06/30/2020 - 22:34:06: SourceMod error session started
L 06/30/2020 - 22:34:06: Info (map "yc_c4a1a") (file "D:\Games\steamapps\common\Black Mesa\bms\addons\sourcemod\logs\errors_20200630.log")
L 06/30/2020 - 22:34:06: [SM] Failed to load plugin "nextmap.smx": Nextmap is incompatible with this game.
L 06/30/2020 - 22:36:18: SourceMod error session started
L 06/30/2020 - 22:36:18: Info (map "yc_c4a1a") (file "D:\Games\steamapps\common\Black Mesa\bms\addons\sourcemod\logs\errors_20200630.log")
L 06/30/2020 - 22:36:18: [SM] Failed to load plugin "nextmap.smx": Nextmap is incompatible with this game.
L 06/30/2020 - 22:40:46: Error log file session closed.
L 06/30/2020 - 22:41:32: SourceMod error session started
L 06/30/2020 - 22:41:32: Info (map "yc_c4a1a") (file "D:\Games\steamapps\common\Black Mesa\bms\addons\sourcemod\logs\errors_20200630.log")
L 06/30/2020 - 22:41:32: [SM] Failed to load plugin "nextmap.smx": Nextmap is incompatible with this game.
L 06/30/2020 - 22:44:40: SourceMod error session started
L 06/30/2020 - 22:44:40: Info (map "yc_c4a1a") (file "D:\Games\steamapps\common\Black Mesa\bms\addons\sourcemod\logs\errors_20200630.log")
L 06/30/2020 - 22:44:40: [SM] Failed to load plugin "nextmap.smx": Nextmap is incompatible with this game.
L 06/30/2020 - 22:50:29: SourceMod error session started
L 06/30/2020 - 22:50:29: Info (map "yc_c4a1a") (file "D:\Games\steamapps\common\Black Mesa\bms\addons\sourcemod\logs\errors_20200630.log")
L 06/30/2020 - 22:50:29: [SM] Failed to load plugin "nextmap.smx": Nextmap is incompatible with this game.
L 06/30/2020 - 22:51:08: SourceMod error session started
L 06/30/2020 - 22:51:08: Info (map "yc_c4a1a") (file "D:\Games\steamapps\common\Black Mesa\bms\addons\sourcemod\logs\errors_20200630.log")
L 06/30/2020 - 22:51:08: [SM] Failed to load plugin "nextmap.smx": Nextmap is incompatible with this game.
L 06/30/2020 - 22:51:40: SourceMod error session started
L 06/30/2020 - 22:51:40: Info (map "yc_c4a1a") (file "D:\Games\steamapps\common\Black Mesa\bms\addons\sourcemod\logs\errors_20200630.log")
L 06/30/2020 - 22:51:40: [SM] Failed to load plugin "nextmap.smx": Nextmap is incompatible with this game.
L 06/30/2020 - 22:57:53: SourceMod error session started
L 06/30/2020 - 22:57:53: Info (map "yc_c4a1a") (file "D:\Games\steamapps\common\Black Mesa\bms\addons\sourcemod\logs\errors_20200630.log")
L 06/30/2020 - 22:57:53: [SM] Failed to load plugin "nextmap.smx": Nextmap is incompatible with this game.
L 06/30/2020 - 22:59:30: Error log file session closed.
L 06/30/2020 - 23:00:37: SourceMod error session started
L 06/30/2020 - 23:00:37: Info (map "yc_c4a1a") (file "D:\Games\steamapps\common\Black Mesa\bms\addons\sourcemod\logs\errors_20200630.log")
L 06/30/2020 - 23:00:37: [SM] Failed to load plugin "nextmap.smx": Nextmap is incompatible with this game.
L 06/30/2020 - 23:08:52: Error log file session closed.
L 06/30/2020 - 23:09:55: SourceMod error session started
L 06/30/2020 - 23:09:55: Info (map "yc_c4a1a") (file "D:\Games\steamapps\common\Black Mesa\bms\addons\sourcemod\logs\errors_20200630.log")
L 06/30/2020 - 23:09:55: [SM] Failed to load plugin "nextmap.smx": Nextmap is incompatible with this game.
L 06/30/2020 - 23:11:23: Error log file session closed.
L 06/30/2020 - 23:18:30: SourceMod error session started
L 06/30/2020 - 23:18:30: Info (map "yc_c4a1a") (file "D:\Games\steamapps\common\Black Mesa\bms\addons\sourcemod\logs\errors_20200630.log")
L 06/30/2020 - 23:18:30: [SM] Failed to load plugin "nextmap.smx": Nextmap is incompatible with this game.
L 06/30/2020 - 23:19:44: Error log file session closed.
L 06/30/2020 - 23:22:19: SourceMod error session started
L 06/30/2020 - 23:22:19: Info (map "yc_c4a1a") (file "D:\Games\steamapps\common\Black Mesa\bms\addons\sourcemod\logs\errors_20200630.log")
L 06/30/2020 - 23:22:19: [SM] Failed to load plugin "nextmap.smx": Nextmap is incompatible with this game.
L 06/30/2020 - 23:22:49: Error log file session closed.
L 06/30/2020 - 23:23:12: SourceMod error session started
L 06/30/2020 - 23:23:12: Info (map "yc_c4a1a") (file "D:\Games\steamapps\common\Black Mesa\bms\addons\sourcemod\logs\errors_20200630.log")
L 06/30/2020 - 23:23:12: [SM] Failed to load plugin "nextmap.smx": Nextmap is incompatible with this game.
L 06/30/2020 - 23:26:51: Error log file session closed.
L 06/30/2020 - 23:27:26: SourceMod error session started
L 06/30/2020 - 23:27:26: Info (map "yc_c4a1a") (file "D:\Games\steamapps\common\Black Mesa\bms\addons\sourcemod\logs\errors_20200630.log")
L 06/30/2020 - 23:27:26: [SM] Failed to load plugin "nextmap.smx": Nextmap is incompatible with this game.
L 06/30/2020 - 23:28:46: Error log file session closed.
L 06/30/2020 - 23:37:09: SourceMod error session started
L 06/30/2020 - 23:37:09: Info (map "yc_c4a1a") (file "D:\Games\steamapps\common\Black Mesa\bms\addons\sourcemod\logs\errors_20200630.log")
L 06/30/2020 - 23:37:09: [SM] Failed to load plugin "nextmap.smx": Nextmap is incompatible with this game.
L 06/30/2020 - 23:42:16: Error log file session closed.
L 06/30/2020 - 23:42:59: SourceMod error session started
L 06/30/2020 - 23:42:59: Info (map "yc_c4a1a") (file "D:\Games\steamapps\common\Black Mesa\bms\addons\sourcemod\logs\errors_20200630.log")
L 06/30/2020 - 23:42:59: [SM] Failed to load plugin "nextmap.smx": Nextmap is incompatible with this game.
L 06/30/2020 - 23:44:40: SourceMod error session started
L 06/30/2020 - 23:44:40: Info (map "yc_c4a1a") (file "D:\Games\steamapps\common\Black Mesa\bms\addons\sourcemod\logs\errors_20200630.log")
L 06/30/2020 - 23:44:40: [SM] Failed to load plugin "nextmap.smx": Nextmap is incompatible with this game.
L 06/30/2020 - 23:45:38: SourceMod error session started
L 06/30/2020 - 23:45:38: Info (map "yc_c4a1a") (file "D:\Games\steamapps\common\Black Mesa\bms\addons\sourcemod\logs\errors_20200630.log")
L 06/30/2020 - 23:45:38: [SM] Failed to load plugin "nextmap.smx": Nextmap is incompatible with this game.
L 06/30/2020 - 23:48:46: SourceMod error session started
L 06/30/2020 - 23:48:46: Info (map "yc_c4a1a") (file "D:\Games\steamapps\common\Black Mesa\bms\addons\sourcemod\logs\errors_20200630.log")
L 06/30/2020 - 23:48:46: [SM] Failed to load plugin "nextmap.smx": Nextmap is incompatible with this game.
L 06/30/2020 - 23:49:15: SourceMod error session started
L 06/30/2020 - 23:49:15: Info (map "yc_c4a1a") (file "D:\Games\steamapps\common\Black Mesa\bms\addons\sourcemod\logs\errors_20200630.log")
L 06/30/2020 - 23:49:15: [SM] Failed to load plugin "nextmap.smx": Nextmap is incompatible with this game.
L 06/30/2020 - 23:51:10: Error log file session closed.
L 06/30/2020 - 23:54:31: SourceMod error session started
L 06/30/2020 - 23:54:31: Info (map "yc_c4a1a") (file "D:\Games\steamapps\common\Black Mesa\bms\addons\sourcemod\logs\errors_20200630.log")
L 06/30/2020 - 23:54:31: [SM] Failed to load plugin "nextmap.smx": Nextmap is incompatible with this game.
L 06/30/2020 - 23:56:32: [SM] Exception reported: Script execution timed out
L 06/30/2020 - 23:56:32: [SM] Blaming: srccoop.smx
L 06/30/2020 - 23:56:32: [SM] Call stack trace:
L 06/30/2020 - 23:56:32: [SM]   [1] Line 14, E:\SteamLibrary\steamapps\common\Black Mesa Dedicated Server\bms\addons\sourcemod\scripting\SourceCoop\scripting\include\srccoop/entitypatch.inc::Hook_UTIL_GetLocalPlayer
L 06/30/2020 - 23:57:21: SourceMod error session started
L 06/30/2020 - 23:57:21: Info (map "yc_c3a2k") (file "D:\Games\steamapps\common\Black Mesa\bms\addons\sourcemod\logs\errors_20200630.log")
L 06/30/2020 - 23:57:21: [SM] Failed to load plugin "nextmap.smx": Nextmap is incompatible with this game.
L 07/01/2020 - 00:02:38: Error log file session closed.
