L 07/03/2020 - 07:09:48: SourceMod error session started
L 07/03/2020 - 07:09:48: Info (map "yc_c4a1c1") (file "D:\Games\steamapps\common\Black Mesa\bms\addons\sourcemod\logs\errors_20200703.log")
L 07/03/2020 - 07:09:48: [SM] Failed to load plugin "nextmap.smx": Nextmap is incompatible with this game.
L 07/03/2020 - 07:10:10: [UPDATER] --- BEGIN ERRORS FROM AUTOMATIC UPDATER ---
L 07/03/2020 - 07:10:10: [UPDATER] Could not download "http://update.sourcemod.net/update/"
L 07/03/2020 - 07:10:10: [UPDATER] Error: Could not resolve host: update.sourcemod.net; Host not found
L 07/03/2020 - 07:10:10: [UPDATER] --- END ERRORS FROM AUTOMATIC UPDATER ---
L 07/03/2020 - 07:10:59: Error log file session closed.
L 07/03/2020 - 13:27:04: SourceMod error session started
L 07/03/2020 - 13:27:04: Info (map "yc_c4a1c1") (file "D:\Games\steamapps\common\Black Mesa\bms\addons\sourcemod\logs\errors_20200703.log")
L 07/03/2020 - 13:27:04: [SM] Failed to load plugin "nextmap.smx": Nextmap is incompatible with this game.
L 07/03/2020 - 19:31:16: SourceMod error session started
L 07/03/2020 - 19:31:16: Info (map "yc_c4a2a") (file "D:\Games\steamapps\common\Black Mesa\bms\addons\sourcemod\logs\errors_20200703.log")
L 07/03/2020 - 19:31:16: [SM] Failed to load plugin "nextmap.smx": Nextmap is incompatible with this game.
L 07/03/2020 - 19:31:50: Error log file session closed.
L 07/03/2020 - 19:51:59: SourceMod error session started
L 07/03/2020 - 19:51:59: Info (map "yc_c4a2a") (file "D:\Games\steamapps\common\Black Mesa\bms\addons\sourcemod\logs\errors_20200703.log")
L 07/03/2020 - 19:51:59: [SM] Failed to load plugin "nextmap.smx": Nextmap is incompatible with this game.
L 07/03/2020 - 19:57:33: Error log file session closed.
L 07/03/2020 - 19:58:16: SourceMod error session started
L 07/03/2020 - 19:58:16: Info (map "yc_c4a2a") (file "D:\Games\steamapps\common\Black Mesa\bms\addons\sourcemod\logs\errors_20200703.log")
L 07/03/2020 - 19:58:16: [SM] Failed to load plugin "nextmap.smx": Nextmap is incompatible with this game.
L 07/03/2020 - 19:59:53: SourceMod error session started
L 07/03/2020 - 19:59:53: Info (map "yc_c4a2a") (file "D:\Games\steamapps\common\Black Mesa\bms\addons\sourcemod\logs\errors_20200703.log")
L 07/03/2020 - 19:59:53: [SM] Failed to load plugin "nextmap.smx": Nextmap is incompatible with this game.
L 07/03/2020 - 20:04:07: Error log file session closed.
L 07/03/2020 - 20:06:03: SourceMod error session started
L 07/03/2020 - 20:06:03: Info (map "yc_c4a2a") (file "D:\Games\steamapps\common\Black Mesa\bms\addons\sourcemod\logs\errors_20200703.log")
L 07/03/2020 - 20:06:03: [SM] Failed to load plugin "nextmap.smx": Nextmap is incompatible with this game.
L 07/03/2020 - 20:08:15: SourceMod error session started
L 07/03/2020 - 20:08:15: Info (map "yc_c4a2a") (file "D:\Games\steamapps\common\Black Mesa\bms\addons\sourcemod\logs\errors_20200703.log")
L 07/03/2020 - 20:08:15: [SM] Failed to load plugin "nextmap.smx": Nextmap is incompatible with this game.
L 07/03/2020 - 20:08:44: Error log file session closed.
L 07/03/2020 - 20:11:17: SourceMod error session started
L 07/03/2020 - 20:11:17: Info (map "yc_c4a2a") (file "D:\Games\steamapps\common\Black Mesa\bms\addons\sourcemod\logs\errors_20200703.log")
L 07/03/2020 - 20:11:17: [SM] Failed to load plugin "nextmap.smx": Nextmap is incompatible with this game.
L 07/03/2020 - 20:11:54: Error log file session closed.
L 07/03/2020 - 20:14:18: SourceMod error session started
L 07/03/2020 - 20:14:18: Info (map "yc_c4a2a") (file "D:\Games\steamapps\common\Black Mesa\bms\addons\sourcemod\logs\errors_20200703.log")
L 07/03/2020 - 20:14:18: [SM] Failed to load plugin "nextmap.smx": Nextmap is incompatible with this game.
L 07/03/2020 - 20:14:54: Error log file session closed.
L 07/03/2020 - 20:18:32: SourceMod error session started
L 07/03/2020 - 20:18:32: Info (map "yc_c4a2a") (file "D:\Games\steamapps\common\Black Mesa\bms\addons\sourcemod\logs\errors_20200703.log")
L 07/03/2020 - 20:18:32: [SM] Failed to load plugin "nextmap.smx": Nextmap is incompatible with this game.
L 07/03/2020 - 20:19:05: Error log file session closed.
L 07/03/2020 - 20:23:46: SourceMod error session started
L 07/03/2020 - 20:23:46: Info (map "yc_c4a2a") (file "D:\Games\steamapps\common\Black Mesa\bms\addons\sourcemod\logs\errors_20200703.log")
L 07/03/2020 - 20:23:46: [SM] Failed to load plugin "nextmap.smx": Nextmap is incompatible with this game.
L 07/03/2020 - 20:24:18: Error log file session closed.
L 07/03/2020 - 20:28:19: SourceMod error session started
L 07/03/2020 - 20:28:19: Info (map "yc_c4a2b") (file "D:\Games\steamapps\common\Black Mesa\bms\addons\sourcemod\logs\errors_20200703.log")
L 07/03/2020 - 20:28:19: [SM] Failed to load plugin "nextmap.smx": Nextmap is incompatible with this game.
L 07/03/2020 - 20:28:56: Error log file session closed.
L 07/03/2020 - 21:02:03: SourceMod error session started
L 07/03/2020 - 21:02:03: Info (map "yc_c4a2a") (file "D:\Games\steamapps\common\Black Mesa\bms\addons\sourcemod\logs\errors_20200703.log")
L 07/03/2020 - 21:02:03: [SM] Failed to load plugin "nextmap.smx": Nextmap is incompatible with this game.
L 07/03/2020 - 21:12:06: SourceMod error session started
L 07/03/2020 - 21:12:06: Info (map "yc_c4a1a_t") (file "D:\Games\steamapps\common\Black Mesa\bms\addons\sourcemod\logs\errors_20200703.log")
L 07/03/2020 - 21:12:06: [SM] Failed to load plugin "nextmap.smx": Nextmap is incompatible with this game.
L 07/03/2020 - 21:21:23: Error log file session closed.
L 07/03/2020 - 21:25:33: SourceMod error session started
L 07/03/2020 - 21:25:33: Info (map "yc_c4a1a_t") (file "D:\Games\steamapps\common\Black Mesa\bms\addons\sourcemod\logs\errors_20200703.log")
L 07/03/2020 - 21:25:33: [SM] Failed to load plugin "nextmap.smx": Nextmap is incompatible with this game.
L 07/03/2020 - 21:31:47: Error log file session closed.
L 07/03/2020 - 21:32:42: SourceMod error session started
L 07/03/2020 - 21:32:42: Info (map "yc_c4a1a_t") (file "D:\Games\steamapps\common\Black Mesa\bms\addons\sourcemod\logs\errors_20200703.log")
L 07/03/2020 - 21:32:42: [SM] Failed to load plugin "nextmap.smx": Nextmap is incompatible with this game.
L 07/03/2020 - 21:34:28: Error log file session closed.
L 07/03/2020 - 21:39:35: SourceMod error session started
L 07/03/2020 - 21:39:35: Info (map "yc_c4a1a_t") (file "D:\Games\steamapps\common\Black Mesa\bms\addons\sourcemod\logs\errors_20200703.log")
L 07/03/2020 - 21:39:35: [SM] Failed to load plugin "nextmap.smx": Nextmap is incompatible with this game.
L 07/03/2020 - 21:56:43: Error log file session closed.
L 07/03/2020 - 21:57:29: SourceMod error session started
L 07/03/2020 - 21:57:29: Info (map "yc_c4a1a_t") (file "D:\Games\steamapps\common\Black Mesa\bms\addons\sourcemod\logs\errors_20200703.log")
L 07/03/2020 - 21:57:29: [SM] Failed to load plugin "nextmap.smx": Nextmap is incompatible with this game.
L 07/03/2020 - 21:59:51: SourceMod error session started
L 07/03/2020 - 21:59:51: Info (map "yc_c4a1a_t") (file "D:\Games\steamapps\common\Black Mesa\bms\addons\sourcemod\logs\errors_20200703.log")
L 07/03/2020 - 21:59:51: [SM] Failed to load plugin "nextmap.smx": Nextmap is incompatible with this game.
L 07/03/2020 - 22:07:52: Error log file session closed.
L 07/03/2020 - 22:14:44: SourceMod error session started
L 07/03/2020 - 22:14:44: Info (map "yc_c4a2a") (file "D:\Games\steamapps\common\Black Mesa\bms\addons\sourcemod\logs\errors_20200703.log")
L 07/03/2020 - 22:14:44: [SM] Failed to load plugin "nextmap.smx": Nextmap is incompatible with this game.
L 07/03/2020 - 22:24:33: Error log file session closed.
L 07/03/2020 - 22:43:43: SourceMod error session started
L 07/03/2020 - 22:43:43: Info (map "yc_c4a2a") (file "D:\Games\steamapps\common\Black Mesa\bms\addons\sourcemod\logs\errors_20200703.log")
L 07/03/2020 - 22:43:43: [SM] Failed to load plugin "nextmap.smx": Nextmap is incompatible with this game.
L 07/03/2020 - 23:00:51: Error log file session closed.
L 07/03/2020 - 23:03:18: SourceMod error session started
L 07/03/2020 - 23:03:18: Info (map "bm_c4a2a") (file "D:\Games\steamapps\common\Black Mesa\bms\addons\sourcemod\logs\errors_20200703.log")
L 07/03/2020 - 23:03:18: [SM] Failed to load plugin "nextmap.smx": Nextmap is incompatible with this game.
L 07/03/2020 - 23:03:26: [SM] Exception reported: Could not get gamerules pointer
L 07/03/2020 - 23:03:26: [SM] Blaming: srccoop.smx
L 07/03/2020 - 23:03:26: [SM] Call stack trace:
L 07/03/2020 - 23:03:26: [SM]   [0] DHookGamerules
L 07/03/2020 - 23:03:26: [SM]   [1] Line 196, E:\SteamLibrary\steamapps\common\Black Mesa Dedicated Server\bms\addons\sourcemod\scripting\SourceCoop\scripting\srccoop.sp::OnMapStart
L 07/03/2020 - 23:04:29: Error log file session closed.
L 07/03/2020 - 23:04:29: SourceMod error session started
L 07/03/2020 - 23:04:29: Info (map "bm_c4a2a") (file "D:\Games\steamapps\common\Black Mesa\bms\addons\sourcemod\logs\errors_20200703.log")
L 07/03/2020 - 23:04:29: [SM] Exception reported: Could not get gamerules pointer
L 07/03/2020 - 23:04:29: [SM] Blaming: srccoop.smx
L 07/03/2020 - 23:04:29: [SM] Call stack trace:
L 07/03/2020 - 23:04:29: [SM]   [0] DHookGamerules
L 07/03/2020 - 23:04:29: [SM]   [1] Line 196, E:\SteamLibrary\steamapps\common\Black Mesa Dedicated Server\bms\addons\sourcemod\scripting\SourceCoop\scripting\srccoop.sp::OnMapStart
L 07/03/2020 - 23:05:55: Error log file session closed.
L 07/03/2020 - 23:06:30: SourceMod error session started
L 07/03/2020 - 23:06:30: Info (map "yc_c4a2a") (file "D:\Games\steamapps\common\Black Mesa\bms\addons\sourcemod\logs\errors_20200703.log")
L 07/03/2020 - 23:06:30: [SM] Failed to load plugin "nextmap.smx": Nextmap is incompatible with this game.
L 07/03/2020 - 23:10:25: Error log file session closed.
L 07/03/2020 - 23:40:15: SourceMod error session started
L 07/03/2020 - 23:40:15: Info (map "yc_c4a2a") (file "D:\Games\steamapps\common\Black Mesa\bms\addons\sourcemod\logs\errors_20200703.log")
L 07/03/2020 - 23:40:15: [SM] Failed to load plugin "nextmap.smx": Nextmap is incompatible with this game.
L 07/03/2020 - 23:47:59: Error log file session closed.
L 07/03/2020 - 23:53:17: SourceMod error session started
L 07/03/2020 - 23:53:17: Info (map "yc_c4a2a") (file "D:\Games\steamapps\common\Black Mesa\bms\addons\sourcemod\logs\errors_20200703.log")
L 07/03/2020 - 23:53:17: [SM] Failed to load plugin "nextmap.smx": Nextmap is incompatible with this game.
L 07/03/2020 - 23:57:20: Error log file session closed.
