L 06/19/2020 - 00:22:50: SourceMod error session started
L 06/19/2020 - 00:22:50: Info (map "yc_c1a4b") (file "D:\Games\steamapps\common\Black Mesa\bms\addons\sourcemod\logs\errors_20200619.log")
L 06/19/2020 - 00:22:50: [SM] Failed to load plugin "nextmap.smx": Nextmap is incompatible with this game.
L 06/19/2020 - 00:26:42: Error log file session closed.
L 06/19/2020 - 00:45:11: SourceMod error session started
L 06/19/2020 - 00:45:11: Info (map "yc_c1a4b") (file "D:\Games\steamapps\common\Black Mesa\bms\addons\sourcemod\logs\errors_20200619.log")
L 06/19/2020 - 00:45:11: [SM] Failed to load plugin "nextmap.smx": Nextmap is incompatible with this game.
L 06/19/2020 - 00:45:53: Error log file session closed.
L 06/19/2020 - 01:16:20: SourceMod error session started
L 06/19/2020 - 01:16:20: Info (map "yc_c1a4b") (file "D:\Games\steamapps\common\Black Mesa\bms\addons\sourcemod\logs\errors_20200619.log")
L 06/19/2020 - 01:16:20: [SM] Failed to load plugin "nextmap.smx": Nextmap is incompatible with this game.
L 06/19/2020 - 01:17:05: Error log file session closed.
L 06/19/2020 - 01:32:02: SourceMod error session started
L 06/19/2020 - 01:32:02: Info (map "yc_c1a4b") (file "D:\Games\steamapps\common\Black Mesa\bms\addons\sourcemod\logs\errors_20200619.log")
L 06/19/2020 - 01:32:02: [SM] Failed to load plugin "nextmap.smx": Nextmap is incompatible with this game.
L 06/19/2020 - 01:32:31: Error log file session closed.
L 06/19/2020 - 01:44:09: SourceMod error session started
L 06/19/2020 - 01:44:09: Info (map "yc_c1a4b") (file "D:\Games\steamapps\common\Black Mesa\bms\addons\sourcemod\logs\errors_20200619.log")
L 06/19/2020 - 01:44:09: [SM] Failed to load plugin "nextmap.smx": Nextmap is incompatible with this game.
L 06/19/2020 - 01:45:07: SourceMod error session started
L 06/19/2020 - 01:45:07: Info (map "yc_c1a4b") (file "D:\Games\steamapps\common\Black Mesa\bms\addons\sourcemod\logs\errors_20200619.log")
L 06/19/2020 - 01:45:07: [SM] Failed to load plugin "nextmap.smx": Nextmap is incompatible with this game.
L 06/19/2020 - 01:46:03: Error log file session closed.
L 06/19/2020 - 01:49:37: SourceMod error session started
L 06/19/2020 - 01:49:37: Info (map "yc_c1a4b") (file "D:\Games\steamapps\common\Black Mesa\bms\addons\sourcemod\logs\errors_20200619.log")
L 06/19/2020 - 01:49:37: [SM] Failed to load plugin "nextmap.smx": Nextmap is incompatible with this game.
L 06/19/2020 - 01:50:27: Error log file session closed.
L 06/19/2020 - 02:25:40: SourceMod error session started
L 06/19/2020 - 02:25:40: Info (map "yc_c1a4b") (file "D:\Games\steamapps\common\Black Mesa\bms\addons\sourcemod\logs\errors_20200619.log")
L 06/19/2020 - 02:25:40: [SM] Failed to load plugin "nextmap.smx": Nextmap is incompatible with this game.
L 06/19/2020 - 02:27:52: Error log file session closed.
L 06/19/2020 - 10:12:08: SourceMod error session started
L 06/19/2020 - 10:12:08: Info (map "yc_c1a4b") (file "D:\Games\steamapps\common\Black Mesa\bms\addons\sourcemod\logs\errors_20200619.log")
L 06/19/2020 - 10:12:08: [SM] Failed to load plugin "nextmap.smx": Nextmap is incompatible with this game.
L 06/19/2020 - 10:12:43: Error log file session closed.
L 06/19/2020 - 10:13:27: SourceMod error session started
L 06/19/2020 - 10:13:27: Info (map "yc_c1a4b") (file "D:\Games\steamapps\common\Black Mesa\bms\addons\sourcemod\logs\errors_20200619.log")
L 06/19/2020 - 10:13:27: [SM] Failed to load plugin "nextmap.smx": Nextmap is incompatible with this game.
L 06/19/2020 - 10:15:24: Error log file session closed.
L 06/19/2020 - 11:49:57: SourceMod error session started
L 06/19/2020 - 11:49:57: Info (map "yc_c1a4c") (file "D:\Games\steamapps\common\Black Mesa\bms\addons\sourcemod\logs\errors_20200619.log")
L 06/19/2020 - 11:49:57: [SM] Failed to load plugin "nextmap.smx": Nextmap is incompatible with this game.
L 06/19/2020 - 11:53:12: Error log file session closed.
L 06/19/2020 - 12:14:49: SourceMod error session started
L 06/19/2020 - 12:14:49: Info (map "yc_c1a4c") (file "D:\Games\steamapps\common\Black Mesa\bms\addons\sourcemod\logs\errors_20200619.log")
L 06/19/2020 - 12:14:49: [SM] Failed to load plugin "nextmap.smx": Nextmap is incompatible with this game.
L 06/19/2020 - 12:16:01: Error log file session closed.
L 06/19/2020 - 14:45:35: SourceMod error session started
L 06/19/2020 - 14:45:35: Info (map "yc_c1a4b") (file "D:\Games\steamapps\common\Black Mesa\bms\addons\sourcemod\logs\errors_20200619.log")
L 06/19/2020 - 14:45:35: [SM] Failed to load plugin "nextmap.smx": Nextmap is incompatible with this game.
L 06/19/2020 - 14:48:31: Error log file session closed.
L 06/19/2020 - 17:26:17: SourceMod error session started
L 06/19/2020 - 17:26:17: Info (map "yc_c1a4b") (file "D:\Games\steamapps\common\Black Mesa\bms\addons\sourcemod\logs\errors_20200619.log")
L 06/19/2020 - 17:26:17: [SM] Failed to load plugin "nextmap.smx": Nextmap is incompatible with this game.
L 06/19/2020 - 17:28:47: Error log file session closed.
L 06/19/2020 - 17:53:00: SourceMod error session started
L 06/19/2020 - 17:53:00: Info (map "yc_c1a4e") (file "D:\Games\steamapps\common\Black Mesa\bms\addons\sourcemod\logs\errors_20200619.log")
L 06/19/2020 - 17:53:00: [SM] Failed to load plugin "nextmap.smx": Nextmap is incompatible with this game.
L 06/19/2020 - 17:53:33: Error log file session closed.
L 06/19/2020 - 17:54:30: SourceMod error session started
L 06/19/2020 - 17:54:30: Info (map "yc_c1a4e") (file "D:\Games\steamapps\common\Black Mesa\bms\addons\sourcemod\logs\errors_20200619.log")
L 06/19/2020 - 17:54:30: [SM] Failed to load plugin "nextmap.smx": Nextmap is incompatible with this game.
L 06/19/2020 - 17:56:19: Error log file session closed.
L 06/19/2020 - 19:59:20: SourceMod error session started
L 06/19/2020 - 19:59:20: Info (map "yc_c1a4e") (file "D:\Games\steamapps\common\Black Mesa\bms\addons\sourcemod\logs\errors_20200619.log")
L 06/19/2020 - 19:59:20: [SM] Failed to load plugin "nextmap.smx": Nextmap is incompatible with this game.
L 06/19/2020 - 20:42:50: SourceMod error session started
L 06/19/2020 - 20:42:50: Info (map "bm_c2a1a") (file "D:\Games\steamapps\common\Black Mesa\bms\addons\sourcemod\logs\errors_20200619.log")
L 06/19/2020 - 20:42:50: [SM] Failed to load plugin "nextmap.smx": Nextmap is incompatible with this game.
L 06/19/2020 - 20:43:03: [SM] Exception reported: Could not get gamerules pointer
L 06/19/2020 - 20:43:03: [SM] Blaming: srccoop.smx
L 06/19/2020 - 20:43:03: [SM] Call stack trace:
L 06/19/2020 - 20:43:03: [SM]   [0] DHookGamerules
L 06/19/2020 - 20:43:03: [SM]   [1] Line 196, E:\SteamLibrary\steamapps\common\Black Mesa Dedicated Server\bms\addons\sourcemod\scripting\SourceCoop\scripting\srccoop.sp::OnMapStart
L 06/19/2020 - 20:47:08: Error log file session closed.
L 06/19/2020 - 20:47:08: SourceMod error session started
L 06/19/2020 - 20:47:08: Info (map "bm_c2a1a") (file "D:\Games\steamapps\common\Black Mesa\bms\addons\sourcemod\logs\errors_20200619.log")
L 06/19/2020 - 20:47:08: [SM] Exception reported: Could not get gamerules pointer
L 06/19/2020 - 20:47:08: [SM] Blaming: srccoop.smx
L 06/19/2020 - 20:47:08: [SM] Call stack trace:
L 06/19/2020 - 20:47:08: [SM]   [0] DHookGamerules
L 06/19/2020 - 20:47:08: [SM]   [1] Line 196, E:\SteamLibrary\steamapps\common\Black Mesa Dedicated Server\bms\addons\sourcemod\scripting\SourceCoop\scripting\srccoop.sp::OnMapStart
L 06/19/2020 - 21:51:33: Error log file session closed.
L 06/19/2020 - 21:52:49: SourceMod error session started
L 06/19/2020 - 21:52:49: Info (map "yc_c2a1a") (file "D:\Games\steamapps\common\Black Mesa\bms\addons\sourcemod\logs\errors_20200619.log")
L 06/19/2020 - 21:52:49: [SM] Failed to load plugin "nextmap.smx": Nextmap is incompatible with this game.
L 06/19/2020 - 21:54:14: Error log file session closed.
