L 06/23/2020 - 19:44:15: SourceMod error session started
L 06/23/2020 - 19:44:15: Info (map "yc_c2a4e") (file "D:\Games\steamapps\common\Black Mesa\bms\addons\sourcemod\logs\errors_20200623.log")
L 06/23/2020 - 19:44:15: [SM] Failed to load plugin "nextmap.smx": Nextmap is incompatible with this game.
L 06/23/2020 - 19:49:45: Error log file session closed.
L 06/23/2020 - 20:01:14: SourceMod error session started
L 06/23/2020 - 20:01:14: Info (map "xen_c4a1e") (file "D:\Games\steamapps\common\Black Mesa\bms\addons\sourcemod\logs\errors_20200623.log")
L 06/23/2020 - 20:01:14: [SM] Failed to load plugin "nextmap.smx": Nextmap is incompatible with this game.
L 06/23/2020 - 20:01:21: [SM] Exception reported: Could not get gamerules pointer
L 06/23/2020 - 20:01:21: [SM] Blaming: srccoop.smx
L 06/23/2020 - 20:01:21: [SM] Call stack trace:
L 06/23/2020 - 20:01:21: [SM]   [0] DHookGamerules
L 06/23/2020 - 20:01:21: [SM]   [1] Line 196, E:\SteamLibrary\steamapps\common\Black Mesa Dedicated Server\bms\addons\sourcemod\scripting\SourceCoop\scripting\srccoop.sp::OnMapStart
L 06/23/2020 - 20:01:49: Error log file session closed.
L 06/23/2020 - 20:01:51: SourceMod error session started
L 06/23/2020 - 20:01:51: Info (map "xen_c4a1a") (file "D:\Games\steamapps\common\Black Mesa\bms\addons\sourcemod\logs\errors_20200623.log")
L 06/23/2020 - 20:01:51: [SM] Exception reported: Could not get gamerules pointer
L 06/23/2020 - 20:01:51: [SM] Blaming: srccoop.smx
L 06/23/2020 - 20:01:51: [SM] Call stack trace:
L 06/23/2020 - 20:01:51: [SM]   [0] DHookGamerules
L 06/23/2020 - 20:01:51: [SM]   [1] Line 196, E:\SteamLibrary\steamapps\common\Black Mesa Dedicated Server\bms\addons\sourcemod\scripting\SourceCoop\scripting\srccoop.sp::OnMapStart
L 06/23/2020 - 20:02:03: Error log file session closed.
L 06/23/2020 - 20:02:04: SourceMod error session started
L 06/23/2020 - 20:02:04: Info (map "xen_c4a1") (file "D:\Games\steamapps\common\Black Mesa\bms\addons\sourcemod\logs\errors_20200623.log")
L 06/23/2020 - 20:02:04: [SM] Exception reported: Could not get gamerules pointer
L 06/23/2020 - 20:02:04: [SM] Blaming: srccoop.smx
L 06/23/2020 - 20:02:04: [SM] Call stack trace:
L 06/23/2020 - 20:02:04: [SM]   [0] DHookGamerules
L 06/23/2020 - 20:02:04: [SM]   [1] Line 196, E:\SteamLibrary\steamapps\common\Black Mesa Dedicated Server\bms\addons\sourcemod\scripting\SourceCoop\scripting\srccoop.sp::OnMapStart
L 06/23/2020 - 20:02:43: Error log file session closed.
L 06/23/2020 - 20:02:44: SourceMod error session started
L 06/23/2020 - 20:02:44: Info (map "xen_c4a1") (file "D:\Games\steamapps\common\Black Mesa\bms\addons\sourcemod\logs\errors_20200623.log")
L 06/23/2020 - 20:02:44: [SM] Exception reported: Could not get gamerules pointer
L 06/23/2020 - 20:02:44: [SM] Blaming: srccoop.smx
L 06/23/2020 - 20:02:44: [SM] Call stack trace:
L 06/23/2020 - 20:02:44: [SM]   [0] DHookGamerules
L 06/23/2020 - 20:02:44: [SM]   [1] Line 196, E:\SteamLibrary\steamapps\common\Black Mesa Dedicated Server\bms\addons\sourcemod\scripting\SourceCoop\scripting\srccoop.sp::OnMapStart
L 06/23/2020 - 20:03:03: Error log file session closed.
L 06/23/2020 - 20:03:03: SourceMod error session started
L 06/23/2020 - 20:03:03: Info (map "xen_c4a1") (file "D:\Games\steamapps\common\Black Mesa\bms\addons\sourcemod\logs\errors_20200623.log")
L 06/23/2020 - 20:03:03: [SM] Exception reported: Could not get gamerules pointer
L 06/23/2020 - 20:03:03: [SM] Blaming: srccoop.smx
L 06/23/2020 - 20:03:03: [SM] Call stack trace:
L 06/23/2020 - 20:03:03: [SM]   [0] DHookGamerules
L 06/23/2020 - 20:03:03: [SM]   [1] Line 196, E:\SteamLibrary\steamapps\common\Black Mesa Dedicated Server\bms\addons\sourcemod\scripting\SourceCoop\scripting\srccoop.sp::OnMapStart
L 06/23/2020 - 20:03:34: Error log file session closed.
L 06/23/2020 - 20:03:35: SourceMod error session started
L 06/23/2020 - 20:03:35: Info (map "xen_c4a1") (file "D:\Games\steamapps\common\Black Mesa\bms\addons\sourcemod\logs\errors_20200623.log")
L 06/23/2020 - 20:03:35: [SM] Exception reported: Could not get gamerules pointer
L 06/23/2020 - 20:03:35: [SM] Blaming: srccoop.smx
L 06/23/2020 - 20:03:35: [SM] Call stack trace:
L 06/23/2020 - 20:03:35: [SM]   [0] DHookGamerules
L 06/23/2020 - 20:03:35: [SM]   [1] Line 196, E:\SteamLibrary\steamapps\common\Black Mesa Dedicated Server\bms\addons\sourcemod\scripting\SourceCoop\scripting\srccoop.sp::OnMapStart
L 06/23/2020 - 20:05:51: Error log file session closed.
L 06/23/2020 - 20:05:53: SourceMod error session started
L 06/23/2020 - 20:05:53: Info (map "xen_c4a2") (file "D:\Games\steamapps\common\Black Mesa\bms\addons\sourcemod\logs\errors_20200623.log")
L 06/23/2020 - 20:05:53: [SM] Exception reported: Could not get gamerules pointer
L 06/23/2020 - 20:05:53: [SM] Blaming: srccoop.smx
L 06/23/2020 - 20:05:53: [SM] Call stack trace:
L 06/23/2020 - 20:05:53: [SM]   [0] DHookGamerules
L 06/23/2020 - 20:05:53: [SM]   [1] Line 196, E:\SteamLibrary\steamapps\common\Black Mesa Dedicated Server\bms\addons\sourcemod\scripting\SourceCoop\scripting\srccoop.sp::OnMapStart
L 06/23/2020 - 20:07:03: Error log file session closed.
L 06/23/2020 - 20:07:03: SourceMod error session started
L 06/23/2020 - 20:07:03: Info (map "xen_c4a2") (file "D:\Games\steamapps\common\Black Mesa\bms\addons\sourcemod\logs\errors_20200623.log")
L 06/23/2020 - 20:07:03: [SM] Exception reported: Could not get gamerules pointer
L 06/23/2020 - 20:07:03: [SM] Blaming: srccoop.smx
L 06/23/2020 - 20:07:03: [SM] Call stack trace:
L 06/23/2020 - 20:07:03: [SM]   [0] DHookGamerules
L 06/23/2020 - 20:07:03: [SM]   [1] Line 196, E:\SteamLibrary\steamapps\common\Black Mesa Dedicated Server\bms\addons\sourcemod\scripting\SourceCoop\scripting\srccoop.sp::OnMapStart
L 06/23/2020 - 20:07:43: Error log file session closed.
L 06/23/2020 - 20:07:43: SourceMod error session started
L 06/23/2020 - 20:07:43: Info (map "xen_c4a2") (file "D:\Games\steamapps\common\Black Mesa\bms\addons\sourcemod\logs\errors_20200623.log")
L 06/23/2020 - 20:07:43: [SM] Exception reported: Could not get gamerules pointer
L 06/23/2020 - 20:07:43: [SM] Blaming: srccoop.smx
L 06/23/2020 - 20:07:43: [SM] Call stack trace:
L 06/23/2020 - 20:07:43: [SM]   [0] DHookGamerules
L 06/23/2020 - 20:07:43: [SM]   [1] Line 196, E:\SteamLibrary\steamapps\common\Black Mesa Dedicated Server\bms\addons\sourcemod\scripting\SourceCoop\scripting\srccoop.sp::OnMapStart
L 06/23/2020 - 20:08:16: Error log file session closed.
L 06/23/2020 - 20:10:28: SourceMod error session started
L 06/23/2020 - 20:10:28: Info (map "bm_c4a2a") (file "D:\Games\steamapps\common\Black Mesa\bms\addons\sourcemod\logs\errors_20200623.log")
L 06/23/2020 - 20:10:28: [SM] Exception reported: Couldn't find gamerules proxy entity
L 06/23/2020 - 20:10:28: [SM] Blaming: srccoop.smx
L 06/23/2020 - 20:10:28: [SM] Call stack trace:
L 06/23/2020 - 20:10:28: [SM]   [0] GameRules_SetProp
L 06/23/2020 - 20:10:28: [SM]   [1] Line 789, E:\SteamLibrary\steamapps\common\Black Mesa Dedicated Server\bms\addons\sourcemod\scripting\SourceCoop\scripting\include\srccoop/classdef.inc::CBM_MP_GameRules.SetStateIsInIntermission
L 06/23/2020 - 20:10:28: [SM]   [2] Line 185, E:\SteamLibrary\steamapps\common\Black Mesa Dedicated Server\bms\addons\sourcemod\scripting\SourceCoop\scripting\include\srccoop/manager.inc::CoopManager::OnMapStart
L 06/23/2020 - 20:10:28: [SM]   [3] Line 195, E:\SteamLibrary\steamapps\common\Black Mesa Dedicated Server\bms\addons\sourcemod\scripting\SourceCoop\scripting\srccoop.sp::OnMapStart
L 06/23/2020 - 20:10:30: [SM] Exception reported: Couldn't find gamerules proxy entity.
L 06/23/2020 - 20:10:30: [SM] Blaming: srccoop.smx
L 06/23/2020 - 20:10:30: [SM] Call stack trace:
L 06/23/2020 - 20:10:30: [SM]   [0] GameRules_SetPropFloat
L 06/23/2020 - 20:10:30: [SM]   [1] Line 774, E:\SteamLibrary\steamapps\common\Black Mesa Dedicated Server\bms\addons\sourcemod\scripting\SourceCoop\scripting\include\srccoop/classdef.inc::CBM_MP_GameRules.SetStateEndTime
L 06/23/2020 - 20:10:30: [SM]   [2] Line 278, E:\SteamLibrary\steamapps\common\Black Mesa Dedicated Server\bms\addons\sourcemod\scripting\SourceCoop\scripting\include\srccoop/manager.inc::CoopManager::Start
L 06/23/2020 - 20:10:30: [SM]   [3] Line 248, E:\SteamLibrary\steamapps\common\Black Mesa Dedicated Server\bms\addons\sourcemod\scripting\SourceCoop\scripting\include\srccoop/manager.inc::CoopManager::CheckStart
L 06/23/2020 - 20:10:30: [SM]   [4] Line 226, E:\SteamLibrary\steamapps\common\Black Mesa Dedicated Server\bms\addons\sourcemod\scripting\SourceCoop\scripting\include\srccoop/manager.inc::CoopManager::OnPlayerSpawned
L 06/23/2020 - 20:10:30: [SM]   [5] Line 484, E:\SteamLibrary\steamapps\common\Black Mesa Dedicated Server\bms\addons\sourcemod\scripting\SourceCoop\scripting\srccoop.sp::Event_PlayerSpawnPost
L 06/23/2020 - 20:11:29: Error log file session closed.
L 06/23/2020 - 20:12:01: SourceMod error session started
L 06/23/2020 - 20:12:01: Info (map "bm_c4a2a") (file "D:\Games\steamapps\common\Black Mesa\bms\addons\sourcemod\logs\errors_20200623.log")
L 06/23/2020 - 20:12:01: [SM] Failed to load plugin "nextmap.smx": Nextmap is incompatible with this game.
L 06/23/2020 - 20:20:41: SourceMod error session started
L 06/23/2020 - 20:20:41: Info (map "bm_c4a2a_d") (file "D:\Games\steamapps\common\Black Mesa\bms\addons\sourcemod\logs\errors_20200623.log")
L 06/23/2020 - 20:20:41: [SM] Failed to load plugin "nextmap.smx": Nextmap is incompatible with this game.
L 06/23/2020 - 20:20:48: [SM] Exception reported: Could not get gamerules pointer
L 06/23/2020 - 20:20:48: [SM] Blaming: srccoop.smx
L 06/23/2020 - 20:20:48: [SM] Call stack trace:
L 06/23/2020 - 20:20:48: [SM]   [0] DHookGamerules
L 06/23/2020 - 20:20:48: [SM]   [1] Line 196, E:\SteamLibrary\steamapps\common\Black Mesa Dedicated Server\bms\addons\sourcemod\scripting\SourceCoop\scripting\srccoop.sp::OnMapStart
L 06/23/2020 - 20:21:22: Error log file session closed.
L 06/23/2020 - 20:23:22: SourceMod error session started
L 06/23/2020 - 20:23:22: Info (map "bm_c4a2a_d") (file "D:\Games\steamapps\common\Black Mesa\bms\addons\sourcemod\logs\errors_20200623.log")
L 06/23/2020 - 20:23:22: [SM] Failed to load plugin "nextmap.smx": Nextmap is incompatible with this game.
L 06/23/2020 - 20:25:26: SourceMod error session started
L 06/23/2020 - 20:25:26: Info (map "bm_c4a2a_d") (file "D:\Games\steamapps\common\Black Mesa\bms\addons\sourcemod\logs\errors_20200623.log")
L 06/23/2020 - 20:25:26: [SM] Failed to load plugin "nextmap.smx": Nextmap is incompatible with this game.
L 06/23/2020 - 20:25:28: [SM] Exception reported: Could not get gamerules pointer
L 06/23/2020 - 20:25:28: [SM] Blaming: srccoop.smx
L 06/23/2020 - 20:25:28: [SM] Call stack trace:
L 06/23/2020 - 20:25:28: [SM]   [0] DHookGamerules
L 06/23/2020 - 20:25:28: [SM]   [1] Line 196, E:\SteamLibrary\steamapps\common\Black Mesa Dedicated Server\bms\addons\sourcemod\scripting\SourceCoop\scripting\srccoop.sp::OnMapStart
L 06/23/2020 - 20:30:38: SourceMod error session started
L 06/23/2020 - 20:30:38: Info (map "bm_c4a2a_d") (file "D:\Games\steamapps\common\Black Mesa\bms\addons\sourcemod\logs\errors_20200623.log")
L 06/23/2020 - 20:30:38: [SM] Failed to load plugin "nextmap.smx": Nextmap is incompatible with this game.
L 06/23/2020 - 20:30:41: [SM] Exception reported: Couldn't find gamerules proxy entity
L 06/23/2020 - 20:30:41: [SM] Blaming: srccoop.smx
L 06/23/2020 - 20:30:41: [SM] Call stack trace:
L 06/23/2020 - 20:30:41: [SM]   [0] GameRules_SetProp
L 06/23/2020 - 20:30:41: [SM]   [1] Line 789, E:\SteamLibrary\steamapps\common\Black Mesa Dedicated Server\bms\addons\sourcemod\scripting\SourceCoop\scripting\include\srccoop/classdef.inc::CBM_MP_GameRules.SetStateIsInIntermission
L 06/23/2020 - 20:30:41: [SM]   [2] Line 185, E:\SteamLibrary\steamapps\common\Black Mesa Dedicated Server\bms\addons\sourcemod\scripting\SourceCoop\scripting\include\srccoop/manager.inc::CoopManager::OnMapStart
L 06/23/2020 - 20:30:41: [SM]   [3] Line 195, E:\SteamLibrary\steamapps\common\Black Mesa Dedicated Server\bms\addons\sourcemod\scripting\SourceCoop\scripting\srccoop.sp::OnMapStart
L 06/23/2020 - 20:36:10: SourceMod error session started
L 06/23/2020 - 20:36:10: Info (map "bm_c4a2a_d") (file "D:\Games\steamapps\common\Black Mesa\bms\addons\sourcemod\logs\errors_20200623.log")
L 06/23/2020 - 20:36:10: [SM] Failed to load plugin "nextmap.smx": Nextmap is incompatible with this game.
L 06/23/2020 - 20:36:12: [SM] Exception reported: Couldn't find gamerules proxy entity
L 06/23/2020 - 20:36:12: [SM] Blaming: srccoop.smx
L 06/23/2020 - 20:36:12: [SM] Call stack trace:
L 06/23/2020 - 20:36:12: [SM]   [0] GameRules_SetProp
L 06/23/2020 - 20:36:12: [SM]   [1] Line 789, E:\SteamLibrary\steamapps\common\Black Mesa Dedicated Server\bms\addons\sourcemod\scripting\SourceCoop\scripting\include\srccoop/classdef.inc::CBM_MP_GameRules.SetStateIsInIntermission
L 06/23/2020 - 20:36:12: [SM]   [2] Line 185, E:\SteamLibrary\steamapps\common\Black Mesa Dedicated Server\bms\addons\sourcemod\scripting\SourceCoop\scripting\include\srccoop/manager.inc::CoopManager::OnMapStart
L 06/23/2020 - 20:36:12: [SM]   [3] Line 195, E:\SteamLibrary\steamapps\common\Black Mesa Dedicated Server\bms\addons\sourcemod\scripting\SourceCoop\scripting\srccoop.sp::OnMapStart
L 06/23/2020 - 20:39:54: SourceMod error session started
L 06/23/2020 - 20:39:54: Info (map "bm_c4a2a_d") (file "D:\Games\steamapps\common\Black Mesa\bms\addons\sourcemod\logs\errors_20200623.log")
L 06/23/2020 - 20:39:54: [SM] Failed to load plugin "nextmap.smx": Nextmap is incompatible with this game.
L 06/23/2020 - 20:39:57: [SM] Exception reported: Couldn't find gamerules proxy entity
L 06/23/2020 - 20:39:57: [SM] Blaming: srccoop.smx
L 06/23/2020 - 20:39:57: [SM] Call stack trace:
L 06/23/2020 - 20:39:57: [SM]   [0] GameRules_SetProp
L 06/23/2020 - 20:39:57: [SM]   [1] Line 789, E:\SteamLibrary\steamapps\common\Black Mesa Dedicated Server\bms\addons\sourcemod\scripting\SourceCoop\scripting\include\srccoop/classdef.inc::CBM_MP_GameRules.SetStateIsInIntermission
L 06/23/2020 - 20:39:57: [SM]   [2] Line 185, E:\SteamLibrary\steamapps\common\Black Mesa Dedicated Server\bms\addons\sourcemod\scripting\SourceCoop\scripting\include\srccoop/manager.inc::CoopManager::OnMapStart
L 06/23/2020 - 20:39:57: [SM]   [3] Line 195, E:\SteamLibrary\steamapps\common\Black Mesa Dedicated Server\bms\addons\sourcemod\scripting\SourceCoop\scripting\srccoop.sp::OnMapStart
L 06/23/2020 - 20:43:11: SourceMod error session started
L 06/23/2020 - 20:43:11: Info (map "bm_c4a2a_d") (file "D:\Games\steamapps\common\Black Mesa\bms\addons\sourcemod\logs\errors_20200623.log")
L 06/23/2020 - 20:43:11: [SM] Failed to load plugin "nextmap.smx": Nextmap is incompatible with this game.
L 06/23/2020 - 20:43:13: [SM] Exception reported: Couldn't find gamerules proxy entity
L 06/23/2020 - 20:43:13: [SM] Blaming: srccoop.smx
L 06/23/2020 - 20:43:13: [SM] Call stack trace:
L 06/23/2020 - 20:43:13: [SM]   [0] GameRules_SetProp
L 06/23/2020 - 20:43:13: [SM]   [1] Line 789, E:\SteamLibrary\steamapps\common\Black Mesa Dedicated Server\bms\addons\sourcemod\scripting\SourceCoop\scripting\include\srccoop/classdef.inc::CBM_MP_GameRules.SetStateIsInIntermission
L 06/23/2020 - 20:43:13: [SM]   [2] Line 185, E:\SteamLibrary\steamapps\common\Black Mesa Dedicated Server\bms\addons\sourcemod\scripting\SourceCoop\scripting\include\srccoop/manager.inc::CoopManager::OnMapStart
L 06/23/2020 - 20:43:13: [SM]   [3] Line 195, E:\SteamLibrary\steamapps\common\Black Mesa Dedicated Server\bms\addons\sourcemod\scripting\SourceCoop\scripting\srccoop.sp::OnMapStart
L 06/23/2020 - 20:44:09: SourceMod error session started
L 06/23/2020 - 20:44:09: Info (map "bm_c4a2a_d") (file "D:\Games\steamapps\common\Black Mesa\bms\addons\sourcemod\logs\errors_20200623.log")
L 06/23/2020 - 20:44:09: [SM] Failed to load plugin "nextmap.smx": Nextmap is incompatible with this game.
L 06/23/2020 - 20:48:05: SourceMod error session started
L 06/23/2020 - 20:48:05: Info (map "bm_c4a2a_d") (file "D:\Games\steamapps\common\Black Mesa\bms\addons\sourcemod\logs\errors_20200623.log")
L 06/23/2020 - 20:48:05: [SM] Failed to load plugin "nextmap.smx": Nextmap is incompatible with this game.
L 06/23/2020 - 20:51:03: SourceMod error session started
L 06/23/2020 - 20:51:03: Info (map "bm_c4a2a_d") (file "D:\Games\steamapps\common\Black Mesa\bms\addons\sourcemod\logs\errors_20200623.log")
L 06/23/2020 - 20:51:03: [SM] Failed to load plugin "nextmap.smx": Nextmap is incompatible with this game.
L 06/23/2020 - 21:04:12: SourceMod error session started
L 06/23/2020 - 21:04:12: Info (map "bm_c4a2a_d") (file "D:\Games\steamapps\common\Black Mesa\bms\addons\sourcemod\logs\errors_20200623.log")
L 06/23/2020 - 21:04:12: [SM] Failed to load plugin "nextmap.smx": Nextmap is incompatible with this game.
L 06/23/2020 - 21:11:01: Error log file session closed.
L 06/23/2020 - 21:31:49: SourceMod error session started
L 06/23/2020 - 21:31:49: Info (map "yc_c2a4f") (file "D:\Games\steamapps\common\Black Mesa\bms\addons\sourcemod\logs\errors_20200623.log")
L 06/23/2020 - 21:31:49: [SM] Failed to load plugin "nextmap.smx": Nextmap is incompatible with this game.
L 06/23/2020 - 21:32:36: Error log file session closed.
L 06/23/2020 - 21:34:35: SourceMod error session started
L 06/23/2020 - 21:34:35: Info (map "yc_c2a4f") (file "D:\Games\steamapps\common\Black Mesa\bms\addons\sourcemod\logs\errors_20200623.log")
L 06/23/2020 - 21:34:35: [SM] Failed to load plugin "nextmap.smx": Nextmap is incompatible with this game.
L 06/23/2020 - 21:39:30: Error log file session closed.
L 06/23/2020 - 22:11:31: SourceMod error session started
L 06/23/2020 - 22:11:31: Info (map "yc_c2a4f") (file "D:\Games\steamapps\common\Black Mesa\bms\addons\sourcemod\logs\errors_20200623.log")
L 06/23/2020 - 22:11:31: [SM] Failed to load plugin "nextmap.smx": Nextmap is incompatible with this game.
L 06/23/2020 - 22:16:31: Error log file session closed.
L 06/23/2020 - 22:40:36: SourceMod error session started
L 06/23/2020 - 22:40:36: Info (map "yc_c2a4e1") (file "D:\Games\steamapps\common\Black Mesa\bms\addons\sourcemod\logs\errors_20200623.log")
L 06/23/2020 - 22:40:36: [SM] Failed to load plugin "nextmap.smx": Nextmap is incompatible with this game.
L 06/23/2020 - 22:41:34: Error log file session closed.
L 06/23/2020 - 22:45:12: SourceMod error session started
L 06/23/2020 - 22:45:12: Info (map "yc_c2a4e1") (file "D:\Games\steamapps\common\Black Mesa\bms\addons\sourcemod\logs\errors_20200623.log")
L 06/23/2020 - 22:45:12: [SM] Failed to load plugin "nextmap.smx": Nextmap is incompatible with this game.
L 06/23/2020 - 22:56:33: Error log file session closed.
