L 06/18/2020 - 00:29:32: SourceMod error session started
L 06/18/2020 - 00:29:32: Info (map "yc_c1a2c") (file "D:\Games\steamapps\common\Black Mesa\bms\addons\sourcemod\logs\errors_20200618.log")
L 06/18/2020 - 00:29:32: [SM] Failed to load plugin "nextmap.smx": Nextmap is incompatible with this game.
L 06/18/2020 - 00:37:54: Error log file session closed.
L 06/18/2020 - 01:24:36: SourceMod error session started
L 06/18/2020 - 01:24:36: Info (map "yc_c1a3a") (file "D:\Games\steamapps\common\Black Mesa\bms\addons\sourcemod\logs\errors_20200618.log")
L 06/18/2020 - 01:24:36: [SM] Failed to load plugin "nextmap.smx": Nextmap is incompatible with this game.
L 06/18/2020 - 01:28:34: Error log file session closed.
L 06/18/2020 - 02:12:16: SourceMod error session started
L 06/18/2020 - 02:12:16: Info (map "yc_c1a3a") (file "D:\Games\steamapps\common\Black Mesa\bms\addons\sourcemod\logs\errors_20200618.log")
L 06/18/2020 - 02:12:16: [SM] Failed to load plugin "nextmap.smx": Nextmap is incompatible with this game.
L 06/18/2020 - 02:18:53: Error log file session closed.
L 06/18/2020 - 09:22:50: SourceMod error session started
L 06/18/2020 - 09:22:50: Info (map "yc_c1a3a") (file "D:\Games\steamapps\common\Black Mesa\bms\addons\sourcemod\logs\errors_20200618.log")
L 06/18/2020 - 09:22:50: [SM] Failed to load plugin "nextmap.smx": Nextmap is incompatible with this game.
L 06/18/2020 - 09:29:50: Error log file session closed.
L 06/18/2020 - 10:30:50: SourceMod error session started
L 06/18/2020 - 10:30:50: Info (map "yc_c1a3b") (file "D:\Games\steamapps\common\Black Mesa\bms\addons\sourcemod\logs\errors_20200618.log")
L 06/18/2020 - 10:30:50: [SM] Failed to load plugin "nextmap.smx": Nextmap is incompatible with this game.
L 06/18/2020 - 10:56:24: Error log file session closed.
L 06/18/2020 - 10:57:23: SourceMod error session started
L 06/18/2020 - 10:57:23: Info (map "yc_c1a3c") (file "D:\Games\steamapps\common\Black Mesa\bms\addons\sourcemod\logs\errors_20200618.log")
L 06/18/2020 - 10:57:23: [SM] Failed to load plugin "nextmap.smx": Nextmap is incompatible with this game.
L 06/18/2020 - 11:01:01: Error log file session closed.
L 06/18/2020 - 12:29:48: SourceMod error session started
L 06/18/2020 - 12:29:48: Info (map "yc_c1a3c") (file "D:\Games\steamapps\common\Black Mesa\bms\addons\sourcemod\logs\errors_20200618.log")
L 06/18/2020 - 12:29:48: [SM] Failed to load plugin "nextmap.smx": Nextmap is incompatible with this game.
L 06/18/2020 - 12:40:04: SourceMod error session started
L 06/18/2020 - 12:40:04: Info (map "bmc_c1a3c") (file "D:\Games\steamapps\common\Black Mesa\bms\addons\sourcemod\logs\errors_20200618.log")
L 06/18/2020 - 12:40:04: [SM] Failed to load plugin "nextmap.smx": Nextmap is incompatible with this game.
L 06/18/2020 - 12:46:49: Error log file session closed.
L 06/18/2020 - 13:22:37: SourceMod error session started
L 06/18/2020 - 13:22:37: Info (map "bmc_c1a3c") (file "D:\Games\steamapps\common\Black Mesa\bms\addons\sourcemod\logs\errors_20200618.log")
L 06/18/2020 - 13:22:37: [SM] Failed to load plugin "nextmap.smx": Nextmap is incompatible with this game.
L 06/18/2020 - 13:23:23: Error log file session closed.
L 06/18/2020 - 15:23:45: SourceMod error session started
L 06/18/2020 - 15:23:45: Info (map "yc_c1a3c") (file "D:\Games\steamapps\common\Black Mesa\bms\addons\sourcemod\logs\errors_20200618.log")
L 06/18/2020 - 15:23:45: [SM] Failed to load plugin "nextmap.smx": Nextmap is incompatible with this game.
L 06/18/2020 - 16:32:57: SourceMod error session started
L 06/18/2020 - 16:32:57: Info (map "yc_c1a3c") (file "D:\Games\steamapps\common\Black Mesa\bms\addons\sourcemod\logs\errors_20200618.log")
L 06/18/2020 - 16:32:57: [SM] Failed to load plugin "nextmap.smx": Nextmap is incompatible with this game.
L 06/18/2020 - 17:29:09: SourceMod error session started
L 06/18/2020 - 17:29:09: Info (map "yc_c1a4a") (file "D:\Games\steamapps\common\Black Mesa\bms\addons\sourcemod\logs\errors_20200618.log")
L 06/18/2020 - 17:29:09: [SM] Failed to load plugin "nextmap.smx": Nextmap is incompatible with this game.
L 06/18/2020 - 17:29:56: Error log file session closed.
L 06/18/2020 - 19:43:52: SourceMod error session started
L 06/18/2020 - 19:43:52: Info (map "yc_c1a4a") (file "D:\Games\steamapps\common\Black Mesa\bms\addons\sourcemod\logs\errors_20200618.log")
L 06/18/2020 - 19:43:52: [SM] Failed to load plugin "nextmap.smx": Nextmap is incompatible with this game.
L 06/18/2020 - 19:44:55: Error log file session closed.
L 06/18/2020 - 19:45:37: SourceMod error session started
L 06/18/2020 - 19:45:37: Info (map "yc_c1a4a") (file "D:\Games\steamapps\common\Black Mesa\bms\addons\sourcemod\logs\errors_20200618.log")
L 06/18/2020 - 19:45:37: [SM] Failed to load plugin "nextmap.smx": Nextmap is incompatible with this game.
L 06/18/2020 - 19:46:22: Error log file session closed.
L 06/18/2020 - 20:43:10: SourceMod error session started
L 06/18/2020 - 20:43:10: Info (map "yc_c1a4a") (file "D:\Games\steamapps\common\Black Mesa\bms\addons\sourcemod\logs\errors_20200618.log")
L 06/18/2020 - 20:43:10: [SM] Failed to load plugin "nextmap.smx": Nextmap is incompatible with this game.
L 06/18/2020 - 20:50:17: Error log file session closed.
L 06/18/2020 - 22:52:57: SourceMod error session started
L 06/18/2020 - 22:52:57: Info (map "yc_c1a4a") (file "D:\Games\steamapps\common\Black Mesa\bms\addons\sourcemod\logs\errors_20200618.log")
L 06/18/2020 - 22:52:57: [SM] Failed to load plugin "nextmap.smx": Nextmap is incompatible with this game.
L 06/18/2020 - 22:58:11: [SM] Exception reported: Array index out-of-bounds (index -1, limit 66)
L 06/18/2020 - 22:58:11: [SM] Blaming: srccoop.smx
L 06/18/2020 - 22:58:11: [SM] Call stack trace:
L 06/18/2020 - 22:58:11: [SM]   [1] Line 38, E:\SteamLibrary\steamapps\common\Black Mesa Dedicated Server\bms\addons\sourcemod\scripting\SourceCoop\scripting\include\srccoop/instancing.inc::ItemInstancingManager::HasPickedUpItem
L 06/18/2020 - 22:58:11: [SM]   [2] Line 108, E:\SteamLibrary\steamapps\common\Black Mesa Dedicated Server\bms\addons\sourcemod\scripting\SourceCoop\scripting\include\srccoop/instancing.inc::Hook_Instancing_ItemTransmit
L 06/18/2020 - 22:58:11: [SM] Exception reported: Array index out-of-bounds (index -1, limit 66)
L 06/18/2020 - 22:58:11: [SM] Blaming: srccoop.smx
L 06/18/2020 - 22:58:11: [SM] Call stack trace:
L 06/18/2020 - 22:58:11: [SM]   [1] Line 38, E:\SteamLibrary\steamapps\common\Black Mesa Dedicated Server\bms\addons\sourcemod\scripting\SourceCoop\scripting\include\srccoop/instancing.inc::ItemInstancingManager::HasPickedUpItem
L 06/18/2020 - 22:58:11: [SM]   [2] Line 108, E:\SteamLibrary\steamapps\common\Black Mesa Dedicated Server\bms\addons\sourcemod\scripting\SourceCoop\scripting\include\srccoop/instancing.inc::Hook_Instancing_ItemTransmit
L 06/18/2020 - 22:58:11: [SM] Exception reported: Array index out-of-bounds (index -1, limit 66)
L 06/18/2020 - 22:58:11: [SM] Blaming: srccoop.smx
L 06/18/2020 - 22:58:11: [SM] Call stack trace:
L 06/18/2020 - 22:58:11: [SM]   [1] Line 38, E:\SteamLibrary\steamapps\common\Black Mesa Dedicated Server\bms\addons\sourcemod\scripting\SourceCoop\scripting\include\srccoop/instancing.inc::ItemInstancingManager::HasPickedUpItem
L 06/18/2020 - 22:58:11: [SM]   [2] Line 108, E:\SteamLibrary\steamapps\common\Black Mesa Dedicated Server\bms\addons\sourcemod\scripting\SourceCoop\scripting\include\srccoop/instancing.inc::Hook_Instancing_ItemTransmit
L 06/18/2020 - 22:58:11: [SM] Exception reported: Array index out-of-bounds (index -1, limit 66)
L 06/18/2020 - 22:58:11: [SM] Blaming: srccoop.smx
L 06/18/2020 - 22:58:11: [SM] Call stack trace:
L 06/18/2020 - 22:58:11: [SM]   [1] Line 38, E:\SteamLibrary\steamapps\common\Black Mesa Dedicated Server\bms\addons\sourcemod\scripting\SourceCoop\scripting\include\srccoop/instancing.inc::ItemInstancingManager::HasPickedUpItem
L 06/18/2020 - 22:58:11: [SM]   [2] Line 108, E:\SteamLibrary\steamapps\common\Black Mesa Dedicated Server\bms\addons\sourcemod\scripting\SourceCoop\scripting\include\srccoop/instancing.inc::Hook_Instancing_ItemTransmit
L 06/18/2020 - 22:58:11: [SM] Exception reported: Array index out-of-bounds (index -1, limit 66)
L 06/18/2020 - 22:58:11: [SM] Blaming: srccoop.smx
L 06/18/2020 - 22:58:11: [SM] Call stack trace:
L 06/18/2020 - 22:58:11: [SM]   [1] Line 38, E:\SteamLibrary\steamapps\common\Black Mesa Dedicated Server\bms\addons\sourcemod\scripting\SourceCoop\scripting\include\srccoop/instancing.inc::ItemInstancingManager::HasPickedUpItem
L 06/18/2020 - 22:58:11: [SM]   [2] Line 108, E:\SteamLibrary\steamapps\common\Black Mesa Dedicated Server\bms\addons\sourcemod\scripting\SourceCoop\scripting\include\srccoop/instancing.inc::Hook_Instancing_ItemTransmit
L 06/18/2020 - 22:58:11: [SM] Exception reported: Array index out-of-bounds (index -1, limit 66)
L 06/18/2020 - 22:58:11: [SM] Blaming: srccoop.smx
L 06/18/2020 - 22:58:11: [SM] Call stack trace:
L 06/18/2020 - 22:58:11: [SM]   [1] Line 38, E:\SteamLibrary\steamapps\common\Black Mesa Dedicated Server\bms\addons\sourcemod\scripting\SourceCoop\scripting\include\srccoop/instancing.inc::ItemInstancingManager::HasPickedUpItem
L 06/18/2020 - 22:58:11: [SM]   [2] Line 108, E:\SteamLibrary\steamapps\common\Black Mesa Dedicated Server\bms\addons\sourcemod\scripting\SourceCoop\scripting\include\srccoop/instancing.inc::Hook_Instancing_ItemTransmit
L 06/18/2020 - 22:58:11: [SM] Exception reported: Array index out-of-bounds (index -1, limit 66)
L 06/18/2020 - 22:58:11: [SM] Blaming: srccoop.smx
L 06/18/2020 - 22:58:11: [SM] Call stack trace:
L 06/18/2020 - 22:58:11: [SM]   [1] Line 38, E:\SteamLibrary\steamapps\common\Black Mesa Dedicated Server\bms\addons\sourcemod\scripting\SourceCoop\scripting\include\srccoop/instancing.inc::ItemInstancingManager::HasPickedUpItem
L 06/18/2020 - 22:58:11: [SM]   [2] Line 108, E:\SteamLibrary\steamapps\common\Black Mesa Dedicated Server\bms\addons\sourcemod\scripting\SourceCoop\scripting\include\srccoop/instancing.inc::Hook_Instancing_ItemTransmit
L 06/18/2020 - 22:58:11: [SM] Exception reported: Array index out-of-bounds (index -1, limit 66)
L 06/18/2020 - 22:58:11: [SM] Blaming: srccoop.smx
L 06/18/2020 - 22:58:11: [SM] Call stack trace:
L 06/18/2020 - 22:58:11: [SM]   [1] Line 38, E:\SteamLibrary\steamapps\common\Black Mesa Dedicated Server\bms\addons\sourcemod\scripting\SourceCoop\scripting\include\srccoop/instancing.inc::ItemInstancingManager::HasPickedUpItem
L 06/18/2020 - 22:58:11: [SM]   [2] Line 108, E:\SteamLibrary\steamapps\common\Black Mesa Dedicated Server\bms\addons\sourcemod\scripting\SourceCoop\scripting\include\srccoop/instancing.inc::Hook_Instancing_ItemTransmit
L 06/18/2020 - 22:58:11: [SM] Exception reported: Array index out-of-bounds (index -1, limit 66)
L 06/18/2020 - 22:58:11: [SM] Blaming: srccoop.smx
L 06/18/2020 - 22:58:11: [SM] Call stack trace:
L 06/18/2020 - 22:58:11: [SM]   [1] Line 38, E:\SteamLibrary\steamapps\common\Black Mesa Dedicated Server\bms\addons\sourcemod\scripting\SourceCoop\scripting\include\srccoop/instancing.inc::ItemInstancingManager::HasPickedUpItem
L 06/18/2020 - 22:58:11: [SM]   [2] Line 108, E:\SteamLibrary\steamapps\common\Black Mesa Dedicated Server\bms\addons\sourcemod\scripting\SourceCoop\scripting\include\srccoop/instancing.inc::Hook_Instancing_ItemTransmit
L 06/18/2020 - 22:58:11: [SM] Exception reported: Array index out-of-bounds (index -1, limit 66)
L 06/18/2020 - 22:58:11: [SM] Blaming: srccoop.smx
L 06/18/2020 - 22:58:11: [SM] Call stack trace:
L 06/18/2020 - 22:58:11: [SM]   [1] Line 38, E:\SteamLibrary\steamapps\common\Black Mesa Dedicated Server\bms\addons\sourcemod\scripting\SourceCoop\scripting\include\srccoop/instancing.inc::ItemInstancingManager::HasPickedUpItem
L 06/18/2020 - 22:58:11: [SM]   [2] Line 108, E:\SteamLibrary\steamapps\common\Black Mesa Dedicated Server\bms\addons\sourcemod\scripting\SourceCoop\scripting\include\srccoop/instancing.inc::Hook_Instancing_ItemTransmit
L 06/18/2020 - 22:58:11: [SM] Exception reported: Array index out-of-bounds (index -1, limit 66)
L 06/18/2020 - 22:58:11: [SM] Blaming: srccoop.smx
L 06/18/2020 - 22:58:11: [SM] Call stack trace:
L 06/18/2020 - 22:58:11: [SM]   [1] Line 38, E:\SteamLibrary\steamapps\common\Black Mesa Dedicated Server\bms\addons\sourcemod\scripting\SourceCoop\scripting\include\srccoop/instancing.inc::ItemInstancingManager::HasPickedUpItem
L 06/18/2020 - 22:58:11: [SM]   [2] Line 108, E:\SteamLibrary\steamapps\common\Black Mesa Dedicated Server\bms\addons\sourcemod\scripting\SourceCoop\scripting\include\srccoop/instancing.inc::Hook_Instancing_ItemTransmit
L 06/18/2020 - 22:58:11: [SM] Exception reported: Array index out-of-bounds (index -1, limit 66)
L 06/18/2020 - 22:58:11: [SM] Blaming: srccoop.smx
L 06/18/2020 - 22:58:11: [SM] Call stack trace:
L 06/18/2020 - 22:58:11: [SM]   [1] Line 38, E:\SteamLibrary\steamapps\common\Black Mesa Dedicated Server\bms\addons\sourcemod\scripting\SourceCoop\scripting\include\srccoop/instancing.inc::ItemInstancingManager::HasPickedUpItem
L 06/18/2020 - 22:58:11: [SM]   [2] Line 108, E:\SteamLibrary\steamapps\common\Black Mesa Dedicated Server\bms\addons\sourcemod\scripting\SourceCoop\scripting\include\srccoop/instancing.inc::Hook_Instancing_ItemTransmit
L 06/18/2020 - 22:58:11: [SM] Exception reported: Array index out-of-bounds (index -1, limit 66)
L 06/18/2020 - 22:58:11: [SM] Blaming: srccoop.smx
L 06/18/2020 - 22:58:11: [SM] Call stack trace:
L 06/18/2020 - 22:58:11: [SM]   [1] Line 38, E:\SteamLibrary\steamapps\common\Black Mesa Dedicated Server\bms\addons\sourcemod\scripting\SourceCoop\scripting\include\srccoop/instancing.inc::ItemInstancingManager::HasPickedUpItem
L 06/18/2020 - 22:58:11: [SM]   [2] Line 108, E:\SteamLibrary\steamapps\common\Black Mesa Dedicated Server\bms\addons\sourcemod\scripting\SourceCoop\scripting\include\srccoop/instancing.inc::Hook_Instancing_ItemTransmit
L 06/18/2020 - 22:58:11: [SM] Exception reported: Array index out-of-bounds (index -1, limit 66)
L 06/18/2020 - 22:58:11: [SM] Blaming: srccoop.smx
L 06/18/2020 - 22:58:11: [SM] Call stack trace:
L 06/18/2020 - 22:58:11: [SM]   [1] Line 38, E:\SteamLibrary\steamapps\common\Black Mesa Dedicated Server\bms\addons\sourcemod\scripting\SourceCoop\scripting\include\srccoop/instancing.inc::ItemInstancingManager::HasPickedUpItem
L 06/18/2020 - 22:58:11: [SM]   [2] Line 108, E:\SteamLibrary\steamapps\common\Black Mesa Dedicated Server\bms\addons\sourcemod\scripting\SourceCoop\scripting\include\srccoop/instancing.inc::Hook_Instancing_ItemTransmit
L 06/18/2020 - 22:58:11: [SM] Exception reported: Array index out-of-bounds (index -1, limit 66)
L 06/18/2020 - 22:58:11: [SM] Blaming: srccoop.smx
L 06/18/2020 - 22:58:11: [SM] Call stack trace:
L 06/18/2020 - 22:58:11: [SM]   [1] Line 38, E:\SteamLibrary\steamapps\common\Black Mesa Dedicated Server\bms\addons\sourcemod\scripting\SourceCoop\scripting\include\srccoop/instancing.inc::ItemInstancingManager::HasPickedUpItem
L 06/18/2020 - 22:58:11: [SM]   [2] Line 108, E:\SteamLibrary\steamapps\common\Black Mesa Dedicated Server\bms\addons\sourcemod\scripting\SourceCoop\scripting\include\srccoop/instancing.inc::Hook_Instancing_ItemTransmit
L 06/18/2020 - 22:58:11: [SM] Exception reported: Array index out-of-bounds (index -1, limit 66)
L 06/18/2020 - 22:58:11: [SM] Blaming: srccoop.smx
L 06/18/2020 - 22:58:11: [SM] Call stack trace:
L 06/18/2020 - 22:58:11: [SM]   [1] Line 38, E:\SteamLibrary\steamapps\common\Black Mesa Dedicated Server\bms\addons\sourcemod\scripting\SourceCoop\scripting\include\srccoop/instancing.inc::ItemInstancingManager::HasPickedUpItem
L 06/18/2020 - 22:58:11: [SM]   [2] Line 108, E:\SteamLibrary\steamapps\common\Black Mesa Dedicated Server\bms\addons\sourcemod\scripting\SourceCoop\scripting\include\srccoop/instancing.inc::Hook_Instancing_ItemTransmit
L 06/18/2020 - 22:58:11: [SM] Exception reported: Array index out-of-bounds (index -1, limit 66)
L 06/18/2020 - 22:58:11: [SM] Blaming: srccoop.smx
L 06/18/2020 - 22:58:11: [SM] Call stack trace:
L 06/18/2020 - 22:58:11: [SM]   [1] Line 38, E:\SteamLibrary\steamapps\common\Black Mesa Dedicated Server\bms\addons\sourcemod\scripting\SourceCoop\scripting\include\srccoop/instancing.inc::ItemInstancingManager::HasPickedUpItem
L 06/18/2020 - 22:58:11: [SM]   [2] Line 108, E:\SteamLibrary\steamapps\common\Black Mesa Dedicated Server\bms\addons\sourcemod\scripting\SourceCoop\scripting\include\srccoop/instancing.inc::Hook_Instancing_ItemTransmit
L 06/18/2020 - 22:58:11: [SM] Exception reported: Array index out-of-bounds (index -1, limit 66)
L 06/18/2020 - 22:58:11: [SM] Blaming: srccoop.smx
L 06/18/2020 - 22:58:11: [SM] Call stack trace:
L 06/18/2020 - 22:58:11: [SM]   [1] Line 38, E:\SteamLibrary\steamapps\common\Black Mesa Dedicated Server\bms\addons\sourcemod\scripting\SourceCoop\scripting\include\srccoop/instancing.inc::ItemInstancingManager::HasPickedUpItem
L 06/18/2020 - 22:58:11: [SM]   [2] Line 108, E:\SteamLibrary\steamapps\common\Black Mesa Dedicated Server\bms\addons\sourcemod\scripting\SourceCoop\scripting\include\srccoop/instancing.inc::Hook_Instancing_ItemTransmit
L 06/18/2020 - 22:58:11: [SM] Exception reported: Array index out-of-bounds (index -1, limit 66)
L 06/18/2020 - 22:58:11: [SM] Blaming: srccoop.smx
L 06/18/2020 - 22:58:11: [SM] Call stack trace:
L 06/18/2020 - 22:58:11: [SM]   [1] Line 38, E:\SteamLibrary\steamapps\common\Black Mesa Dedicated Server\bms\addons\sourcemod\scripting\SourceCoop\scripting\include\srccoop/instancing.inc::ItemInstancingManager::HasPickedUpItem
L 06/18/2020 - 22:58:11: [SM]   [2] Line 108, E:\SteamLibrary\steamapps\common\Black Mesa Dedicated Server\bms\addons\sourcemod\scripting\SourceCoop\scripting\include\srccoop/instancing.inc::Hook_Instancing_ItemTransmit
L 06/18/2020 - 22:58:11: [SM] Exception reported: Array index out-of-bounds (index -1, limit 66)
L 06/18/2020 - 22:58:11: [SM] Blaming: srccoop.smx
L 06/18/2020 - 22:58:11: [SM] Call stack trace:
L 06/18/2020 - 22:58:11: [SM]   [1] Line 38, E:\SteamLibrary\steamapps\common\Black Mesa Dedicated Server\bms\addons\sourcemod\scripting\SourceCoop\scripting\include\srccoop/instancing.inc::ItemInstancingManager::HasPickedUpItem
L 06/18/2020 - 22:58:11: [SM]   [2] Line 108, E:\SteamLibrary\steamapps\common\Black Mesa Dedicated Server\bms\addons\sourcemod\scripting\SourceCoop\scripting\include\srccoop/instancing.inc::Hook_Instancing_ItemTransmit
L 06/18/2020 - 22:58:11: [SM] Exception reported: Array index out-of-bounds (index -1, limit 66)
L 06/18/2020 - 22:58:11: [SM] Blaming: srccoop.smx
L 06/18/2020 - 22:58:11: [SM] Call stack trace:
L 06/18/2020 - 22:58:11: [SM]   [1] Line 38, E:\SteamLibrary\steamapps\common\Black Mesa Dedicated Server\bms\addons\sourcemod\scripting\SourceCoop\scripting\include\srccoop/instancing.inc::ItemInstancingManager::HasPickedUpItem
L 06/18/2020 - 22:58:11: [SM]   [2] Line 108, E:\SteamLibrary\steamapps\common\Black Mesa Dedicated Server\bms\addons\sourcemod\scripting\SourceCoop\scripting\include\srccoop/instancing.inc::Hook_Instancing_ItemTransmit
L 06/18/2020 - 22:58:11: [SM] Exception reported: Array index out-of-bounds (index -1, limit 66)
L 06/18/2020 - 22:58:11: [SM] Blaming: srccoop.smx
L 06/18/2020 - 22:58:11: [SM] Call stack trace:
L 06/18/2020 - 22:58:11: [SM]   [1] Line 38, E:\SteamLibrary\steamapps\common\Black Mesa Dedicated Server\bms\addons\sourcemod\scripting\SourceCoop\scripting\include\srccoop/instancing.inc::ItemInstancingManager::HasPickedUpItem
L 06/18/2020 - 22:58:11: [SM]   [2] Line 108, E:\SteamLibrary\steamapps\common\Black Mesa Dedicated Server\bms\addons\sourcemod\scripting\SourceCoop\scripting\include\srccoop/instancing.inc::Hook_Instancing_ItemTransmit
L 06/18/2020 - 22:58:11: [SM] Exception reported: Array index out-of-bounds (index -1, limit 66)
L 06/18/2020 - 22:58:11: [SM] Blaming: srccoop.smx
L 06/18/2020 - 22:58:11: [SM] Call stack trace:
L 06/18/2020 - 22:58:11: [SM]   [1] Line 38, E:\SteamLibrary\steamapps\common\Black Mesa Dedicated Server\bms\addons\sourcemod\scripting\SourceCoop\scripting\include\srccoop/instancing.inc::ItemInstancingManager::HasPickedUpItem
L 06/18/2020 - 22:58:11: [SM]   [2] Line 108, E:\SteamLibrary\steamapps\common\Black Mesa Dedicated Server\bms\addons\sourcemod\scripting\SourceCoop\scripting\include\srccoop/instancing.inc::Hook_Instancing_ItemTransmit
L 06/18/2020 - 22:58:11: [SM] Exception reported: Array index out-of-bounds (index -1, limit 66)
L 06/18/2020 - 22:58:11: [SM] Blaming: srccoop.smx
L 06/18/2020 - 22:58:11: [SM] Call stack trace:
L 06/18/2020 - 22:58:11: [SM]   [1] Line 38, E:\SteamLibrary\steamapps\common\Black Mesa Dedicated Server\bms\addons\sourcemod\scripting\SourceCoop\scripting\include\srccoop/instancing.inc::ItemInstancingManager::HasPickedUpItem
L 06/18/2020 - 22:58:11: [SM]   [2] Line 108, E:\SteamLibrary\steamapps\common\Black Mesa Dedicated Server\bms\addons\sourcemod\scripting\SourceCoop\scripting\include\srccoop/instancing.inc::Hook_Instancing_ItemTransmit
L 06/18/2020 - 22:58:11: [SM] Exception reported: Array index out-of-bounds (index -1, limit 66)
L 06/18/2020 - 22:58:11: [SM] Blaming: srccoop.smx
L 06/18/2020 - 22:58:11: [SM] Call stack trace:
L 06/18/2020 - 22:58:11: [SM]   [1] Line 38, E:\SteamLibrary\steamapps\common\Black Mesa Dedicated Server\bms\addons\sourcemod\scripting\SourceCoop\scripting\include\srccoop/instancing.inc::ItemInstancingManager::HasPickedUpItem
L 06/18/2020 - 22:58:11: [SM]   [2] Line 108, E:\SteamLibrary\steamapps\common\Black Mesa Dedicated Server\bms\addons\sourcemod\scripting\SourceCoop\scripting\include\srccoop/instancing.inc::Hook_Instancing_ItemTransmit
L 06/18/2020 - 22:58:11: [SM] Exception reported: Array index out-of-bounds (index -1, limit 66)
L 06/18/2020 - 22:58:11: [SM] Blaming: srccoop.smx
L 06/18/2020 - 22:58:11: [SM] Call stack trace:
L 06/18/2020 - 22:58:11: [SM]   [1] Line 38, E:\SteamLibrary\steamapps\common\Black Mesa Dedicated Server\bms\addons\sourcemod\scripting\SourceCoop\scripting\include\srccoop/instancing.inc::ItemInstancingManager::HasPickedUpItem
L 06/18/2020 - 22:58:11: [SM]   [2] Line 108, E:\SteamLibrary\steamapps\common\Black Mesa Dedicated Server\bms\addons\sourcemod\scripting\SourceCoop\scripting\include\srccoop/instancing.inc::Hook_Instancing_ItemTransmit
L 06/18/2020 - 22:58:11: [SM] Exception reported: Array index out-of-bounds (index -1, limit 66)
L 06/18/2020 - 22:58:11: [SM] Blaming: srccoop.smx
L 06/18/2020 - 22:58:11: [SM] Call stack trace:
L 06/18/2020 - 22:58:11: [SM]   [1] Line 38, E:\SteamLibrary\steamapps\common\Black Mesa Dedicated Server\bms\addons\sourcemod\scripting\SourceCoop\scripting\include\srccoop/instancing.inc::ItemInstancingManager::HasPickedUpItem
L 06/18/2020 - 22:58:11: [SM]   [2] Line 108, E:\SteamLibrary\steamapps\common\Black Mesa Dedicated Server\bms\addons\sourcemod\scripting\SourceCoop\scripting\include\srccoop/instancing.inc::Hook_Instancing_ItemTransmit
L 06/18/2020 - 22:58:11: [SM] Exception reported: Array index out-of-bounds (index -1, limit 66)
L 06/18/2020 - 22:58:11: [SM] Blaming: srccoop.smx
L 06/18/2020 - 22:58:11: [SM] Call stack trace:
L 06/18/2020 - 22:58:11: [SM]   [1] Line 38, E:\SteamLibrary\steamapps\common\Black Mesa Dedicated Server\bms\addons\sourcemod\scripting\SourceCoop\scripting\include\srccoop/instancing.inc::ItemInstancingManager::HasPickedUpItem
L 06/18/2020 - 22:58:11: [SM]   [2] Line 108, E:\SteamLibrary\steamapps\common\Black Mesa Dedicated Server\bms\addons\sourcemod\scripting\SourceCoop\scripting\include\srccoop/instancing.inc::Hook_Instancing_ItemTransmit
L 06/18/2020 - 22:58:11: [SM] Exception reported: Array index out-of-bounds (index -1, limit 66)
L 06/18/2020 - 22:58:11: [SM] Blaming: srccoop.smx
L 06/18/2020 - 22:58:11: [SM] Call stack trace:
L 06/18/2020 - 22:58:11: [SM]   [1] Line 38, E:\SteamLibrary\steamapps\common\Black Mesa Dedicated Server\bms\addons\sourcemod\scripting\SourceCoop\scripting\include\srccoop/instancing.inc::ItemInstancingManager::HasPickedUpItem
L 06/18/2020 - 22:58:11: [SM]   [2] Line 108, E:\SteamLibrary\steamapps\common\Black Mesa Dedicated Server\bms\addons\sourcemod\scripting\SourceCoop\scripting\include\srccoop/instancing.inc::Hook_Instancing_ItemTransmit
L 06/18/2020 - 22:58:11: [SM] Exception reported: Array index out-of-bounds (index -1, limit 66)
L 06/18/2020 - 22:58:11: [SM] Blaming: srccoop.smx
L 06/18/2020 - 22:58:11: [SM] Call stack trace:
L 06/18/2020 - 22:58:11: [SM]   [1] Line 38, E:\SteamLibrary\steamapps\common\Black Mesa Dedicated Server\bms\addons\sourcemod\scripting\SourceCoop\scripting\include\srccoop/instancing.inc::ItemInstancingManager::HasPickedUpItem
L 06/18/2020 - 22:58:11: [SM]   [2] Line 108, E:\SteamLibrary\steamapps\common\Black Mesa Dedicated Server\bms\addons\sourcemod\scripting\SourceCoop\scripting\include\srccoop/instancing.inc::Hook_Instancing_ItemTransmit
L 06/18/2020 - 22:58:11: [SM] Exception reported: Array index out-of-bounds (index -1, limit 66)
L 06/18/2020 - 22:58:11: [SM] Blaming: srccoop.smx
L 06/18/2020 - 22:58:11: [SM] Call stack trace:
L 06/18/2020 - 22:58:11: [SM]   [1] Line 38, E:\SteamLibrary\steamapps\common\Black Mesa Dedicated Server\bms\addons\sourcemod\scripting\SourceCoop\scripting\include\srccoop/instancing.inc::ItemInstancingManager::HasPickedUpItem
L 06/18/2020 - 22:58:11: [SM]   [2] Line 108, E:\SteamLibrary\steamapps\common\Black Mesa Dedicated Server\bms\addons\sourcemod\scripting\SourceCoop\scripting\include\srccoop/instancing.inc::Hook_Instancing_ItemTransmit
L 06/18/2020 - 22:58:11: [SM] Exception reported: Array index out-of-bounds (index -1, limit 66)
L 06/18/2020 - 22:58:11: [SM] Blaming: srccoop.smx
L 06/18/2020 - 22:58:11: [SM] Call stack trace:
L 06/18/2020 - 22:58:11: [SM]   [1] Line 38, E:\SteamLibrary\steamapps\common\Black Mesa Dedicated Server\bms\addons\sourcemod\scripting\SourceCoop\scripting\include\srccoop/instancing.inc::ItemInstancingManager::HasPickedUpItem
L 06/18/2020 - 22:58:11: [SM]   [2] Line 108, E:\SteamLibrary\steamapps\common\Black Mesa Dedicated Server\bms\addons\sourcemod\scripting\SourceCoop\scripting\include\srccoop/instancing.inc::Hook_Instancing_ItemTransmit
L 06/18/2020 - 22:58:11: [SM] Exception reported: Array index out-of-bounds (index -1, limit 66)
L 06/18/2020 - 22:58:11: [SM] Blaming: srccoop.smx
L 06/18/2020 - 22:58:11: [SM] Call stack trace:
L 06/18/2020 - 22:58:11: [SM]   [1] Line 38, E:\SteamLibrary\steamapps\common\Black Mesa Dedicated Server\bms\addons\sourcemod\scripting\SourceCoop\scripting\include\srccoop/instancing.inc::ItemInstancingManager::HasPickedUpItem
L 06/18/2020 - 22:58:11: [SM]   [2] Line 108, E:\SteamLibrary\steamapps\common\Black Mesa Dedicated Server\bms\addons\sourcemod\scripting\SourceCoop\scripting\include\srccoop/instancing.inc::Hook_Instancing_ItemTransmit
L 06/18/2020 - 22:58:11: [SM] Exception reported: Array index out-of-bounds (index -1, limit 66)
L 06/18/2020 - 22:58:11: [SM] Blaming: srccoop.smx
L 06/18/2020 - 22:58:11: [SM] Call stack trace:
L 06/18/2020 - 22:58:11: [SM]   [1] Line 38, E:\SteamLibrary\steamapps\common\Black Mesa Dedicated Server\bms\addons\sourcemod\scripting\SourceCoop\scripting\include\srccoop/instancing.inc::ItemInstancingManager::HasPickedUpItem
L 06/18/2020 - 22:58:11: [SM]   [2] Line 108, E:\SteamLibrary\steamapps\common\Black Mesa Dedicated Server\bms\addons\sourcemod\scripting\SourceCoop\scripting\include\srccoop/instancing.inc::Hook_Instancing_ItemTransmit
L 06/18/2020 - 22:58:11: [SM] Exception reported: Array index out-of-bounds (index -1, limit 66)
L 06/18/2020 - 22:58:11: [SM] Blaming: srccoop.smx
L 06/18/2020 - 22:58:11: [SM] Call stack trace:
L 06/18/2020 - 22:58:11: [SM]   [1] Line 38, E:\SteamLibrary\steamapps\common\Black Mesa Dedicated Server\bms\addons\sourcemod\scripting\SourceCoop\scripting\include\srccoop/instancing.inc::ItemInstancingManager::HasPickedUpItem
L 06/18/2020 - 22:58:11: [SM]   [2] Line 108, E:\SteamLibrary\steamapps\common\Black Mesa Dedicated Server\bms\addons\sourcemod\scripting\SourceCoop\scripting\include\srccoop/instancing.inc::Hook_Instancing_ItemTransmit
L 06/18/2020 - 22:58:11: [SM] Exception reported: Array index out-of-bounds (index -1, limit 66)
L 06/18/2020 - 22:58:11: [SM] Blaming: srccoop.smx
L 06/18/2020 - 22:58:11: [SM] Call stack trace:
L 06/18/2020 - 22:58:11: [SM]   [1] Line 38, E:\SteamLibrary\steamapps\common\Black Mesa Dedicated Server\bms\addons\sourcemod\scripting\SourceCoop\scripting\include\srccoop/instancing.inc::ItemInstancingManager::HasPickedUpItem
L 06/18/2020 - 22:58:11: [SM]   [2] Line 108, E:\SteamLibrary\steamapps\common\Black Mesa Dedicated Server\bms\addons\sourcemod\scripting\SourceCoop\scripting\include\srccoop/instancing.inc::Hook_Instancing_ItemTransmit
L 06/18/2020 - 22:58:11: [SM] Exception reported: Array index out-of-bounds (index -1, limit 66)
L 06/18/2020 - 22:58:11: [SM] Blaming: srccoop.smx
L 06/18/2020 - 22:58:11: [SM] Call stack trace:
L 06/18/2020 - 22:58:11: [SM]   [1] Line 38, E:\SteamLibrary\steamapps\common\Black Mesa Dedicated Server\bms\addons\sourcemod\scripting\SourceCoop\scripting\include\srccoop/instancing.inc::ItemInstancingManager::HasPickedUpItem
L 06/18/2020 - 22:58:11: [SM]   [2] Line 108, E:\SteamLibrary\steamapps\common\Black Mesa Dedicated Server\bms\addons\sourcemod\scripting\SourceCoop\scripting\include\srccoop/instancing.inc::Hook_Instancing_ItemTransmit
L 06/18/2020 - 22:58:11: [SM] Exception reported: Array index out-of-bounds (index -1, limit 66)
L 06/18/2020 - 22:58:11: [SM] Blaming: srccoop.smx
L 06/18/2020 - 22:58:11: [SM] Call stack trace:
L 06/18/2020 - 22:58:11: [SM]   [1] Line 38, E:\SteamLibrary\steamapps\common\Black Mesa Dedicated Server\bms\addons\sourcemod\scripting\SourceCoop\scripting\include\srccoop/instancing.inc::ItemInstancingManager::HasPickedUpItem
L 06/18/2020 - 22:58:11: [SM]   [2] Line 108, E:\SteamLibrary\steamapps\common\Black Mesa Dedicated Server\bms\addons\sourcemod\scripting\SourceCoop\scripting\include\srccoop/instancing.inc::Hook_Instancing_ItemTransmit
L 06/18/2020 - 22:58:11: [SM] Exception reported: Array index out-of-bounds (index -1, limit 66)
L 06/18/2020 - 22:58:11: [SM] Blaming: srccoop.smx
L 06/18/2020 - 22:58:11: [SM] Call stack trace:
L 06/18/2020 - 22:58:11: [SM]   [1] Line 38, E:\SteamLibrary\steamapps\common\Black Mesa Dedicated Server\bms\addons\sourcemod\scripting\SourceCoop\scripting\include\srccoop/instancing.inc::ItemInstancingManager::HasPickedUpItem
L 06/18/2020 - 22:58:11: [SM]   [2] Line 108, E:\SteamLibrary\steamapps\common\Black Mesa Dedicated Server\bms\addons\sourcemod\scripting\SourceCoop\scripting\include\srccoop/instancing.inc::Hook_Instancing_ItemTransmit
L 06/18/2020 - 22:58:11: [SM] Exception reported: Array index out-of-bounds (index -1, limit 66)
L 06/18/2020 - 22:58:11: [SM] Blaming: srccoop.smx
L 06/18/2020 - 22:58:11: [SM] Call stack trace:
L 06/18/2020 - 22:58:11: [SM]   [1] Line 38, E:\SteamLibrary\steamapps\common\Black Mesa Dedicated Server\bms\addons\sourcemod\scripting\SourceCoop\scripting\include\srccoop/instancing.inc::ItemInstancingManager::HasPickedUpItem
L 06/18/2020 - 22:58:11: [SM]   [2] Line 108, E:\SteamLibrary\steamapps\common\Black Mesa Dedicated Server\bms\addons\sourcemod\scripting\SourceCoop\scripting\include\srccoop/instancing.inc::Hook_Instancing_ItemTransmit
L 06/18/2020 - 22:58:11: [SM] Exception reported: Array index out-of-bounds (index -1, limit 66)
L 06/18/2020 - 22:58:11: [SM] Blaming: srccoop.smx
L 06/18/2020 - 22:58:11: [SM] Call stack trace:
L 06/18/2020 - 22:58:11: [SM]   [1] Line 38, E:\SteamLibrary\steamapps\common\Black Mesa Dedicated Server\bms\addons\sourcemod\scripting\SourceCoop\scripting\include\srccoop/instancing.inc::ItemInstancingManager::HasPickedUpItem
L 06/18/2020 - 22:58:11: [SM]   [2] Line 108, E:\SteamLibrary\steamapps\common\Black Mesa Dedicated Server\bms\addons\sourcemod\scripting\SourceCoop\scripting\include\srccoop/instancing.inc::Hook_Instancing_ItemTransmit
L 06/18/2020 - 22:58:11: [SM] Exception reported: Array index out-of-bounds (index -1, limit 66)
L 06/18/2020 - 22:58:11: [SM] Blaming: srccoop.smx
L 06/18/2020 - 22:58:11: [SM] Call stack trace:
L 06/18/2020 - 22:58:11: [SM]   [1] Line 38, E:\SteamLibrary\steamapps\common\Black Mesa Dedicated Server\bms\addons\sourcemod\scripting\SourceCoop\scripting\include\srccoop/instancing.inc::ItemInstancingManager::HasPickedUpItem
L 06/18/2020 - 22:58:11: [SM]   [2] Line 108, E:\SteamLibrary\steamapps\common\Black Mesa Dedicated Server\bms\addons\sourcemod\scripting\SourceCoop\scripting\include\srccoop/instancing.inc::Hook_Instancing_ItemTransmit
L 06/18/2020 - 22:58:11: [SM] Exception reported: Array index out-of-bounds (index -1, limit 66)
L 06/18/2020 - 22:58:11: [SM] Blaming: srccoop.smx
L 06/18/2020 - 22:58:11: [SM] Call stack trace:
L 06/18/2020 - 22:58:11: [SM]   [1] Line 38, E:\SteamLibrary\steamapps\common\Black Mesa Dedicated Server\bms\addons\sourcemod\scripting\SourceCoop\scripting\include\srccoop/instancing.inc::ItemInstancingManager::HasPickedUpItem
L 06/18/2020 - 22:58:11: [SM]   [2] Line 108, E:\SteamLibrary\steamapps\common\Black Mesa Dedicated Server\bms\addons\sourcemod\scripting\SourceCoop\scripting\include\srccoop/instancing.inc::Hook_Instancing_ItemTransmit
L 06/18/2020 - 22:58:11: [SM] Exception reported: Array index out-of-bounds (index -1, limit 66)
L 06/18/2020 - 22:58:11: [SM] Blaming: srccoop.smx
L 06/18/2020 - 22:58:11: [SM] Call stack trace:
L 06/18/2020 - 22:58:11: [SM]   [1] Line 38, E:\SteamLibrary\steamapps\common\Black Mesa Dedicated Server\bms\addons\sourcemod\scripting\SourceCoop\scripting\include\srccoop/instancing.inc::ItemInstancingManager::HasPickedUpItem
L 06/18/2020 - 22:58:11: [SM]   [2] Line 108, E:\SteamLibrary\steamapps\common\Black Mesa Dedicated Server\bms\addons\sourcemod\scripting\SourceCoop\scripting\include\srccoop/instancing.inc::Hook_Instancing_ItemTransmit
L 06/18/2020 - 22:58:11: [SM] Exception reported: Array index out-of-bounds (index -1, limit 66)
L 06/18/2020 - 22:58:11: [SM] Blaming: srccoop.smx
L 06/18/2020 - 22:58:11: [SM] Call stack trace:
L 06/18/2020 - 22:58:11: [SM]   [1] Line 38, E:\SteamLibrary\steamapps\common\Black Mesa Dedicated Server\bms\addons\sourcemod\scripting\SourceCoop\scripting\include\srccoop/instancing.inc::ItemInstancingManager::HasPickedUpItem
L 06/18/2020 - 22:58:11: [SM]   [2] Line 108, E:\SteamLibrary\steamapps\common\Black Mesa Dedicated Server\bms\addons\sourcemod\scripting\SourceCoop\scripting\include\srccoop/instancing.inc::Hook_Instancing_ItemTransmit
L 06/18/2020 - 22:58:11: [SM] Exception reported: Array index out-of-bounds (index -1, limit 66)
L 06/18/2020 - 22:58:11: [SM] Blaming: srccoop.smx
L 06/18/2020 - 22:58:11: [SM] Call stack trace:
L 06/18/2020 - 22:58:11: [SM]   [1] Line 38, E:\SteamLibrary\steamapps\common\Black Mesa Dedicated Server\bms\addons\sourcemod\scripting\SourceCoop\scripting\include\srccoop/instancing.inc::ItemInstancingManager::HasPickedUpItem
L 06/18/2020 - 22:58:11: [SM]   [2] Line 108, E:\SteamLibrary\steamapps\common\Black Mesa Dedicated Server\bms\addons\sourcemod\scripting\SourceCoop\scripting\include\srccoop/instancing.inc::Hook_Instancing_ItemTransmit
L 06/18/2020 - 22:58:11: [SM] Exception reported: Array index out-of-bounds (index -1, limit 66)
L 06/18/2020 - 22:58:11: [SM] Blaming: srccoop.smx
L 06/18/2020 - 22:58:11: [SM] Call stack trace:
L 06/18/2020 - 22:58:11: [SM]   [1] Line 38, E:\SteamLibrary\steamapps\common\Black Mesa Dedicated Server\bms\addons\sourcemod\scripting\SourceCoop\scripting\include\srccoop/instancing.inc::ItemInstancingManager::HasPickedUpItem
L 06/18/2020 - 22:58:11: [SM]   [2] Line 108, E:\SteamLibrary\steamapps\common\Black Mesa Dedicated Server\bms\addons\sourcemod\scripting\SourceCoop\scripting\include\srccoop/instancing.inc::Hook_Instancing_ItemTransmit
L 06/18/2020 - 22:58:11: [SM] Exception reported: Array index out-of-bounds (index -1, limit 66)
L 06/18/2020 - 22:58:11: [SM] Blaming: srccoop.smx
L 06/18/2020 - 22:58:11: [SM] Call stack trace:
L 06/18/2020 - 22:58:11: [SM]   [1] Line 38, E:\SteamLibrary\steamapps\common\Black Mesa Dedicated Server\bms\addons\sourcemod\scripting\SourceCoop\scripting\include\srccoop/instancing.inc::ItemInstancingManager::HasPickedUpItem
L 06/18/2020 - 22:58:11: [SM]   [2] Line 108, E:\SteamLibrary\steamapps\common\Black Mesa Dedicated Server\bms\addons\sourcemod\scripting\SourceCoop\scripting\include\srccoop/instancing.inc::Hook_Instancing_ItemTransmit
L 06/18/2020 - 22:58:11: [SM] Exception reported: Array index out-of-bounds (index -1, limit 66)
L 06/18/2020 - 22:58:11: [SM] Blaming: srccoop.smx
L 06/18/2020 - 22:58:11: [SM] Call stack trace:
L 06/18/2020 - 22:58:11: [SM]   [1] Line 38, E:\SteamLibrary\steamapps\common\Black Mesa Dedicated Server\bms\addons\sourcemod\scripting\SourceCoop\scripting\include\srccoop/instancing.inc::ItemInstancingManager::HasPickedUpItem
L 06/18/2020 - 22:58:11: [SM]   [2] Line 108, E:\SteamLibrary\steamapps\common\Black Mesa Dedicated Server\bms\addons\sourcemod\scripting\SourceCoop\scripting\include\srccoop/instancing.inc::Hook_Instancing_ItemTransmit
L 06/18/2020 - 22:58:11: [SM] Exception reported: Array index out-of-bounds (index -1, limit 66)
L 06/18/2020 - 22:58:11: [SM] Blaming: srccoop.smx
L 06/18/2020 - 22:58:11: [SM] Call stack trace:
L 06/18/2020 - 22:58:11: [SM]   [1] Line 38, E:\SteamLibrary\steamapps\common\Black Mesa Dedicated Server\bms\addons\sourcemod\scripting\SourceCoop\scripting\include\srccoop/instancing.inc::ItemInstancingManager::HasPickedUpItem
L 06/18/2020 - 22:58:11: [SM]   [2] Line 108, E:\SteamLibrary\steamapps\common\Black Mesa Dedicated Server\bms\addons\sourcemod\scripting\SourceCoop\scripting\include\srccoop/instancing.inc::Hook_Instancing_ItemTransmit
L 06/18/2020 - 22:58:11: [SM] Exception reported: Array index out-of-bounds (index -1, limit 66)
L 06/18/2020 - 22:58:11: [SM] Blaming: srccoop.smx
L 06/18/2020 - 22:58:11: [SM] Call stack trace:
L 06/18/2020 - 22:58:11: [SM]   [1] Line 38, E:\SteamLibrary\steamapps\common\Black Mesa Dedicated Server\bms\addons\sourcemod\scripting\SourceCoop\scripting\include\srccoop/instancing.inc::ItemInstancingManager::HasPickedUpItem
L 06/18/2020 - 22:58:11: [SM]   [2] Line 108, E:\SteamLibrary\steamapps\common\Black Mesa Dedicated Server\bms\addons\sourcemod\scripting\SourceCoop\scripting\include\srccoop/instancing.inc::Hook_Instancing_ItemTransmit
L 06/18/2020 - 22:58:11: [SM] Exception reported: Array index out-of-bounds (index -1, limit 66)
L 06/18/2020 - 22:58:11: [SM] Blaming: srccoop.smx
L 06/18/2020 - 22:58:11: [SM] Call stack trace:
L 06/18/2020 - 22:58:11: [SM]   [1] Line 38, E:\SteamLibrary\steamapps\common\Black Mesa Dedicated Server\bms\addons\sourcemod\scripting\SourceCoop\scripting\include\srccoop/instancing.inc::ItemInstancingManager::HasPickedUpItem
L 06/18/2020 - 22:58:11: [SM]   [2] Line 108, E:\SteamLibrary\steamapps\common\Black Mesa Dedicated Server\bms\addons\sourcemod\scripting\SourceCoop\scripting\include\srccoop/instancing.inc::Hook_Instancing_ItemTransmit
L 06/18/2020 - 22:58:11: [SM] Exception reported: Array index out-of-bounds (index -1, limit 66)
L 06/18/2020 - 22:58:11: [SM] Blaming: srccoop.smx
L 06/18/2020 - 22:58:11: [SM] Call stack trace:
L 06/18/2020 - 22:58:11: [SM]   [1] Line 38, E:\SteamLibrary\steamapps\common\Black Mesa Dedicated Server\bms\addons\sourcemod\scripting\SourceCoop\scripting\include\srccoop/instancing.inc::ItemInstancingManager::HasPickedUpItem
L 06/18/2020 - 22:58:11: [SM]   [2] Line 108, E:\SteamLibrary\steamapps\common\Black Mesa Dedicated Server\bms\addons\sourcemod\scripting\SourceCoop\scripting\include\srccoop/instancing.inc::Hook_Instancing_ItemTransmit
L 06/18/2020 - 22:58:11: [SM] Exception reported: Array index out-of-bounds (index -1, limit 66)
L 06/18/2020 - 22:58:11: [SM] Blaming: srccoop.smx
L 06/18/2020 - 22:58:11: [SM] Call stack trace:
L 06/18/2020 - 22:58:11: [SM]   [1] Line 38, E:\SteamLibrary\steamapps\common\Black Mesa Dedicated Server\bms\addons\sourcemod\scripting\SourceCoop\scripting\include\srccoop/instancing.inc::ItemInstancingManager::HasPickedUpItem
L 06/18/2020 - 22:58:11: [SM]   [2] Line 108, E:\SteamLibrary\steamapps\common\Black Mesa Dedicated Server\bms\addons\sourcemod\scripting\SourceCoop\scripting\include\srccoop/instancing.inc::Hook_Instancing_ItemTransmit
L 06/18/2020 - 22:58:11: [SM] Exception reported: Array index out-of-bounds (index -1, limit 66)
L 06/18/2020 - 22:58:11: [SM] Blaming: srccoop.smx
L 06/18/2020 - 22:58:11: [SM] Call stack trace:
L 06/18/2020 - 22:58:11: [SM]   [1] Line 38, E:\SteamLibrary\steamapps\common\Black Mesa Dedicated Server\bms\addons\sourcemod\scripting\SourceCoop\scripting\include\srccoop/instancing.inc::ItemInstancingManager::HasPickedUpItem
L 06/18/2020 - 22:58:11: [SM]   [2] Line 108, E:\SteamLibrary\steamapps\common\Black Mesa Dedicated Server\bms\addons\sourcemod\scripting\SourceCoop\scripting\include\srccoop/instancing.inc::Hook_Instancing_ItemTransmit
L 06/18/2020 - 22:58:11: [SM] Exception reported: Array index out-of-bounds (index -1, limit 66)
L 06/18/2020 - 22:58:11: [SM] Blaming: srccoop.smx
L 06/18/2020 - 22:58:11: [SM] Call stack trace:
L 06/18/2020 - 22:58:11: [SM]   [1] Line 38, E:\SteamLibrary\steamapps\common\Black Mesa Dedicated Server\bms\addons\sourcemod\scripting\SourceCoop\scripting\include\srccoop/instancing.inc::ItemInstancingManager::HasPickedUpItem
L 06/18/2020 - 22:58:11: [SM]   [2] Line 108, E:\SteamLibrary\steamapps\common\Black Mesa Dedicated Server\bms\addons\sourcemod\scripting\SourceCoop\scripting\include\srccoop/instancing.inc::Hook_Instancing_ItemTransmit
L 06/18/2020 - 22:58:11: [SM] Exception reported: Array index out-of-bounds (index -1, limit 66)
L 06/18/2020 - 22:58:11: [SM] Blaming: srccoop.smx
L 06/18/2020 - 22:58:11: [SM] Call stack trace:
L 06/18/2020 - 22:58:11: [SM]   [1] Line 38, E:\SteamLibrary\steamapps\common\Black Mesa Dedicated Server\bms\addons\sourcemod\scripting\SourceCoop\scripting\include\srccoop/instancing.inc::ItemInstancingManager::HasPickedUpItem
L 06/18/2020 - 22:58:11: [SM]   [2] Line 108, E:\SteamLibrary\steamapps\common\Black Mesa Dedicated Server\bms\addons\sourcemod\scripting\SourceCoop\scripting\include\srccoop/instancing.inc::Hook_Instancing_ItemTransmit
L 06/18/2020 - 22:58:11: [SM] Exception reported: Array index out-of-bounds (index -1, limit 66)
L 06/18/2020 - 22:58:11: [SM] Blaming: srccoop.smx
L 06/18/2020 - 22:58:11: [SM] Call stack trace:
L 06/18/2020 - 22:58:11: [SM]   [1] Line 38, E:\SteamLibrary\steamapps\common\Black Mesa Dedicated Server\bms\addons\sourcemod\scripting\SourceCoop\scripting\include\srccoop/instancing.inc::ItemInstancingManager::HasPickedUpItem
L 06/18/2020 - 22:58:11: [SM]   [2] Line 108, E:\SteamLibrary\steamapps\common\Black Mesa Dedicated Server\bms\addons\sourcemod\scripting\SourceCoop\scripting\include\srccoop/instancing.inc::Hook_Instancing_ItemTransmit
L 06/18/2020 - 22:58:11: [SM] Exception reported: Array index out-of-bounds (index -1, limit 66)
L 06/18/2020 - 22:58:11: [SM] Blaming: srccoop.smx
L 06/18/2020 - 22:58:11: [SM] Call stack trace:
L 06/18/2020 - 22:58:11: [SM]   [1] Line 38, E:\SteamLibrary\steamapps\common\Black Mesa Dedicated Server\bms\addons\sourcemod\scripting\SourceCoop\scripting\include\srccoop/instancing.inc::ItemInstancingManager::HasPickedUpItem
L 06/18/2020 - 22:58:11: [SM]   [2] Line 108, E:\SteamLibrary\steamapps\common\Black Mesa Dedicated Server\bms\addons\sourcemod\scripting\SourceCoop\scripting\include\srccoop/instancing.inc::Hook_Instancing_ItemTransmit
L 06/18/2020 - 22:58:11: [SM] Exception reported: Array index out-of-bounds (index -1, limit 66)
L 06/18/2020 - 22:58:11: [SM] Blaming: srccoop.smx
L 06/18/2020 - 22:58:11: [SM] Call stack trace:
L 06/18/2020 - 22:58:11: [SM]   [1] Line 38, E:\SteamLibrary\steamapps\common\Black Mesa Dedicated Server\bms\addons\sourcemod\scripting\SourceCoop\scripting\include\srccoop/instancing.inc::ItemInstancingManager::HasPickedUpItem
L 06/18/2020 - 22:58:11: [SM]   [2] Line 108, E:\SteamLibrary\steamapps\common\Black Mesa Dedicated Server\bms\addons\sourcemod\scripting\SourceCoop\scripting\include\srccoop/instancing.inc::Hook_Instancing_ItemTransmit
L 06/18/2020 - 22:58:11: [SM] Exception reported: Array index out-of-bounds (index -1, limit 66)
L 06/18/2020 - 22:58:11: [SM] Blaming: srccoop.smx
L 06/18/2020 - 22:58:11: [SM] Call stack trace:
L 06/18/2020 - 22:58:11: [SM]   [1] Line 38, E:\SteamLibrary\steamapps\common\Black Mesa Dedicated Server\bms\addons\sourcemod\scripting\SourceCoop\scripting\include\srccoop/instancing.inc::ItemInstancingManager::HasPickedUpItem
L 06/18/2020 - 22:58:11: [SM]   [2] Line 108, E:\SteamLibrary\steamapps\common\Black Mesa Dedicated Server\bms\addons\sourcemod\scripting\SourceCoop\scripting\include\srccoop/instancing.inc::Hook_Instancing_ItemTransmit
L 06/18/2020 - 22:58:11: [SM] Exception reported: Array index out-of-bounds (index -1, limit 66)
L 06/18/2020 - 22:58:11: [SM] Blaming: srccoop.smx
L 06/18/2020 - 22:58:11: [SM] Call stack trace:
L 06/18/2020 - 22:58:11: [SM]   [1] Line 38, E:\SteamLibrary\steamapps\common\Black Mesa Dedicated Server\bms\addons\sourcemod\scripting\SourceCoop\scripting\include\srccoop/instancing.inc::ItemInstancingManager::HasPickedUpItem
L 06/18/2020 - 22:58:11: [SM]   [2] Line 108, E:\SteamLibrary\steamapps\common\Black Mesa Dedicated Server\bms\addons\sourcemod\scripting\SourceCoop\scripting\include\srccoop/instancing.inc::Hook_Instancing_ItemTransmit
L 06/18/2020 - 22:58:11: [SM] Exception reported: Array index out-of-bounds (index -1, limit 66)
L 06/18/2020 - 22:58:11: [SM] Blaming: srccoop.smx
L 06/18/2020 - 22:58:11: [SM] Call stack trace:
L 06/18/2020 - 22:58:11: [SM]   [1] Line 38, E:\SteamLibrary\steamapps\common\Black Mesa Dedicated Server\bms\addons\sourcemod\scripting\SourceCoop\scripting\include\srccoop/instancing.inc::ItemInstancingManager::HasPickedUpItem
L 06/18/2020 - 22:58:11: [SM]   [2] Line 108, E:\SteamLibrary\steamapps\common\Black Mesa Dedicated Server\bms\addons\sourcemod\scripting\SourceCoop\scripting\include\srccoop/instancing.inc::Hook_Instancing_ItemTransmit
L 06/18/2020 - 22:58:11: [SM] Exception reported: Array index out-of-bounds (index -1, limit 66)
L 06/18/2020 - 22:58:11: [SM] Blaming: srccoop.smx
L 06/18/2020 - 22:58:11: [SM] Call stack trace:
L 06/18/2020 - 22:58:11: [SM]   [1] Line 38, E:\SteamLibrary\steamapps\common\Black Mesa Dedicated Server\bms\addons\sourcemod\scripting\SourceCoop\scripting\include\srccoop/instancing.inc::ItemInstancingManager::HasPickedUpItem
L 06/18/2020 - 22:58:11: [SM]   [2] Line 108, E:\SteamLibrary\steamapps\common\Black Mesa Dedicated Server\bms\addons\sourcemod\scripting\SourceCoop\scripting\include\srccoop/instancing.inc::Hook_Instancing_ItemTransmit
L 06/18/2020 - 22:58:11: [SM] Exception reported: Array index out-of-bounds (index -1, limit 66)
L 06/18/2020 - 22:58:11: [SM] Blaming: srccoop.smx
L 06/18/2020 - 22:58:11: [SM] Call stack trace:
L 06/18/2020 - 22:58:11: [SM]   [1] Line 38, E:\SteamLibrary\steamapps\common\Black Mesa Dedicated Server\bms\addons\sourcemod\scripting\SourceCoop\scripting\include\srccoop/instancing.inc::ItemInstancingManager::HasPickedUpItem
L 06/18/2020 - 22:58:11: [SM]   [2] Line 108, E:\SteamLibrary\steamapps\common\Black Mesa Dedicated Server\bms\addons\sourcemod\scripting\SourceCoop\scripting\include\srccoop/instancing.inc::Hook_Instancing_ItemTransmit
L 06/18/2020 - 22:58:11: [SM] Exception reported: Array index out-of-bounds (index -1, limit 66)
L 06/18/2020 - 22:58:11: [SM] Blaming: srccoop.smx
L 06/18/2020 - 22:58:11: [SM] Call stack trace:
L 06/18/2020 - 22:58:11: [SM]   [1] Line 38, E:\SteamLibrary\steamapps\common\Black Mesa Dedicated Server\bms\addons\sourcemod\scripting\SourceCoop\scripting\include\srccoop/instancing.inc::ItemInstancingManager::HasPickedUpItem
L 06/18/2020 - 22:58:11: [SM]   [2] Line 108, E:\SteamLibrary\steamapps\common\Black Mesa Dedicated Server\bms\addons\sourcemod\scripting\SourceCoop\scripting\include\srccoop/instancing.inc::Hook_Instancing_ItemTransmit
L 06/18/2020 - 22:58:11: [SM] Exception reported: Array index out-of-bounds (index -1, limit 66)
L 06/18/2020 - 22:58:11: [SM] Blaming: srccoop.smx
L 06/18/2020 - 22:58:11: [SM] Call stack trace:
L 06/18/2020 - 22:58:11: [SM]   [1] Line 38, E:\SteamLibrary\steamapps\common\Black Mesa Dedicated Server\bms\addons\sourcemod\scripting\SourceCoop\scripting\include\srccoop/instancing.inc::ItemInstancingManager::HasPickedUpItem
L 06/18/2020 - 22:58:11: [SM]   [2] Line 108, E:\SteamLibrary\steamapps\common\Black Mesa Dedicated Server\bms\addons\sourcemod\scripting\SourceCoop\scripting\include\srccoop/instancing.inc::Hook_Instancing_ItemTransmit
L 06/18/2020 - 22:58:11: [SM] Exception reported: Array index out-of-bounds (index -1, limit 66)
L 06/18/2020 - 22:58:11: [SM] Blaming: srccoop.smx
L 06/18/2020 - 22:58:11: [SM] Call stack trace:
L 06/18/2020 - 22:58:11: [SM]   [1] Line 38, E:\SteamLibrary\steamapps\common\Black Mesa Dedicated Server\bms\addons\sourcemod\scripting\SourceCoop\scripting\include\srccoop/instancing.inc::ItemInstancingManager::HasPickedUpItem
L 06/18/2020 - 22:58:11: [SM]   [2] Line 108, E:\SteamLibrary\steamapps\common\Black Mesa Dedicated Server\bms\addons\sourcemod\scripting\SourceCoop\scripting\include\srccoop/instancing.inc::Hook_Instancing_ItemTransmit
L 06/18/2020 - 22:58:11: [SM] Exception reported: Array index out-of-bounds (index -1, limit 66)
L 06/18/2020 - 22:58:11: [SM] Blaming: srccoop.smx
L 06/18/2020 - 22:58:11: [SM] Call stack trace:
L 06/18/2020 - 22:58:11: [SM]   [1] Line 38, E:\SteamLibrary\steamapps\common\Black Mesa Dedicated Server\bms\addons\sourcemod\scripting\SourceCoop\scripting\include\srccoop/instancing.inc::ItemInstancingManager::HasPickedUpItem
L 06/18/2020 - 22:58:11: [SM]   [2] Line 108, E:\SteamLibrary\steamapps\common\Black Mesa Dedicated Server\bms\addons\sourcemod\scripting\SourceCoop\scripting\include\srccoop/instancing.inc::Hook_Instancing_ItemTransmit
L 06/18/2020 - 22:58:11: [SM] Exception reported: Array index out-of-bounds (index -1, limit 66)
L 06/18/2020 - 22:58:11: [SM] Blaming: srccoop.smx
L 06/18/2020 - 22:58:11: [SM] Call stack trace:
L 06/18/2020 - 22:58:11: [SM]   [1] Line 38, E:\SteamLibrary\steamapps\common\Black Mesa Dedicated Server\bms\addons\sourcemod\scripting\SourceCoop\scripting\include\srccoop/instancing.inc::ItemInstancingManager::HasPickedUpItem
L 06/18/2020 - 22:58:11: [SM]   [2] Line 108, E:\SteamLibrary\steamapps\common\Black Mesa Dedicated Server\bms\addons\sourcemod\scripting\SourceCoop\scripting\include\srccoop/instancing.inc::Hook_Instancing_ItemTransmit
L 06/18/2020 - 22:58:11: [SM] Exception reported: Array index out-of-bounds (index -1, limit 66)
L 06/18/2020 - 22:58:11: [SM] Blaming: srccoop.smx
L 06/18/2020 - 22:58:11: [SM] Call stack trace:
L 06/18/2020 - 22:58:11: [SM]   [1] Line 38, E:\SteamLibrary\steamapps\common\Black Mesa Dedicated Server\bms\addons\sourcemod\scripting\SourceCoop\scripting\include\srccoop/instancing.inc::ItemInstancingManager::HasPickedUpItem
L 06/18/2020 - 22:58:11: [SM]   [2] Line 108, E:\SteamLibrary\steamapps\common\Black Mesa Dedicated Server\bms\addons\sourcemod\scripting\SourceCoop\scripting\include\srccoop/instancing.inc::Hook_Instancing_ItemTransmit
L 06/18/2020 - 22:58:11: [SM] Exception reported: Array index out-of-bounds (index -1, limit 66)
L 06/18/2020 - 22:58:11: [SM] Blaming: srccoop.smx
L 06/18/2020 - 22:58:11: [SM] Call stack trace:
L 06/18/2020 - 22:58:11: [SM]   [1] Line 38, E:\SteamLibrary\steamapps\common\Black Mesa Dedicated Server\bms\addons\sourcemod\scripting\SourceCoop\scripting\include\srccoop/instancing.inc::ItemInstancingManager::HasPickedUpItem
L 06/18/2020 - 22:58:11: [SM]   [2] Line 108, E:\SteamLibrary\steamapps\common\Black Mesa Dedicated Server\bms\addons\sourcemod\scripting\SourceCoop\scripting\include\srccoop/instancing.inc::Hook_Instancing_ItemTransmit
L 06/18/2020 - 22:58:11: [SM] Exception reported: Array index out-of-bounds (index -1, limit 66)
L 06/18/2020 - 22:58:11: [SM] Blaming: srccoop.smx
L 06/18/2020 - 22:58:11: [SM] Call stack trace:
L 06/18/2020 - 22:58:11: [SM]   [1] Line 38, E:\SteamLibrary\steamapps\common\Black Mesa Dedicated Server\bms\addons\sourcemod\scripting\SourceCoop\scripting\include\srccoop/instancing.inc::ItemInstancingManager::HasPickedUpItem
L 06/18/2020 - 22:58:11: [SM]   [2] Line 108, E:\SteamLibrary\steamapps\common\Black Mesa Dedicated Server\bms\addons\sourcemod\scripting\SourceCoop\scripting\include\srccoop/instancing.inc::Hook_Instancing_ItemTransmit
L 06/18/2020 - 22:58:11: [SM] Exception reported: Array index out-of-bounds (index -1, limit 66)
L 06/18/2020 - 22:58:11: [SM] Blaming: srccoop.smx
L 06/18/2020 - 22:58:11: [SM] Call stack trace:
L 06/18/2020 - 22:58:11: [SM]   [1] Line 38, E:\SteamLibrary\steamapps\common\Black Mesa Dedicated Server\bms\addons\sourcemod\scripting\SourceCoop\scripting\include\srccoop/instancing.inc::ItemInstancingManager::HasPickedUpItem
L 06/18/2020 - 22:58:11: [SM]   [2] Line 108, E:\SteamLibrary\steamapps\common\Black Mesa Dedicated Server\bms\addons\sourcemod\scripting\SourceCoop\scripting\include\srccoop/instancing.inc::Hook_Instancing_ItemTransmit
L 06/18/2020 - 22:58:11: [SM] Exception reported: Array index out-of-bounds (index -1, limit 66)
L 06/18/2020 - 22:58:11: [SM] Blaming: srccoop.smx
L 06/18/2020 - 22:58:11: [SM] Call stack trace:
L 06/18/2020 - 22:58:11: [SM]   [1] Line 38, E:\SteamLibrary\steamapps\common\Black Mesa Dedicated Server\bms\addons\sourcemod\scripting\SourceCoop\scripting\include\srccoop/instancing.inc::ItemInstancingManager::HasPickedUpItem
L 06/18/2020 - 22:58:11: [SM]   [2] Line 108, E:\SteamLibrary\steamapps\common\Black Mesa Dedicated Server\bms\addons\sourcemod\scripting\SourceCoop\scripting\include\srccoop/instancing.inc::Hook_Instancing_ItemTransmit
L 06/18/2020 - 22:58:11: [SM] Exception reported: Array index out-of-bounds (index -1, limit 66)
L 06/18/2020 - 22:58:11: [SM] Blaming: srccoop.smx
L 06/18/2020 - 22:58:11: [SM] Call stack trace:
L 06/18/2020 - 22:58:11: [SM]   [1] Line 38, E:\SteamLibrary\steamapps\common\Black Mesa Dedicated Server\bms\addons\sourcemod\scripting\SourceCoop\scripting\include\srccoop/instancing.inc::ItemInstancingManager::HasPickedUpItem
L 06/18/2020 - 22:58:11: [SM]   [2] Line 108, E:\SteamLibrary\steamapps\common\Black Mesa Dedicated Server\bms\addons\sourcemod\scripting\SourceCoop\scripting\include\srccoop/instancing.inc::Hook_Instancing_ItemTransmit
L 06/18/2020 - 22:58:11: [SM] Exception reported: Array index out-of-bounds (index -1, limit 66)
L 06/18/2020 - 22:58:11: [SM] Blaming: srccoop.smx
L 06/18/2020 - 22:58:11: [SM] Call stack trace:
L 06/18/2020 - 22:58:11: [SM]   [1] Line 38, E:\SteamLibrary\steamapps\common\Black Mesa Dedicated Server\bms\addons\sourcemod\scripting\SourceCoop\scripting\include\srccoop/instancing.inc::ItemInstancingManager::HasPickedUpItem
L 06/18/2020 - 22:58:11: [SM]   [2] Line 108, E:\SteamLibrary\steamapps\common\Black Mesa Dedicated Server\bms\addons\sourcemod\scripting\SourceCoop\scripting\include\srccoop/instancing.inc::Hook_Instancing_ItemTransmit
L 06/18/2020 - 22:58:11: [SM] Exception reported: Array index out-of-bounds (index -1, limit 66)
L 06/18/2020 - 22:58:11: [SM] Blaming: srccoop.smx
L 06/18/2020 - 22:58:11: [SM] Call stack trace:
L 06/18/2020 - 22:58:11: [SM]   [1] Line 38, E:\SteamLibrary\steamapps\common\Black Mesa Dedicated Server\bms\addons\sourcemod\scripting\SourceCoop\scripting\include\srccoop/instancing.inc::ItemInstancingManager::HasPickedUpItem
L 06/18/2020 - 22:58:11: [SM]   [2] Line 108, E:\SteamLibrary\steamapps\common\Black Mesa Dedicated Server\bms\addons\sourcemod\scripting\SourceCoop\scripting\include\srccoop/instancing.inc::Hook_Instancing_ItemTransmit
L 06/18/2020 - 22:58:11: [SM] Exception reported: Array index out-of-bounds (index -1, limit 66)
L 06/18/2020 - 22:58:11: [SM] Blaming: srccoop.smx
L 06/18/2020 - 22:58:11: [SM] Call stack trace:
L 06/18/2020 - 22:58:11: [SM]   [1] Line 38, E:\SteamLibrary\steamapps\common\Black Mesa Dedicated Server\bms\addons\sourcemod\scripting\SourceCoop\scripting\include\srccoop/instancing.inc::ItemInstancingManager::HasPickedUpItem
L 06/18/2020 - 22:58:11: [SM]   [2] Line 108, E:\SteamLibrary\steamapps\common\Black Mesa Dedicated Server\bms\addons\sourcemod\scripting\SourceCoop\scripting\include\srccoop/instancing.inc::Hook_Instancing_ItemTransmit
L 06/18/2020 - 22:58:11: [SM] Exception reported: Array index out-of-bounds (index -1, limit 66)
L 06/18/2020 - 22:58:11: [SM] Blaming: srccoop.smx
L 06/18/2020 - 22:58:11: [SM] Call stack trace:
L 06/18/2020 - 22:58:11: [SM]   [1] Line 38, E:\SteamLibrary\steamapps\common\Black Mesa Dedicated Server\bms\addons\sourcemod\scripting\SourceCoop\scripting\include\srccoop/instancing.inc::ItemInstancingManager::HasPickedUpItem
L 06/18/2020 - 22:58:11: [SM]   [2] Line 108, E:\SteamLibrary\steamapps\common\Black Mesa Dedicated Server\bms\addons\sourcemod\scripting\SourceCoop\scripting\include\srccoop/instancing.inc::Hook_Instancing_ItemTransmit
L 06/18/2020 - 22:58:11: [SM] Exception reported: Array index out-of-bounds (index -1, limit 66)
L 06/18/2020 - 22:58:11: [SM] Blaming: srccoop.smx
L 06/18/2020 - 22:58:11: [SM] Call stack trace:
L 06/18/2020 - 22:58:11: [SM]   [1] Line 38, E:\SteamLibrary\steamapps\common\Black Mesa Dedicated Server\bms\addons\sourcemod\scripting\SourceCoop\scripting\include\srccoop/instancing.inc::ItemInstancingManager::HasPickedUpItem
L 06/18/2020 - 22:58:11: [SM]   [2] Line 108, E:\SteamLibrary\steamapps\common\Black Mesa Dedicated Server\bms\addons\sourcemod\scripting\SourceCoop\scripting\include\srccoop/instancing.inc::Hook_Instancing_ItemTransmit
L 06/18/2020 - 22:58:11: [SM] Exception reported: Array index out-of-bounds (index -1, limit 66)
L 06/18/2020 - 22:58:11: [SM] Blaming: srccoop.smx
L 06/18/2020 - 22:58:11: [SM] Call stack trace:
L 06/18/2020 - 22:58:11: [SM]   [1] Line 38, E:\SteamLibrary\steamapps\common\Black Mesa Dedicated Server\bms\addons\sourcemod\scripting\SourceCoop\scripting\include\srccoop/instancing.inc::ItemInstancingManager::HasPickedUpItem
L 06/18/2020 - 22:58:11: [SM]   [2] Line 108, E:\SteamLibrary\steamapps\common\Black Mesa Dedicated Server\bms\addons\sourcemod\scripting\SourceCoop\scripting\include\srccoop/instancing.inc::Hook_Instancing_ItemTransmit
L 06/18/2020 - 22:58:11: [SM] Exception reported: Array index out-of-bounds (index -1, limit 66)
L 06/18/2020 - 22:58:11: [SM] Blaming: srccoop.smx
L 06/18/2020 - 22:58:11: [SM] Call stack trace:
L 06/18/2020 - 22:58:11: [SM]   [1] Line 38, E:\SteamLibrary\steamapps\common\Black Mesa Dedicated Server\bms\addons\sourcemod\scripting\SourceCoop\scripting\include\srccoop/instancing.inc::ItemInstancingManager::HasPickedUpItem
L 06/18/2020 - 22:58:11: [SM]   [2] Line 108, E:\SteamLibrary\steamapps\common\Black Mesa Dedicated Server\bms\addons\sourcemod\scripting\SourceCoop\scripting\include\srccoop/instancing.inc::Hook_Instancing_ItemTransmit
L 06/18/2020 - 22:58:11: [SM] Exception reported: Array index out-of-bounds (index -1, limit 66)
L 06/18/2020 - 22:58:11: [SM] Blaming: srccoop.smx
L 06/18/2020 - 22:58:11: [SM] Call stack trace:
L 06/18/2020 - 22:58:11: [SM]   [1] Line 38, E:\SteamLibrary\steamapps\common\Black Mesa Dedicated Server\bms\addons\sourcemod\scripting\SourceCoop\scripting\include\srccoop/instancing.inc::ItemInstancingManager::HasPickedUpItem
L 06/18/2020 - 22:58:11: [SM]   [2] Line 108, E:\SteamLibrary\steamapps\common\Black Mesa Dedicated Server\bms\addons\sourcemod\scripting\SourceCoop\scripting\include\srccoop/instancing.inc::Hook_Instancing_ItemTransmit
L 06/18/2020 - 22:58:11: [SM] Exception reported: Array index out-of-bounds (index -1, limit 66)
L 06/18/2020 - 22:58:11: [SM] Blaming: srccoop.smx
L 06/18/2020 - 22:58:11: [SM] Call stack trace:
L 06/18/2020 - 22:58:11: [SM]   [1] Line 38, E:\SteamLibrary\steamapps\common\Black Mesa Dedicated Server\bms\addons\sourcemod\scripting\SourceCoop\scripting\include\srccoop/instancing.inc::ItemInstancingManager::HasPickedUpItem
L 06/18/2020 - 22:58:11: [SM]   [2] Line 108, E:\SteamLibrary\steamapps\common\Black Mesa Dedicated Server\bms\addons\sourcemod\scripting\SourceCoop\scripting\include\srccoop/instancing.inc::Hook_Instancing_ItemTransmit
L 06/18/2020 - 22:58:11: [SM] Exception reported: Array index out-of-bounds (index -1, limit 66)
L 06/18/2020 - 22:58:11: [SM] Blaming: srccoop.smx
L 06/18/2020 - 22:58:11: [SM] Call stack trace:
L 06/18/2020 - 22:58:11: [SM]   [1] Line 38, E:\SteamLibrary\steamapps\common\Black Mesa Dedicated Server\bms\addons\sourcemod\scripting\SourceCoop\scripting\include\srccoop/instancing.inc::ItemInstancingManager::HasPickedUpItem
L 06/18/2020 - 22:58:11: [SM]   [2] Line 108, E:\SteamLibrary\steamapps\common\Black Mesa Dedicated Server\bms\addons\sourcemod\scripting\SourceCoop\scripting\include\srccoop/instancing.inc::Hook_Instancing_ItemTransmit
L 06/18/2020 - 22:58:11: [SM] Exception reported: Array index out-of-bounds (index -1, limit 66)
L 06/18/2020 - 22:58:11: [SM] Blaming: srccoop.smx
L 06/18/2020 - 22:58:11: [SM] Call stack trace:
L 06/18/2020 - 22:58:11: [SM]   [1] Line 38, E:\SteamLibrary\steamapps\common\Black Mesa Dedicated Server\bms\addons\sourcemod\scripting\SourceCoop\scripting\include\srccoop/instancing.inc::ItemInstancingManager::HasPickedUpItem
L 06/18/2020 - 22:58:11: [SM]   [2] Line 108, E:\SteamLibrary\steamapps\common\Black Mesa Dedicated Server\bms\addons\sourcemod\scripting\SourceCoop\scripting\include\srccoop/instancing.inc::Hook_Instancing_ItemTransmit
L 06/18/2020 - 22:58:11: [SM] Exception reported: Array index out-of-bounds (index -1, limit 66)
L 06/18/2020 - 22:58:11: [SM] Blaming: srccoop.smx
L 06/18/2020 - 22:58:11: [SM] Call stack trace:
L 06/18/2020 - 22:58:11: [SM]   [1] Line 38, E:\SteamLibrary\steamapps\common\Black Mesa Dedicated Server\bms\addons\sourcemod\scripting\SourceCoop\scripting\include\srccoop/instancing.inc::ItemInstancingManager::HasPickedUpItem
L 06/18/2020 - 22:58:11: [SM]   [2] Line 108, E:\SteamLibrary\steamapps\common\Black Mesa Dedicated Server\bms\addons\sourcemod\scripting\SourceCoop\scripting\include\srccoop/instancing.inc::Hook_Instancing_ItemTransmit
L 06/18/2020 - 22:58:11: [SM] Exception reported: Array index out-of-bounds (index -1, limit 66)
L 06/18/2020 - 22:58:11: [SM] Blaming: srccoop.smx
L 06/18/2020 - 22:58:11: [SM] Call stack trace:
L 06/18/2020 - 22:58:11: [SM]   [1] Line 38, E:\SteamLibrary\steamapps\common\Black Mesa Dedicated Server\bms\addons\sourcemod\scripting\SourceCoop\scripting\include\srccoop/instancing.inc::ItemInstancingManager::HasPickedUpItem
L 06/18/2020 - 22:58:11: [SM]   [2] Line 108, E:\SteamLibrary\steamapps\common\Black Mesa Dedicated Server\bms\addons\sourcemod\scripting\SourceCoop\scripting\include\srccoop/instancing.inc::Hook_Instancing_ItemTransmit
L 06/18/2020 - 22:58:11: [SM] Exception reported: Array index out-of-bounds (index -1, limit 66)
L 06/18/2020 - 22:58:11: [SM] Blaming: srccoop.smx
L 06/18/2020 - 22:58:11: [SM] Call stack trace:
L 06/18/2020 - 22:58:11: [SM]   [1] Line 38, E:\SteamLibrary\steamapps\common\Black Mesa Dedicated Server\bms\addons\sourcemod\scripting\SourceCoop\scripting\include\srccoop/instancing.inc::ItemInstancingManager::HasPickedUpItem
L 06/18/2020 - 22:58:11: [SM]   [2] Line 108, E:\SteamLibrary\steamapps\common\Black Mesa Dedicated Server\bms\addons\sourcemod\scripting\SourceCoop\scripting\include\srccoop/instancing.inc::Hook_Instancing_ItemTransmit
L 06/18/2020 - 22:58:11: [SM] Exception reported: Array index out-of-bounds (index -1, limit 66)
L 06/18/2020 - 22:58:11: [SM] Blaming: srccoop.smx
L 06/18/2020 - 22:58:11: [SM] Call stack trace:
L 06/18/2020 - 22:58:11: [SM]   [1] Line 38, E:\SteamLibrary\steamapps\common\Black Mesa Dedicated Server\bms\addons\sourcemod\scripting\SourceCoop\scripting\include\srccoop/instancing.inc::ItemInstancingManager::HasPickedUpItem
L 06/18/2020 - 22:58:11: [SM]   [2] Line 108, E:\SteamLibrary\steamapps\common\Black Mesa Dedicated Server\bms\addons\sourcemod\scripting\SourceCoop\scripting\include\srccoop/instancing.inc::Hook_Instancing_ItemTransmit
L 06/18/2020 - 22:58:11: [SM] Exception reported: Array index out-of-bounds (index -1, limit 66)
L 06/18/2020 - 22:58:11: [SM] Blaming: srccoop.smx
L 06/18/2020 - 22:58:11: [SM] Call stack trace:
L 06/18/2020 - 22:58:11: [SM]   [1] Line 38, E:\SteamLibrary\steamapps\common\Black Mesa Dedicated Server\bms\addons\sourcemod\scripting\SourceCoop\scripting\include\srccoop/instancing.inc::ItemInstancingManager::HasPickedUpItem
L 06/18/2020 - 22:58:11: [SM]   [2] Line 108, E:\SteamLibrary\steamapps\common\Black Mesa Dedicated Server\bms\addons\sourcemod\scripting\SourceCoop\scripting\include\srccoop/instancing.inc::Hook_Instancing_ItemTransmit
L 06/18/2020 - 22:58:11: [SM] Exception reported: Array index out-of-bounds (index -1, limit 66)
L 06/18/2020 - 22:58:11: [SM] Blaming: srccoop.smx
L 06/18/2020 - 22:58:11: [SM] Call stack trace:
L 06/18/2020 - 22:58:11: [SM]   [1] Line 38, E:\SteamLibrary\steamapps\common\Black Mesa Dedicated Server\bms\addons\sourcemod\scripting\SourceCoop\scripting\include\srccoop/instancing.inc::ItemInstancingManager::HasPickedUpItem
L 06/18/2020 - 22:58:11: [SM]   [2] Line 108, E:\SteamLibrary\steamapps\common\Black Mesa Dedicated Server\bms\addons\sourcemod\scripting\SourceCoop\scripting\include\srccoop/instancing.inc::Hook_Instancing_ItemTransmit
L 06/18/2020 - 22:58:11: [SM] Exception reported: Array index out-of-bounds (index -1, limit 66)
L 06/18/2020 - 22:58:11: [SM] Blaming: srccoop.smx
L 06/18/2020 - 22:58:11: [SM] Call stack trace:
L 06/18/2020 - 22:58:11: [SM]   [1] Line 38, E:\SteamLibrary\steamapps\common\Black Mesa Dedicated Server\bms\addons\sourcemod\scripting\SourceCoop\scripting\include\srccoop/instancing.inc::ItemInstancingManager::HasPickedUpItem
L 06/18/2020 - 22:58:11: [SM]   [2] Line 108, E:\SteamLibrary\steamapps\common\Black Mesa Dedicated Server\bms\addons\sourcemod\scripting\SourceCoop\scripting\include\srccoop/instancing.inc::Hook_Instancing_ItemTransmit
L 06/18/2020 - 22:58:11: [SM] Exception reported: Array index out-of-bounds (index -1, limit 66)
L 06/18/2020 - 22:58:11: [SM] Blaming: srccoop.smx
L 06/18/2020 - 22:58:11: [SM] Call stack trace:
L 06/18/2020 - 22:58:11: [SM]   [1] Line 38, E:\SteamLibrary\steamapps\common\Black Mesa Dedicated Server\bms\addons\sourcemod\scripting\SourceCoop\scripting\include\srccoop/instancing.inc::ItemInstancingManager::HasPickedUpItem
L 06/18/2020 - 22:58:11: [SM]   [2] Line 108, E:\SteamLibrary\steamapps\common\Black Mesa Dedicated Server\bms\addons\sourcemod\scripting\SourceCoop\scripting\include\srccoop/instancing.inc::Hook_Instancing_ItemTransmit
L 06/18/2020 - 22:58:11: [SM] Exception reported: Array index out-of-bounds (index -1, limit 66)
L 06/18/2020 - 22:58:11: [SM] Blaming: srccoop.smx
L 06/18/2020 - 22:58:11: [SM] Call stack trace:
L 06/18/2020 - 22:58:11: [SM]   [1] Line 38, E:\SteamLibrary\steamapps\common\Black Mesa Dedicated Server\bms\addons\sourcemod\scripting\SourceCoop\scripting\include\srccoop/instancing.inc::ItemInstancingManager::HasPickedUpItem
L 06/18/2020 - 22:58:11: [SM]   [2] Line 108, E:\SteamLibrary\steamapps\common\Black Mesa Dedicated Server\bms\addons\sourcemod\scripting\SourceCoop\scripting\include\srccoop/instancing.inc::Hook_Instancing_ItemTransmit
L 06/18/2020 - 22:58:11: [SM] Exception reported: Array index out-of-bounds (index -1, limit 66)
L 06/18/2020 - 22:58:11: [SM] Blaming: srccoop.smx
L 06/18/2020 - 22:58:11: [SM] Call stack trace:
L 06/18/2020 - 22:58:11: [SM]   [1] Line 38, E:\SteamLibrary\steamapps\common\Black Mesa Dedicated Server\bms\addons\sourcemod\scripting\SourceCoop\scripting\include\srccoop/instancing.inc::ItemInstancingManager::HasPickedUpItem
L 06/18/2020 - 22:58:11: [SM]   [2] Line 108, E:\SteamLibrary\steamapps\common\Black Mesa Dedicated Server\bms\addons\sourcemod\scripting\SourceCoop\scripting\include\srccoop/instancing.inc::Hook_Instancing_ItemTransmit
L 06/18/2020 - 22:58:11: [SM] Exception reported: Array index out-of-bounds (index -1, limit 66)
L 06/18/2020 - 22:58:11: [SM] Blaming: srccoop.smx
L 06/18/2020 - 22:58:11: [SM] Call stack trace:
L 06/18/2020 - 22:58:11: [SM]   [1] Line 38, E:\SteamLibrary\steamapps\common\Black Mesa Dedicated Server\bms\addons\sourcemod\scripting\SourceCoop\scripting\include\srccoop/instancing.inc::ItemInstancingManager::HasPickedUpItem
L 06/18/2020 - 22:58:11: [SM]   [2] Line 108, E:\SteamLibrary\steamapps\common\Black Mesa Dedicated Server\bms\addons\sourcemod\scripting\SourceCoop\scripting\include\srccoop/instancing.inc::Hook_Instancing_ItemTransmit
L 06/18/2020 - 22:58:11: [SM] Exception reported: Array index out-of-bounds (index -1, limit 66)
L 06/18/2020 - 22:58:11: [SM] Blaming: srccoop.smx
L 06/18/2020 - 22:58:11: [SM] Call stack trace:
L 06/18/2020 - 22:58:11: [SM]   [1] Line 38, E:\SteamLibrary\steamapps\common\Black Mesa Dedicated Server\bms\addons\sourcemod\scripting\SourceCoop\scripting\include\srccoop/instancing.inc::ItemInstancingManager::HasPickedUpItem
L 06/18/2020 - 22:58:11: [SM]   [2] Line 108, E:\SteamLibrary\steamapps\common\Black Mesa Dedicated Server\bms\addons\sourcemod\scripting\SourceCoop\scripting\include\srccoop/instancing.inc::Hook_Instancing_ItemTransmit
L 06/18/2020 - 22:58:11: [SM] Exception reported: Array index out-of-bounds (index -1, limit 66)
L 06/18/2020 - 22:58:11: [SM] Blaming: srccoop.smx
L 06/18/2020 - 22:58:11: [SM] Call stack trace:
L 06/18/2020 - 22:58:11: [SM]   [1] Line 38, E:\SteamLibrary\steamapps\common\Black Mesa Dedicated Server\bms\addons\sourcemod\scripting\SourceCoop\scripting\include\srccoop/instancing.inc::ItemInstancingManager::HasPickedUpItem
L 06/18/2020 - 22:58:11: [SM]   [2] Line 108, E:\SteamLibrary\steamapps\common\Black Mesa Dedicated Server\bms\addons\sourcemod\scripting\SourceCoop\scripting\include\srccoop/instancing.inc::Hook_Instancing_ItemTransmit
L 06/18/2020 - 22:58:11: [SM] Exception reported: Array index out-of-bounds (index -1, limit 66)
L 06/18/2020 - 22:58:11: [SM] Blaming: srccoop.smx
L 06/18/2020 - 22:58:11: [SM] Call stack trace:
L 06/18/2020 - 22:58:11: [SM]   [1] Line 38, E:\SteamLibrary\steamapps\common\Black Mesa Dedicated Server\bms\addons\sourcemod\scripting\SourceCoop\scripting\include\srccoop/instancing.inc::ItemInstancingManager::HasPickedUpItem
L 06/18/2020 - 22:58:11: [SM]   [2] Line 108, E:\SteamLibrary\steamapps\common\Black Mesa Dedicated Server\bms\addons\sourcemod\scripting\SourceCoop\scripting\include\srccoop/instancing.inc::Hook_Instancing_ItemTransmit
L 06/18/2020 - 22:58:11: [SM] Exception reported: Array index out-of-bounds (index -1, limit 66)
L 06/18/2020 - 22:58:11: [SM] Blaming: srccoop.smx
L 06/18/2020 - 22:58:11: [SM] Call stack trace:
L 06/18/2020 - 22:58:11: [SM]   [1] Line 38, E:\SteamLibrary\steamapps\common\Black Mesa Dedicated Server\bms\addons\sourcemod\scripting\SourceCoop\scripting\include\srccoop/instancing.inc::ItemInstancingManager::HasPickedUpItem
L 06/18/2020 - 22:58:11: [SM]   [2] Line 108, E:\SteamLibrary\steamapps\common\Black Mesa Dedicated Server\bms\addons\sourcemod\scripting\SourceCoop\scripting\include\srccoop/instancing.inc::Hook_Instancing_ItemTransmit
L 06/18/2020 - 22:58:11: [SM] Exception reported: Array index out-of-bounds (index -1, limit 66)
L 06/18/2020 - 22:58:11: [SM] Blaming: srccoop.smx
L 06/18/2020 - 22:58:11: [SM] Call stack trace:
L 06/18/2020 - 22:58:11: [SM]   [1] Line 38, E:\SteamLibrary\steamapps\common\Black Mesa Dedicated Server\bms\addons\sourcemod\scripting\SourceCoop\scripting\include\srccoop/instancing.inc::ItemInstancingManager::HasPickedUpItem
L 06/18/2020 - 22:58:11: [SM]   [2] Line 108, E:\SteamLibrary\steamapps\common\Black Mesa Dedicated Server\bms\addons\sourcemod\scripting\SourceCoop\scripting\include\srccoop/instancing.inc::Hook_Instancing_ItemTransmit
L 06/18/2020 - 22:58:11: [SM] Exception reported: Array index out-of-bounds (index -1, limit 66)
L 06/18/2020 - 22:58:11: [SM] Blaming: srccoop.smx
L 06/18/2020 - 22:58:11: [SM] Call stack trace:
L 06/18/2020 - 22:58:11: [SM]   [1] Line 38, E:\SteamLibrary\steamapps\common\Black Mesa Dedicated Server\bms\addons\sourcemod\scripting\SourceCoop\scripting\include\srccoop/instancing.inc::ItemInstancingManager::HasPickedUpItem
L 06/18/2020 - 22:58:11: [SM]   [2] Line 108, E:\SteamLibrary\steamapps\common\Black Mesa Dedicated Server\bms\addons\sourcemod\scripting\SourceCoop\scripting\include\srccoop/instancing.inc::Hook_Instancing_ItemTransmit
L 06/18/2020 - 22:58:11: [SM] Exception reported: Array index out-of-bounds (index -1, limit 66)
L 06/18/2020 - 22:58:11: [SM] Blaming: srccoop.smx
L 06/18/2020 - 22:58:11: [SM] Call stack trace:
L 06/18/2020 - 22:58:11: [SM]   [1] Line 38, E:\SteamLibrary\steamapps\common\Black Mesa Dedicated Server\bms\addons\sourcemod\scripting\SourceCoop\scripting\include\srccoop/instancing.inc::ItemInstancingManager::HasPickedUpItem
L 06/18/2020 - 22:58:11: [SM]   [2] Line 108, E:\SteamLibrary\steamapps\common\Black Mesa Dedicated Server\bms\addons\sourcemod\scripting\SourceCoop\scripting\include\srccoop/instancing.inc::Hook_Instancing_ItemTransmit
L 06/18/2020 - 22:58:11: [SM] Exception reported: Array index out-of-bounds (index -1, limit 66)
L 06/18/2020 - 22:58:11: [SM] Blaming: srccoop.smx
L 06/18/2020 - 22:58:11: [SM] Call stack trace:
L 06/18/2020 - 22:58:11: [SM]   [1] Line 38, E:\SteamLibrary\steamapps\common\Black Mesa Dedicated Server\bms\addons\sourcemod\scripting\SourceCoop\scripting\include\srccoop/instancing.inc::ItemInstancingManager::HasPickedUpItem
L 06/18/2020 - 22:58:11: [SM]   [2] Line 108, E:\SteamLibrary\steamapps\common\Black Mesa Dedicated Server\bms\addons\sourcemod\scripting\SourceCoop\scripting\include\srccoop/instancing.inc::Hook_Instancing_ItemTransmit
L 06/18/2020 - 22:58:11: [SM] Exception reported: Array index out-of-bounds (index -1, limit 66)
L 06/18/2020 - 22:58:11: [SM] Blaming: srccoop.smx
L 06/18/2020 - 22:58:11: [SM] Call stack trace:
L 06/18/2020 - 22:58:11: [SM]   [1] Line 38, E:\SteamLibrary\steamapps\common\Black Mesa Dedicated Server\bms\addons\sourcemod\scripting\SourceCoop\scripting\include\srccoop/instancing.inc::ItemInstancingManager::HasPickedUpItem
L 06/18/2020 - 22:58:11: [SM]   [2] Line 108, E:\SteamLibrary\steamapps\common\Black Mesa Dedicated Server\bms\addons\sourcemod\scripting\SourceCoop\scripting\include\srccoop/instancing.inc::Hook_Instancing_ItemTransmit
L 06/18/2020 - 22:58:11: [SM] Exception reported: Array index out-of-bounds (index -1, limit 66)
L 06/18/2020 - 22:58:11: [SM] Blaming: srccoop.smx
L 06/18/2020 - 22:58:11: [SM] Call stack trace:
L 06/18/2020 - 22:58:11: [SM]   [1] Line 38, E:\SteamLibrary\steamapps\common\Black Mesa Dedicated Server\bms\addons\sourcemod\scripting\SourceCoop\scripting\include\srccoop/instancing.inc::ItemInstancingManager::HasPickedUpItem
L 06/18/2020 - 22:58:11: [SM]   [2] Line 108, E:\SteamLibrary\steamapps\common\Black Mesa Dedicated Server\bms\addons\sourcemod\scripting\SourceCoop\scripting\include\srccoop/instancing.inc::Hook_Instancing_ItemTransmit
L 06/18/2020 - 22:58:11: [SM] Exception reported: Array index out-of-bounds (index -1, limit 66)
L 06/18/2020 - 22:58:11: [SM] Blaming: srccoop.smx
L 06/18/2020 - 22:58:11: [SM] Call stack trace:
L 06/18/2020 - 22:58:11: [SM]   [1] Line 38, E:\SteamLibrary\steamapps\common\Black Mesa Dedicated Server\bms\addons\sourcemod\scripting\SourceCoop\scripting\include\srccoop/instancing.inc::ItemInstancingManager::HasPickedUpItem
L 06/18/2020 - 22:58:11: [SM]   [2] Line 108, E:\SteamLibrary\steamapps\common\Black Mesa Dedicated Server\bms\addons\sourcemod\scripting\SourceCoop\scripting\include\srccoop/instancing.inc::Hook_Instancing_ItemTransmit
L 06/18/2020 - 22:58:11: [SM] Exception reported: Array index out-of-bounds (index -1, limit 66)
L 06/18/2020 - 22:58:11: [SM] Blaming: srccoop.smx
L 06/18/2020 - 22:58:11: [SM] Call stack trace:
L 06/18/2020 - 22:58:11: [SM]   [1] Line 38, E:\SteamLibrary\steamapps\common\Black Mesa Dedicated Server\bms\addons\sourcemod\scripting\SourceCoop\scripting\include\srccoop/instancing.inc::ItemInstancingManager::HasPickedUpItem
L 06/18/2020 - 22:58:11: [SM]   [2] Line 108, E:\SteamLibrary\steamapps\common\Black Mesa Dedicated Server\bms\addons\sourcemod\scripting\SourceCoop\scripting\include\srccoop/instancing.inc::Hook_Instancing_ItemTransmit
L 06/18/2020 - 22:58:11: [SM] Exception reported: Array index out-of-bounds (index -1, limit 66)
L 06/18/2020 - 22:58:11: [SM] Blaming: srccoop.smx
L 06/18/2020 - 22:58:11: [SM] Call stack trace:
L 06/18/2020 - 22:58:11: [SM]   [1] Line 38, E:\SteamLibrary\steamapps\common\Black Mesa Dedicated Server\bms\addons\sourcemod\scripting\SourceCoop\scripting\include\srccoop/instancing.inc::ItemInstancingManager::HasPickedUpItem
L 06/18/2020 - 22:58:11: [SM]   [2] Line 108, E:\SteamLibrary\steamapps\common\Black Mesa Dedicated Server\bms\addons\sourcemod\scripting\SourceCoop\scripting\include\srccoop/instancing.inc::Hook_Instancing_ItemTransmit
L 06/18/2020 - 22:58:11: [SM] Exception reported: Array index out-of-bounds (index -1, limit 66)
L 06/18/2020 - 22:58:11: [SM] Blaming: srccoop.smx
L 06/18/2020 - 22:58:11: [SM] Call stack trace:
L 06/18/2020 - 22:58:11: [SM]   [1] Line 38, E:\SteamLibrary\steamapps\common\Black Mesa Dedicated Server\bms\addons\sourcemod\scripting\SourceCoop\scripting\include\srccoop/instancing.inc::ItemInstancingManager::HasPickedUpItem
L 06/18/2020 - 22:58:11: [SM]   [2] Line 108, E:\SteamLibrary\steamapps\common\Black Mesa Dedicated Server\bms\addons\sourcemod\scripting\SourceCoop\scripting\include\srccoop/instancing.inc::Hook_Instancing_ItemTransmit
L 06/18/2020 - 22:58:11: [SM] Exception reported: Array index out-of-bounds (index -1, limit 66)
L 06/18/2020 - 22:58:11: [SM] Blaming: srccoop.smx
L 06/18/2020 - 22:58:11: [SM] Call stack trace:
L 06/18/2020 - 22:58:11: [SM]   [1] Line 38, E:\SteamLibrary\steamapps\common\Black Mesa Dedicated Server\bms\addons\sourcemod\scripting\SourceCoop\scripting\include\srccoop/instancing.inc::ItemInstancingManager::HasPickedUpItem
L 06/18/2020 - 22:58:11: [SM]   [2] Line 108, E:\SteamLibrary\steamapps\common\Black Mesa Dedicated Server\bms\addons\sourcemod\scripting\SourceCoop\scripting\include\srccoop/instancing.inc::Hook_Instancing_ItemTransmit
L 06/18/2020 - 22:58:11: [SM] Exception reported: Array index out-of-bounds (index -1, limit 66)
L 06/18/2020 - 22:58:11: [SM] Blaming: srccoop.smx
L 06/18/2020 - 22:58:11: [SM] Call stack trace:
L 06/18/2020 - 22:58:11: [SM]   [1] Line 38, E:\SteamLibrary\steamapps\common\Black Mesa Dedicated Server\bms\addons\sourcemod\scripting\SourceCoop\scripting\include\srccoop/instancing.inc::ItemInstancingManager::HasPickedUpItem
L 06/18/2020 - 22:58:11: [SM]   [2] Line 108, E:\SteamLibrary\steamapps\common\Black Mesa Dedicated Server\bms\addons\sourcemod\scripting\SourceCoop\scripting\include\srccoop/instancing.inc::Hook_Instancing_ItemTransmit
L 06/18/2020 - 22:58:11: [SM] Exception reported: Array index out-of-bounds (index -1, limit 66)
L 06/18/2020 - 22:58:11: [SM] Blaming: srccoop.smx
L 06/18/2020 - 22:58:11: [SM] Call stack trace:
L 06/18/2020 - 22:58:11: [SM]   [1] Line 38, E:\SteamLibrary\steamapps\common\Black Mesa Dedicated Server\bms\addons\sourcemod\scripting\SourceCoop\scripting\include\srccoop/instancing.inc::ItemInstancingManager::HasPickedUpItem
L 06/18/2020 - 22:58:11: [SM]   [2] Line 108, E:\SteamLibrary\steamapps\common\Black Mesa Dedicated Server\bms\addons\sourcemod\scripting\SourceCoop\scripting\include\srccoop/instancing.inc::Hook_Instancing_ItemTransmit
L 06/18/2020 - 22:58:11: [SM] Exception reported: Array index out-of-bounds (index -1, limit 66)
L 06/18/2020 - 22:58:11: [SM] Blaming: srccoop.smx
L 06/18/2020 - 22:58:11: [SM] Call stack trace:
L 06/18/2020 - 22:58:11: [SM]   [1] Line 38, E:\SteamLibrary\steamapps\common\Black Mesa Dedicated Server\bms\addons\sourcemod\scripting\SourceCoop\scripting\include\srccoop/instancing.inc::ItemInstancingManager::HasPickedUpItem
L 06/18/2020 - 22:58:11: [SM]   [2] Line 108, E:\SteamLibrary\steamapps\common\Black Mesa Dedicated Server\bms\addons\sourcemod\scripting\SourceCoop\scripting\include\srccoop/instancing.inc::Hook_Instancing_ItemTransmit
L 06/18/2020 - 22:58:11: [SM] Exception reported: Array index out-of-bounds (index -1, limit 66)
L 06/18/2020 - 22:58:11: [SM] Blaming: srccoop.smx
L 06/18/2020 - 22:58:11: [SM] Call stack trace:
L 06/18/2020 - 22:58:11: [SM]   [1] Line 38, E:\SteamLibrary\steamapps\common\Black Mesa Dedicated Server\bms\addons\sourcemod\scripting\SourceCoop\scripting\include\srccoop/instancing.inc::ItemInstancingManager::HasPickedUpItem
L 06/18/2020 - 22:58:11: [SM]   [2] Line 108, E:\SteamLibrary\steamapps\common\Black Mesa Dedicated Server\bms\addons\sourcemod\scripting\SourceCoop\scripting\include\srccoop/instancing.inc::Hook_Instancing_ItemTransmit
L 06/18/2020 - 22:58:11: [SM] Exception reported: Array index out-of-bounds (index -1, limit 66)
L 06/18/2020 - 22:58:11: [SM] Blaming: srccoop.smx
L 06/18/2020 - 22:58:11: [SM] Call stack trace:
L 06/18/2020 - 22:58:11: [SM]   [1] Line 38, E:\SteamLibrary\steamapps\common\Black Mesa Dedicated Server\bms\addons\sourcemod\scripting\SourceCoop\scripting\include\srccoop/instancing.inc::ItemInstancingManager::HasPickedUpItem
L 06/18/2020 - 22:58:11: [SM]   [2] Line 108, E:\SteamLibrary\steamapps\common\Black Mesa Dedicated Server\bms\addons\sourcemod\scripting\SourceCoop\scripting\include\srccoop/instancing.inc::Hook_Instancing_ItemTransmit
L 06/18/2020 - 22:58:11: [SM] Exception reported: Array index out-of-bounds (index -1, limit 66)
L 06/18/2020 - 22:58:11: [SM] Blaming: srccoop.smx
L 06/18/2020 - 22:58:11: [SM] Call stack trace:
L 06/18/2020 - 22:58:11: [SM]   [1] Line 38, E:\SteamLibrary\steamapps\common\Black Mesa Dedicated Server\bms\addons\sourcemod\scripting\SourceCoop\scripting\include\srccoop/instancing.inc::ItemInstancingManager::HasPickedUpItem
L 06/18/2020 - 22:58:11: [SM]   [2] Line 108, E:\SteamLibrary\steamapps\common\Black Mesa Dedicated Server\bms\addons\sourcemod\scripting\SourceCoop\scripting\include\srccoop/instancing.inc::Hook_Instancing_ItemTransmit
L 06/18/2020 - 22:58:11: [SM] Exception reported: Array index out-of-bounds (index -1, limit 66)
L 06/18/2020 - 22:58:11: [SM] Blaming: srccoop.smx
L 06/18/2020 - 22:58:11: [SM] Call stack trace:
L 06/18/2020 - 22:58:11: [SM]   [1] Line 38, E:\SteamLibrary\steamapps\common\Black Mesa Dedicated Server\bms\addons\sourcemod\scripting\SourceCoop\scripting\include\srccoop/instancing.inc::ItemInstancingManager::HasPickedUpItem
L 06/18/2020 - 22:58:11: [SM]   [2] Line 108, E:\SteamLibrary\steamapps\common\Black Mesa Dedicated Server\bms\addons\sourcemod\scripting\SourceCoop\scripting\include\srccoop/instancing.inc::Hook_Instancing_ItemTransmit
L 06/18/2020 - 22:58:11: [SM] Exception reported: Array index out-of-bounds (index -1, limit 66)
L 06/18/2020 - 22:58:11: [SM] Blaming: srccoop.smx
L 06/18/2020 - 22:58:11: [SM] Call stack trace:
L 06/18/2020 - 22:58:11: [SM]   [1] Line 38, E:\SteamLibrary\steamapps\common\Black Mesa Dedicated Server\bms\addons\sourcemod\scripting\SourceCoop\scripting\include\srccoop/instancing.inc::ItemInstancingManager::HasPickedUpItem
L 06/18/2020 - 22:58:11: [SM]   [2] Line 108, E:\SteamLibrary\steamapps\common\Black Mesa Dedicated Server\bms\addons\sourcemod\scripting\SourceCoop\scripting\include\srccoop/instancing.inc::Hook_Instancing_ItemTransmit
L 06/18/2020 - 22:58:11: [SM] Exception reported: Array index out-of-bounds (index -1, limit 66)
L 06/18/2020 - 22:58:11: [SM] Blaming: srccoop.smx
L 06/18/2020 - 22:58:11: [SM] Call stack trace:
L 06/18/2020 - 22:58:11: [SM]   [1] Line 38, E:\SteamLibrary\steamapps\common\Black Mesa Dedicated Server\bms\addons\sourcemod\scripting\SourceCoop\scripting\include\srccoop/instancing.inc::ItemInstancingManager::HasPickedUpItem
L 06/18/2020 - 22:58:11: [SM]   [2] Line 108, E:\SteamLibrary\steamapps\common\Black Mesa Dedicated Server\bms\addons\sourcemod\scripting\SourceCoop\scripting\include\srccoop/instancing.inc::Hook_Instancing_ItemTransmit
L 06/18/2020 - 22:58:11: [SM] Exception reported: Array index out-of-bounds (index -1, limit 66)
L 06/18/2020 - 22:58:11: [SM] Blaming: srccoop.smx
L 06/18/2020 - 22:58:11: [SM] Call stack trace:
L 06/18/2020 - 22:58:11: [SM]   [1] Line 38, E:\SteamLibrary\steamapps\common\Black Mesa Dedicated Server\bms\addons\sourcemod\scripting\SourceCoop\scripting\include\srccoop/instancing.inc::ItemInstancingManager::HasPickedUpItem
L 06/18/2020 - 22:58:11: [SM]   [2] Line 108, E:\SteamLibrary\steamapps\common\Black Mesa Dedicated Server\bms\addons\sourcemod\scripting\SourceCoop\scripting\include\srccoop/instancing.inc::Hook_Instancing_ItemTransmit
L 06/18/2020 - 22:58:11: [SM] Exception reported: Array index out-of-bounds (index -1, limit 66)
L 06/18/2020 - 22:58:11: [SM] Blaming: srccoop.smx
L 06/18/2020 - 22:58:11: [SM] Call stack trace:
L 06/18/2020 - 22:58:11: [SM]   [1] Line 38, E:\SteamLibrary\steamapps\common\Black Mesa Dedicated Server\bms\addons\sourcemod\scripting\SourceCoop\scripting\include\srccoop/instancing.inc::ItemInstancingManager::HasPickedUpItem
L 06/18/2020 - 22:58:11: [SM]   [2] Line 108, E:\SteamLibrary\steamapps\common\Black Mesa Dedicated Server\bms\addons\sourcemod\scripting\SourceCoop\scripting\include\srccoop/instancing.inc::Hook_Instancing_ItemTransmit
L 06/18/2020 - 22:58:11: [SM] Exception reported: Array index out-of-bounds (index -1, limit 66)
L 06/18/2020 - 22:58:11: [SM] Blaming: srccoop.smx
L 06/18/2020 - 22:58:11: [SM] Call stack trace:
L 06/18/2020 - 22:58:11: [SM]   [1] Line 38, E:\SteamLibrary\steamapps\common\Black Mesa Dedicated Server\bms\addons\sourcemod\scripting\SourceCoop\scripting\include\srccoop/instancing.inc::ItemInstancingManager::HasPickedUpItem
L 06/18/2020 - 22:58:11: [SM]   [2] Line 108, E:\SteamLibrary\steamapps\common\Black Mesa Dedicated Server\bms\addons\sourcemod\scripting\SourceCoop\scripting\include\srccoop/instancing.inc::Hook_Instancing_ItemTransmit
L 06/18/2020 - 22:58:11: [SM] Exception reported: Array index out-of-bounds (index -1, limit 66)
L 06/18/2020 - 22:58:11: [SM] Blaming: srccoop.smx
L 06/18/2020 - 22:58:11: [SM] Call stack trace:
L 06/18/2020 - 22:58:11: [SM]   [1] Line 38, E:\SteamLibrary\steamapps\common\Black Mesa Dedicated Server\bms\addons\sourcemod\scripting\SourceCoop\scripting\include\srccoop/instancing.inc::ItemInstancingManager::HasPickedUpItem
L 06/18/2020 - 22:58:11: [SM]   [2] Line 108, E:\SteamLibrary\steamapps\common\Black Mesa Dedicated Server\bms\addons\sourcemod\scripting\SourceCoop\scripting\include\srccoop/instancing.inc::Hook_Instancing_ItemTransmit
L 06/18/2020 - 22:58:11: [SM] Exception reported: Array index out-of-bounds (index -1, limit 66)
L 06/18/2020 - 22:58:11: [SM] Blaming: srccoop.smx
L 06/18/2020 - 22:58:11: [SM] Call stack trace:
L 06/18/2020 - 22:58:11: [SM]   [1] Line 38, E:\SteamLibrary\steamapps\common\Black Mesa Dedicated Server\bms\addons\sourcemod\scripting\SourceCoop\scripting\include\srccoop/instancing.inc::ItemInstancingManager::HasPickedUpItem
L 06/18/2020 - 22:58:11: [SM]   [2] Line 108, E:\SteamLibrary\steamapps\common\Black Mesa Dedicated Server\bms\addons\sourcemod\scripting\SourceCoop\scripting\include\srccoop/instancing.inc::Hook_Instancing_ItemTransmit
L 06/18/2020 - 22:58:11: [SM] Exception reported: Array index out-of-bounds (index -1, limit 66)
L 06/18/2020 - 22:58:11: [SM] Blaming: srccoop.smx
L 06/18/2020 - 22:58:11: [SM] Call stack trace:
L 06/18/2020 - 22:58:11: [SM]   [1] Line 38, E:\SteamLibrary\steamapps\common\Black Mesa Dedicated Server\bms\addons\sourcemod\scripting\SourceCoop\scripting\include\srccoop/instancing.inc::ItemInstancingManager::HasPickedUpItem
L 06/18/2020 - 22:58:11: [SM]   [2] Line 108, E:\SteamLibrary\steamapps\common\Black Mesa Dedicated Server\bms\addons\sourcemod\scripting\SourceCoop\scripting\include\srccoop/instancing.inc::Hook_Instancing_ItemTransmit
L 06/18/2020 - 22:58:11: [SM] Exception reported: Array index out-of-bounds (index -1, limit 66)
L 06/18/2020 - 22:58:11: [SM] Blaming: srccoop.smx
L 06/18/2020 - 22:58:11: [SM] Call stack trace:
L 06/18/2020 - 22:58:11: [SM]   [1] Line 38, E:\SteamLibrary\steamapps\common\Black Mesa Dedicated Server\bms\addons\sourcemod\scripting\SourceCoop\scripting\include\srccoop/instancing.inc::ItemInstancingManager::HasPickedUpItem
L 06/18/2020 - 22:58:11: [SM]   [2] Line 108, E:\SteamLibrary\steamapps\common\Black Mesa Dedicated Server\bms\addons\sourcemod\scripting\SourceCoop\scripting\include\srccoop/instancing.inc::Hook_Instancing_ItemTransmit
L 06/18/2020 - 22:58:11: [SM] Exception reported: Array index out-of-bounds (index -1, limit 66)
L 06/18/2020 - 22:58:11: [SM] Blaming: srccoop.smx
L 06/18/2020 - 22:58:11: [SM] Call stack trace:
L 06/18/2020 - 22:58:11: [SM]   [1] Line 38, E:\SteamLibrary\steamapps\common\Black Mesa Dedicated Server\bms\addons\sourcemod\scripting\SourceCoop\scripting\include\srccoop/instancing.inc::ItemInstancingManager::HasPickedUpItem
L 06/18/2020 - 22:58:11: [SM]   [2] Line 108, E:\SteamLibrary\steamapps\common\Black Mesa Dedicated Server\bms\addons\sourcemod\scripting\SourceCoop\scripting\include\srccoop/instancing.inc::Hook_Instancing_ItemTransmit
L 06/18/2020 - 22:58:11: [SM] Exception reported: Array index out-of-bounds (index -1, limit 66)
L 06/18/2020 - 22:58:11: [SM] Blaming: srccoop.smx
L 06/18/2020 - 22:58:11: [SM] Call stack trace:
L 06/18/2020 - 22:58:11: [SM]   [1] Line 38, E:\SteamLibrary\steamapps\common\Black Mesa Dedicated Server\bms\addons\sourcemod\scripting\SourceCoop\scripting\include\srccoop/instancing.inc::ItemInstancingManager::HasPickedUpItem
L 06/18/2020 - 22:58:11: [SM]   [2] Line 108, E:\SteamLibrary\steamapps\common\Black Mesa Dedicated Server\bms\addons\sourcemod\scripting\SourceCoop\scripting\include\srccoop/instancing.inc::Hook_Instancing_ItemTransmit
L 06/18/2020 - 22:58:11: [SM] Exception reported: Array index out-of-bounds (index -1, limit 66)
L 06/18/2020 - 22:58:11: [SM] Blaming: srccoop.smx
L 06/18/2020 - 22:58:11: [SM] Call stack trace:
L 06/18/2020 - 22:58:11: [SM]   [1] Line 38, E:\SteamLibrary\steamapps\common\Black Mesa Dedicated Server\bms\addons\sourcemod\scripting\SourceCoop\scripting\include\srccoop/instancing.inc::ItemInstancingManager::HasPickedUpItem
L 06/18/2020 - 22:58:11: [SM]   [2] Line 108, E:\SteamLibrary\steamapps\common\Black Mesa Dedicated Server\bms\addons\sourcemod\scripting\SourceCoop\scripting\include\srccoop/instancing.inc::Hook_Instancing_ItemTransmit
L 06/18/2020 - 22:58:11: [SM] Exception reported: Array index out-of-bounds (index -1, limit 66)
L 06/18/2020 - 22:58:11: [SM] Blaming: srccoop.smx
L 06/18/2020 - 22:58:11: [SM] Call stack trace:
L 06/18/2020 - 22:58:11: [SM]   [1] Line 38, E:\SteamLibrary\steamapps\common\Black Mesa Dedicated Server\bms\addons\sourcemod\scripting\SourceCoop\scripting\include\srccoop/instancing.inc::ItemInstancingManager::HasPickedUpItem
L 06/18/2020 - 22:58:11: [SM]   [2] Line 108, E:\SteamLibrary\steamapps\common\Black Mesa Dedicated Server\bms\addons\sourcemod\scripting\SourceCoop\scripting\include\srccoop/instancing.inc::Hook_Instancing_ItemTransmit
L 06/18/2020 - 22:58:11: [SM] Exception reported: Array index out-of-bounds (index -1, limit 66)
L 06/18/2020 - 22:58:11: [SM] Blaming: srccoop.smx
L 06/18/2020 - 22:58:11: [SM] Call stack trace:
L 06/18/2020 - 22:58:11: [SM]   [1] Line 38, E:\SteamLibrary\steamapps\common\Black Mesa Dedicated Server\bms\addons\sourcemod\scripting\SourceCoop\scripting\include\srccoop/instancing.inc::ItemInstancingManager::HasPickedUpItem
L 06/18/2020 - 22:58:11: [SM]   [2] Line 108, E:\SteamLibrary\steamapps\common\Black Mesa Dedicated Server\bms\addons\sourcemod\scripting\SourceCoop\scripting\include\srccoop/instancing.inc::Hook_Instancing_ItemTransmit
L 06/18/2020 - 22:58:11: [SM] Exception reported: Array index out-of-bounds (index -1, limit 66)
L 06/18/2020 - 22:58:11: [SM] Blaming: srccoop.smx
L 06/18/2020 - 22:58:11: [SM] Call stack trace:
L 06/18/2020 - 22:58:11: [SM]   [1] Line 38, E:\SteamLibrary\steamapps\common\Black Mesa Dedicated Server\bms\addons\sourcemod\scripting\SourceCoop\scripting\include\srccoop/instancing.inc::ItemInstancingManager::HasPickedUpItem
L 06/18/2020 - 22:58:11: [SM]   [2] Line 108, E:\SteamLibrary\steamapps\common\Black Mesa Dedicated Server\bms\addons\sourcemod\scripting\SourceCoop\scripting\include\srccoop/instancing.inc::Hook_Instancing_ItemTransmit
L 06/18/2020 - 22:58:11: [SM] Exception reported: Array index out-of-bounds (index -1, limit 66)
L 06/18/2020 - 22:58:11: [SM] Blaming: srccoop.smx
L 06/18/2020 - 22:58:11: [SM] Call stack trace:
L 06/18/2020 - 22:58:11: [SM]   [1] Line 38, E:\SteamLibrary\steamapps\common\Black Mesa Dedicated Server\bms\addons\sourcemod\scripting\SourceCoop\scripting\include\srccoop/instancing.inc::ItemInstancingManager::HasPickedUpItem
L 06/18/2020 - 22:58:11: [SM]   [2] Line 108, E:\SteamLibrary\steamapps\common\Black Mesa Dedicated Server\bms\addons\sourcemod\scripting\SourceCoop\scripting\include\srccoop/instancing.inc::Hook_Instancing_ItemTransmit
L 06/18/2020 - 22:58:11: [SM] Exception reported: Array index out-of-bounds (index -1, limit 66)
L 06/18/2020 - 22:58:11: [SM] Blaming: srccoop.smx
L 06/18/2020 - 22:58:11: [SM] Call stack trace:
L 06/18/2020 - 22:58:11: [SM]   [1] Line 38, E:\SteamLibrary\steamapps\common\Black Mesa Dedicated Server\bms\addons\sourcemod\scripting\SourceCoop\scripting\include\srccoop/instancing.inc::ItemInstancingManager::HasPickedUpItem
L 06/18/2020 - 22:58:11: [SM]   [2] Line 108, E:\SteamLibrary\steamapps\common\Black Mesa Dedicated Server\bms\addons\sourcemod\scripting\SourceCoop\scripting\include\srccoop/instancing.inc::Hook_Instancing_ItemTransmit
L 06/18/2020 - 22:58:11: [SM] Exception reported: Array index out-of-bounds (index -1, limit 66)
L 06/18/2020 - 22:58:11: [SM] Blaming: srccoop.smx
L 06/18/2020 - 22:58:11: [SM] Call stack trace:
L 06/18/2020 - 22:58:11: [SM]   [1] Line 38, E:\SteamLibrary\steamapps\common\Black Mesa Dedicated Server\bms\addons\sourcemod\scripting\SourceCoop\scripting\include\srccoop/instancing.inc::ItemInstancingManager::HasPickedUpItem
L 06/18/2020 - 22:58:11: [SM]   [2] Line 108, E:\SteamLibrary\steamapps\common\Black Mesa Dedicated Server\bms\addons\sourcemod\scripting\SourceCoop\scripting\include\srccoop/instancing.inc::Hook_Instancing_ItemTransmit
L 06/18/2020 - 22:58:11: [SM] Exception reported: Array index out-of-bounds (index -1, limit 66)
L 06/18/2020 - 22:58:11: [SM] Blaming: srccoop.smx
L 06/18/2020 - 22:58:11: [SM] Call stack trace:
L 06/18/2020 - 22:58:11: [SM]   [1] Line 38, E:\SteamLibrary\steamapps\common\Black Mesa Dedicated Server\bms\addons\sourcemod\scripting\SourceCoop\scripting\include\srccoop/instancing.inc::ItemInstancingManager::HasPickedUpItem
L 06/18/2020 - 22:58:11: [SM]   [2] Line 108, E:\SteamLibrary\steamapps\common\Black Mesa Dedicated Server\bms\addons\sourcemod\scripting\SourceCoop\scripting\include\srccoop/instancing.inc::Hook_Instancing_ItemTransmit
L 06/18/2020 - 22:58:11: [SM] Exception reported: Array index out-of-bounds (index -1, limit 66)
L 06/18/2020 - 22:58:11: [SM] Blaming: srccoop.smx
L 06/18/2020 - 22:58:11: [SM] Call stack trace:
L 06/18/2020 - 22:58:11: [SM]   [1] Line 38, E:\SteamLibrary\steamapps\common\Black Mesa Dedicated Server\bms\addons\sourcemod\scripting\SourceCoop\scripting\include\srccoop/instancing.inc::ItemInstancingManager::HasPickedUpItem
L 06/18/2020 - 22:58:11: [SM]   [2] Line 108, E:\SteamLibrary\steamapps\common\Black Mesa Dedicated Server\bms\addons\sourcemod\scripting\SourceCoop\scripting\include\srccoop/instancing.inc::Hook_Instancing_ItemTransmit
L 06/18/2020 - 22:58:11: [SM] Exception reported: Array index out-of-bounds (index -1, limit 66)
L 06/18/2020 - 22:58:11: [SM] Blaming: srccoop.smx
L 06/18/2020 - 22:58:11: [SM] Call stack trace:
L 06/18/2020 - 22:58:11: [SM]   [1] Line 38, E:\SteamLibrary\steamapps\common\Black Mesa Dedicated Server\bms\addons\sourcemod\scripting\SourceCoop\scripting\include\srccoop/instancing.inc::ItemInstancingManager::HasPickedUpItem
L 06/18/2020 - 22:58:11: [SM]   [2] Line 108, E:\SteamLibrary\steamapps\common\Black Mesa Dedicated Server\bms\addons\sourcemod\scripting\SourceCoop\scripting\include\srccoop/instancing.inc::Hook_Instancing_ItemTransmit
L 06/18/2020 - 22:58:11: [SM] Exception reported: Array index out-of-bounds (index -1, limit 66)
L 06/18/2020 - 22:58:11: [SM] Blaming: srccoop.smx
L 06/18/2020 - 22:58:11: [SM] Call stack trace:
L 06/18/2020 - 22:58:11: [SM]   [1] Line 38, E:\SteamLibrary\steamapps\common\Black Mesa Dedicated Server\bms\addons\sourcemod\scripting\SourceCoop\scripting\include\srccoop/instancing.inc::ItemInstancingManager::HasPickedUpItem
L 06/18/2020 - 22:58:11: [SM]   [2] Line 108, E:\SteamLibrary\steamapps\common\Black Mesa Dedicated Server\bms\addons\sourcemod\scripting\SourceCoop\scripting\include\srccoop/instancing.inc::Hook_Instancing_ItemTransmit
L 06/18/2020 - 22:58:11: [SM] Exception reported: Array index out-of-bounds (index -1, limit 66)
L 06/18/2020 - 22:58:11: [SM] Blaming: srccoop.smx
L 06/18/2020 - 22:58:11: [SM] Call stack trace:
L 06/18/2020 - 22:58:11: [SM]   [1] Line 38, E:\SteamLibrary\steamapps\common\Black Mesa Dedicated Server\bms\addons\sourcemod\scripting\SourceCoop\scripting\include\srccoop/instancing.inc::ItemInstancingManager::HasPickedUpItem
L 06/18/2020 - 22:58:11: [SM]   [2] Line 108, E:\SteamLibrary\steamapps\common\Black Mesa Dedicated Server\bms\addons\sourcemod\scripting\SourceCoop\scripting\include\srccoop/instancing.inc::Hook_Instancing_ItemTransmit
L 06/18/2020 - 22:58:11: [SM] Exception reported: Array index out-of-bounds (index -1, limit 66)
L 06/18/2020 - 22:58:11: [SM] Blaming: srccoop.smx
L 06/18/2020 - 22:58:11: [SM] Call stack trace:
L 06/18/2020 - 22:58:11: [SM]   [1] Line 38, E:\SteamLibrary\steamapps\common\Black Mesa Dedicated Server\bms\addons\sourcemod\scripting\SourceCoop\scripting\include\srccoop/instancing.inc::ItemInstancingManager::HasPickedUpItem
L 06/18/2020 - 22:58:11: [SM]   [2] Line 108, E:\SteamLibrary\steamapps\common\Black Mesa Dedicated Server\bms\addons\sourcemod\scripting\SourceCoop\scripting\include\srccoop/instancing.inc::Hook_Instancing_ItemTransmit
