L 07/04/2020 - 00:07:20: SourceMod error session started
L 07/04/2020 - 00:07:20: Info (map "yc_c4a2b") (file "D:\Games\steamapps\common\Black Mesa\bms\addons\sourcemod\logs\errors_20200704.log")
L 07/04/2020 - 00:07:20: [SM] Failed to load plugin "nextmap.smx": Nextmap is incompatible with this game.
L 07/04/2020 - 00:11:46: Error log file session closed.
L 07/04/2020 - 01:03:32: SourceMod error session started
L 07/04/2020 - 01:03:32: Info (map "yc_c4a2a") (file "D:\Games\steamapps\common\Black Mesa\bms\addons\sourcemod\logs\errors_20200704.log")
L 07/04/2020 - 01:03:32: [SM] Failed to load plugin "nextmap.smx": Nextmap is incompatible with this game.
L 07/04/2020 - 01:07:17: Error log file session closed.
L 07/04/2020 - 07:23:24: SourceMod error session started
L 07/04/2020 - 07:23:24: Info (map "yc_c4a2a") (file "D:\Games\steamapps\common\Black Mesa\bms\addons\sourcemod\logs\errors_20200704.log")
L 07/04/2020 - 07:23:24: [SM] Failed to load plugin "nextmap.smx": Nextmap is incompatible with this game.
L 07/04/2020 - 07:28:30: Error log file session closed.
L 07/04/2020 - 07:49:34: SourceMod error session started
L 07/04/2020 - 07:49:34: Info (map "yc_c4a2c") (file "D:\Games\steamapps\common\Black Mesa\bms\addons\sourcemod\logs\errors_20200704.log")
L 07/04/2020 - 07:49:34: [SM] Failed to load plugin "nextmap.smx": Nextmap is incompatible with this game.
L 07/04/2020 - 08:03:12: SourceMod error session started
L 07/04/2020 - 08:03:12: Info (map "yc_c4a2c") (file "D:\Games\steamapps\common\Black Mesa\bms\addons\sourcemod\logs\errors_20200704.log")
L 07/04/2020 - 08:03:12: [SM] Failed to load plugin "nextmap.smx": Nextmap is incompatible with this game.
L 07/04/2020 - 08:18:37: Error log file session closed.
L 07/04/2020 - 14:26:43: SourceMod error session started
L 07/04/2020 - 14:26:43: Info (map "yc_c4a2c") (file "D:\Games\steamapps\common\Black Mesa\bms\addons\sourcemod\logs\errors_20200704.log")
L 07/04/2020 - 14:26:43: [SM] Failed to load plugin "nextmap.smx": Nextmap is incompatible with this game.
L 07/04/2020 - 14:28:19: Error log file session closed.
L 07/04/2020 - 14:38:39: SourceMod error session started
L 07/04/2020 - 14:38:39: Info (map "bm_c4a2c") (file "D:\Games\steamapps\common\Black Mesa\bms\addons\sourcemod\logs\errors_20200704.log")
L 07/04/2020 - 14:38:39: [SM] Failed to load plugin "nextmap.smx": Nextmap is incompatible with this game.
L 07/04/2020 - 14:38:47: [SM] Exception reported: Could not get gamerules pointer
L 07/04/2020 - 14:38:47: [SM] Blaming: srccoop.smx
L 07/04/2020 - 14:38:47: [SM] Call stack trace:
L 07/04/2020 - 14:38:47: [SM]   [0] DHookGamerules
L 07/04/2020 - 14:38:47: [SM]   [1] Line 196, E:\SteamLibrary\steamapps\common\Black Mesa Dedicated Server\bms\addons\sourcemod\scripting\SourceCoop\scripting\srccoop.sp::OnMapStart
L 07/04/2020 - 14:43:25: Error log file session closed.
L 07/04/2020 - 14:50:08: SourceMod error session started
L 07/04/2020 - 14:50:08: Info (map "bm_c4a2b") (file "D:\Games\steamapps\common\Black Mesa\bms\addons\sourcemod\logs\errors_20200704.log")
L 07/04/2020 - 14:50:08: [SM] Failed to load plugin "nextmap.smx": Nextmap is incompatible with this game.
L 07/04/2020 - 14:50:16: [SM] Exception reported: Could not get gamerules pointer
L 07/04/2020 - 14:50:16: [SM] Blaming: srccoop.smx
L 07/04/2020 - 14:50:16: [SM] Call stack trace:
L 07/04/2020 - 14:50:16: [SM]   [0] DHookGamerules
L 07/04/2020 - 14:50:16: [SM]   [1] Line 196, E:\SteamLibrary\steamapps\common\Black Mesa Dedicated Server\bms\addons\sourcemod\scripting\SourceCoop\scripting\srccoop.sp::OnMapStart
L 07/04/2020 - 14:53:18: Error log file session closed.
L 07/04/2020 - 17:32:37: SourceMod error session started
L 07/04/2020 - 17:32:37: Info (map "yc_c4a3a") (file "D:\Games\steamapps\common\Black Mesa\bms\addons\sourcemod\logs\errors_20200704.log")
L 07/04/2020 - 17:32:37: [SM] Failed to load plugin "nextmap.smx": Nextmap is incompatible with this game.
L 07/04/2020 - 17:33:59: Error log file session closed.
L 07/04/2020 - 18:55:14: SourceMod error session started
L 07/04/2020 - 18:55:14: Info (map "yc_c4a3a") (file "D:\Games\steamapps\common\Black Mesa\bms\addons\sourcemod\logs\errors_20200704.log")
L 07/04/2020 - 18:55:14: [SM] Failed to load plugin "nextmap.smx": Nextmap is incompatible with this game.
L 07/04/2020 - 19:18:47: SourceMod error session started
L 07/04/2020 - 19:18:47: Info (map "yc_c4a3a") (file "D:\Games\steamapps\common\Black Mesa\bms\addons\sourcemod\logs\errors_20200704.log")
L 07/04/2020 - 19:18:47: [SM] Failed to load plugin "nextmap.smx": Nextmap is incompatible with this game.
L 07/04/2020 - 19:27:44: Error log file session closed.
L 07/04/2020 - 20:34:15: SourceMod error session started
L 07/04/2020 - 20:34:15: Info (map "yc_c4a3a") (file "D:\Games\steamapps\common\Black Mesa\bms\addons\sourcemod\logs\errors_20200704.log")
L 07/04/2020 - 20:34:15: [SM] Failed to load plugin "nextmap.smx": Nextmap is incompatible with this game.
L 07/04/2020 - 21:42:31: SourceMod error session started
L 07/04/2020 - 21:42:31: Info (map "yc_c4a3a1") (file "D:\Games\steamapps\common\Black Mesa\bms\addons\sourcemod\logs\errors_20200704.log")
L 07/04/2020 - 21:42:31: [SM] Failed to load plugin "nextmap.smx": Nextmap is incompatible with this game.
L 07/04/2020 - 21:44:40: Error log file session closed.
L 07/04/2020 - 22:43:08: SourceMod error session started
L 07/04/2020 - 22:43:08: Info (map "yc_c4a3a1") (file "D:\Games\steamapps\common\Black Mesa\bms\addons\sourcemod\logs\errors_20200704.log")
L 07/04/2020 - 22:43:08: [SM] Failed to load plugin "nextmap.smx": Nextmap is incompatible with this game.
L 07/04/2020 - 23:39:01: SourceMod error session started
L 07/04/2020 - 23:39:01: Info (map "yc_c4a3a") (file "D:\Games\steamapps\common\Black Mesa\bms\addons\sourcemod\logs\errors_20200704.log")
L 07/04/2020 - 23:39:01: [SM] Failed to load plugin "nextmap.smx": Nextmap is incompatible with this game.
L 07/04/2020 - 23:46:47: Error log file session closed.
L 07/04/2020 - 23:47:59: SourceMod error session started
L 07/04/2020 - 23:47:59: Info (map "yc_c4a3a1") (file "D:\Games\steamapps\common\Black Mesa\bms\addons\sourcemod\logs\errors_20200704.log")
L 07/04/2020 - 23:47:59: [SM] Failed to load plugin "nextmap.smx": Nextmap is incompatible with this game.
L 07/04/2020 - 23:48:45: Error log file session closed.
L 07/04/2020 - 23:55:56: SourceMod error session started
L 07/04/2020 - 23:55:56: Info (map "yc_c4a3a1") (file "D:\Games\steamapps\common\Black Mesa\bms\addons\sourcemod\logs\errors_20200704.log")
L 07/04/2020 - 23:55:56: [SM] Failed to load plugin "nextmap.smx": Nextmap is incompatible with this game.
L 07/04/2020 - 23:59:29: Error log file session closed.
