L 06/29/2020 - 18:35:19: SourceMod error session started
L 06/29/2020 - 18:35:19: Info (map "yc_c3a2c") (file "D:\Games\steamapps\common\Black Mesa\bms\addons\sourcemod\logs\errors_20200629.log")
L 06/29/2020 - 18:35:19: [SM] Failed to load plugin "nextmap.smx": Nextmap is incompatible with this game.
L 06/29/2020 - 19:24:50: Error log file session closed.
L 06/29/2020 - 20:23:54: SourceMod error session started
L 06/29/2020 - 20:23:54: Info (map "yc_c3a2d") (file "D:\Games\steamapps\common\Black Mesa\bms\addons\sourcemod\logs\errors_20200629.log")
L 06/29/2020 - 20:23:54: [SM] Failed to load plugin "nextmap.smx": Nextmap is incompatible with this game.
L 06/29/2020 - 20:28:34: Error log file session closed.
L 06/29/2020 - 20:47:08: SourceMod error session started
L 06/29/2020 - 20:47:08: Info (map "yc_c3a2e") (file "D:\Games\steamapps\common\Black Mesa\bms\addons\sourcemod\logs\errors_20200629.log")
L 06/29/2020 - 20:47:08: [SM] Failed to load plugin "nextmap.smx": Nextmap is incompatible with this game.
L 06/29/2020 - 20:52:17: Error log file session closed.
L 06/29/2020 - 21:29:54: SourceMod error session started
L 06/29/2020 - 21:29:54: Info (map "yc_c3a2e") (file "D:\Games\steamapps\common\Black Mesa\bms\addons\sourcemod\logs\errors_20200629.log")
L 06/29/2020 - 21:29:54: [SM] Failed to load plugin "nextmap.smx": Nextmap is incompatible with this game.
L 06/29/2020 - 21:32:09: Error log file session closed.
L 06/29/2020 - 21:53:38: SourceMod error session started
L 06/29/2020 - 21:53:38: Info (map "yc_c3a2f") (file "D:\Games\steamapps\common\Black Mesa\bms\addons\sourcemod\logs\errors_20200629.log")
L 06/29/2020 - 21:53:38: [SM] Failed to load plugin "nextmap.smx": Nextmap is incompatible with this game.
L 06/29/2020 - 21:54:07: Error log file session closed.
L 06/29/2020 - 21:57:29: SourceMod error session started
L 06/29/2020 - 21:57:29: Info (map "yc_c3a2f") (file "D:\Games\steamapps\common\Black Mesa\bms\addons\sourcemod\logs\errors_20200629.log")
L 06/29/2020 - 21:57:29: [SM] Failed to load plugin "nextmap.smx": Nextmap is incompatible with this game.
L 06/29/2020 - 22:24:42: Error log file session closed.
L 06/29/2020 - 23:05:26: SourceMod error session started
L 06/29/2020 - 23:05:26: Info (map "yc_c3a2f") (file "D:\Games\steamapps\common\Black Mesa\bms\addons\sourcemod\logs\errors_20200629.log")
L 06/29/2020 - 23:05:26: [SM] Failed to load plugin "nextmap.smx": Nextmap is incompatible with this game.
L 06/29/2020 - 23:15:33: Error log file session closed.
L 06/29/2020 - 23:28:07: SourceMod error session started
L 06/29/2020 - 23:28:07: Info (map "yc_c3a2g") (file "D:\Games\steamapps\common\Black Mesa\bms\addons\sourcemod\logs\errors_20200629.log")
L 06/29/2020 - 23:28:07: [SM] Failed to load plugin "nextmap.smx": Nextmap is incompatible with this game.
L 06/29/2020 - 23:29:08: Error log file session closed.
