L 06/28/2020 - 00:51:21: SourceMod error session started
L 06/28/2020 - 00:51:21: Info (map "yc_c3a1a") (file "D:\Games\steamapps\common\Black Mesa\bms\addons\sourcemod\logs\errors_20200628.log")
L 06/28/2020 - 00:51:21: [SM] Failed to load plugin "nextmap.smx": Nextmap is incompatible with this game.
L 06/28/2020 - 00:55:52: Error log file session closed.
L 06/28/2020 - 01:18:33: SourceMod error session started
L 06/28/2020 - 01:18:33: Info (map "yc_c3a1b") (file "D:\Games\steamapps\common\Black Mesa\bms\addons\sourcemod\logs\errors_20200628.log")
L 06/28/2020 - 01:18:33: [SM] Failed to load plugin "nextmap.smx": Nextmap is incompatible with this game.
L 06/28/2020 - 01:20:56: SourceMod error session started
L 06/28/2020 - 01:20:56: Info (map "yc_c3a1b") (file "D:\Games\steamapps\common\Black Mesa\bms\addons\sourcemod\logs\errors_20200628.log")
L 06/28/2020 - 01:20:56: [SM] Failed to load plugin "nextmap.smx": Nextmap is incompatible with this game.
L 06/28/2020 - 01:27:06: Error log file session closed.
L 06/28/2020 - 10:36:52: SourceMod error session started
L 06/28/2020 - 10:36:52: Info (map "yc_c2a5i") (file "D:\Games\steamapps\common\Black Mesa\bms\addons\sourcemod\logs\errors_20200628.log")
L 06/28/2020 - 10:36:52: [SM] Failed to load plugin "nextmap.smx": Nextmap is incompatible with this game.
L 06/28/2020 - 10:40:18: Error log file session closed.
L 06/28/2020 - 11:42:24: SourceMod error session started
L 06/28/2020 - 11:42:24: Info (map "yc_c3a2a") (file "D:\Games\steamapps\common\Black Mesa\bms\addons\sourcemod\logs\errors_20200628.log")
L 06/28/2020 - 11:42:24: [SM] Failed to load plugin "nextmap.smx": Nextmap is incompatible with this game.
L 06/28/2020 - 11:48:13: Error log file session closed.
L 06/28/2020 - 13:15:14: SourceMod error session started
L 06/28/2020 - 13:15:14: Info (map "yc_c3a2a") (file "D:\Games\steamapps\common\Black Mesa\bms\addons\sourcemod\logs\errors_20200628.log")
L 06/28/2020 - 13:15:14: [SM] Failed to load plugin "nextmap.smx": Nextmap is incompatible with this game.
L 06/28/2020 - 13:20:10: Error log file session closed.
L 06/28/2020 - 13:52:49: SourceMod error session started
L 06/28/2020 - 13:52:49: Info (map "yc_c3a2b") (file "D:\Games\steamapps\common\Black Mesa\bms\addons\sourcemod\logs\errors_20200628.log")
L 06/28/2020 - 13:52:49: [SM] Failed to load plugin "nextmap.smx": Nextmap is incompatible with this game.
L 06/28/2020 - 13:55:45: Error log file session closed.
L 06/28/2020 - 14:04:38: SourceMod error session started
L 06/28/2020 - 14:04:38: Info (map "yc_c3a2b") (file "D:\Games\steamapps\common\Black Mesa\bms\addons\sourcemod\logs\errors_20200628.log")
L 06/28/2020 - 14:04:38: [SM] Failed to load plugin "nextmap.smx": Nextmap is incompatible with this game.
L 06/28/2020 - 14:06:17: Error log file session closed.
L 06/28/2020 - 17:35:07: SourceMod error session started
L 06/28/2020 - 17:35:07: Info (map "yc_c3a2a") (file "D:\Games\steamapps\common\Black Mesa\bms\addons\sourcemod\logs\errors_20200628.log")
L 06/28/2020 - 17:35:07: [SM] Failed to load plugin "nextmap.smx": Nextmap is incompatible with this game.
L 06/28/2020 - 17:41:35: Error log file session closed.
L 06/28/2020 - 18:06:08: SourceMod error session started
L 06/28/2020 - 18:06:08: Info (map "yc_c3a2c") (file "D:\Games\steamapps\common\Black Mesa\bms\addons\sourcemod\logs\errors_20200628.log")
L 06/28/2020 - 18:06:08: [SM] Failed to load plugin "nextmap.smx": Nextmap is incompatible with this game.
L 06/28/2020 - 18:11:01: Error log file session closed.
L 06/28/2020 - 22:28:54: SourceMod error session started
L 06/28/2020 - 22:28:54: Info (map "yc_c3a2c") (file "D:\Games\steamapps\common\Black Mesa\bms\addons\sourcemod\logs\errors_20200628.log")
L 06/28/2020 - 22:28:54: [SM] Failed to load plugin "nextmap.smx": Nextmap is incompatible with this game.
L 06/28/2020 - 22:30:18: Error log file session closed.
