L 06/24/2020 - 09:45:28: SourceMod error session started
L 06/24/2020 - 09:45:28: Info (map "yc_c2a4f") (file "D:\Games\steamapps\common\Black Mesa\bms\addons\sourcemod\logs\errors_20200624.log")
L 06/24/2020 - 09:45:28: [SM] Failed to load plugin "nextmap.smx": Nextmap is incompatible with this game.
L 06/24/2020 - 09:50:07: Error log file session closed.
L 06/24/2020 - 10:05:54: SourceMod error session started
L 06/24/2020 - 10:05:54: Info (map "yc_c2a4g") (file "D:\Games\steamapps\common\Black Mesa\bms\addons\sourcemod\logs\errors_20200624.log")
L 06/24/2020 - 10:05:54: [SM] Failed to load plugin "nextmap.smx": Nextmap is incompatible with this game.
L 06/24/2020 - 11:07:08: SourceMod error session started
L 06/24/2020 - 11:07:08: Info (map "yc_c2a4g") (file "D:\Games\steamapps\common\Black Mesa\bms\addons\sourcemod\logs\errors_20200624.log")
L 06/24/2020 - 11:07:08: [SM] Failed to load plugin "nextmap.smx": Nextmap is incompatible with this game.
L 06/24/2020 - 11:28:22: Error log file session closed.
L 06/24/2020 - 11:42:06: SourceMod error session started
L 06/24/2020 - 11:42:06: Info (map "yc_c2a5a") (file "D:\Games\steamapps\common\Black Mesa\bms\addons\sourcemod\logs\errors_20200624.log")
L 06/24/2020 - 11:42:06: [SM] Failed to load plugin "nextmap.smx": Nextmap is incompatible with this game.
L 06/24/2020 - 11:45:17: Error log file session closed.
L 06/24/2020 - 12:17:07: SourceMod error session started
L 06/24/2020 - 12:17:07: Info (map "yc_c2a5a") (file "D:\Games\steamapps\common\Black Mesa\bms\addons\sourcemod\logs\errors_20200624.log")
L 06/24/2020 - 12:17:07: [SM] Failed to load plugin "nextmap.smx": Nextmap is incompatible with this game.
L 06/24/2020 - 12:25:20: Error log file session closed.
L 06/24/2020 - 14:55:06: SourceMod error session started
L 06/24/2020 - 14:55:06: Info (map "yc_c2a5a") (file "D:\Games\steamapps\common\Black Mesa\bms\addons\sourcemod\logs\errors_20200624.log")
L 06/24/2020 - 14:55:06: [SM] Failed to load plugin "nextmap.smx": Nextmap is incompatible with this game.
L 06/24/2020 - 15:02:16: Error log file session closed.
L 06/24/2020 - 17:46:54: SourceMod error session started
L 06/24/2020 - 17:46:54: Info (map "yc_c2a5b") (file "D:\Games\steamapps\common\Black Mesa\bms\addons\sourcemod\logs\errors_20200624.log")
L 06/24/2020 - 17:46:54: [SM] Failed to load plugin "nextmap.smx": Nextmap is incompatible with this game.
L 06/24/2020 - 17:49:02: Error log file session closed.
L 06/24/2020 - 19:35:53: SourceMod error session started
L 06/24/2020 - 19:35:53: Info (map "yc_c2a5b") (file "D:\Games\steamapps\common\Black Mesa\bms\addons\sourcemod\logs\errors_20200624.log")
L 06/24/2020 - 19:35:53: [SM] Failed to load plugin "nextmap.smx": Nextmap is incompatible with this game.
L 06/24/2020 - 20:11:15: SourceMod error session started
L 06/24/2020 - 20:11:15: Info (map "yc_c2a5c") (file "D:\Games\steamapps\common\Black Mesa\bms\addons\sourcemod\logs\errors_20200624.log")
L 06/24/2020 - 20:11:15: [SM] Failed to load plugin "nextmap.smx": Nextmap is incompatible with this game.
L 06/24/2020 - 20:13:38: SourceMod error session started
L 06/24/2020 - 20:13:38: Info (map "yc_c2a5c") (file "D:\Games\steamapps\common\Black Mesa\bms\addons\sourcemod\logs\errors_20200624.log")
L 06/24/2020 - 20:13:38: [SM] Failed to load plugin "nextmap.smx": Nextmap is incompatible with this game.
L 06/24/2020 - 20:20:37: SourceMod error session started
L 06/24/2020 - 20:20:37: Info (map "yc_c2a5c") (file "D:\Games\steamapps\common\Black Mesa\bms\addons\sourcemod\logs\errors_20200624.log")
L 06/24/2020 - 20:20:37: [SM] Failed to load plugin "nextmap.smx": Nextmap is incompatible with this game.
L 06/24/2020 - 20:23:39: SourceMod error session started
L 06/24/2020 - 20:23:39: Info (map "bm_c2a5c_d") (file "D:\Games\steamapps\common\Black Mesa\bms\addons\sourcemod\logs\errors_20200624.log")
L 06/24/2020 - 20:23:39: [SM] Failed to load plugin "nextmap.smx": Nextmap is incompatible with this game.
L 06/24/2020 - 20:25:26: Error log file session closed.
L 06/24/2020 - 20:38:44: SourceMod error session started
L 06/24/2020 - 20:38:44: Info (map "yc_c2a5c") (file "D:\Games\steamapps\common\Black Mesa\bms\addons\sourcemod\logs\errors_20200624.log")
L 06/24/2020 - 20:38:44: [SM] Failed to load plugin "nextmap.smx": Nextmap is incompatible with this game.
L 06/24/2020 - 20:41:44: Error log file session closed.
L 06/24/2020 - 22:00:03: SourceMod error session started
L 06/24/2020 - 22:00:03: Info (map "yc_c2a5c") (file "D:\Games\steamapps\common\Black Mesa\bms\addons\sourcemod\logs\errors_20200624.log")
L 06/24/2020 - 22:00:03: [SM] Failed to load plugin "nextmap.smx": Nextmap is incompatible with this game.
L 06/24/2020 - 22:10:22: Error log file session closed.
L 06/24/2020 - 22:31:47: SourceMod error session started
L 06/24/2020 - 22:31:47: Info (map "yc_c2a5d") (file "D:\Games\steamapps\common\Black Mesa\bms\addons\sourcemod\logs\errors_20200624.log")
L 06/24/2020 - 22:31:47: [SM] Failed to load plugin "nextmap.smx": Nextmap is incompatible with this game.
L 06/24/2020 - 22:32:22: Error log file session closed.
L 06/24/2020 - 22:33:27: SourceMod error session started
L 06/24/2020 - 22:33:27: Info (map "yc_c2a5d") (file "D:\Games\steamapps\common\Black Mesa\bms\addons\sourcemod\logs\errors_20200624.log")
L 06/24/2020 - 22:33:27: [SM] Failed to load plugin "nextmap.smx": Nextmap is incompatible with this game.
L 06/24/2020 - 22:40:49: Error log file session closed.
