L 07/01/2020 - 00:09:10: SourceMod error session started
L 07/01/2020 - 00:09:10: Info (map "yc_c4a1a") (file "D:\Games\steamapps\common\Black Mesa\bms\addons\sourcemod\logs\errors_20200701.log")
L 07/01/2020 - 00:09:10: [SM] Failed to load plugin "nextmap.smx": Nextmap is incompatible with this game.
L 07/01/2020 - 00:15:34: SourceMod error session started
L 07/01/2020 - 00:15:34: Info (map "yc_c4a1a") (file "D:\Games\steamapps\common\Black Mesa\bms\addons\sourcemod\logs\errors_20200701.log")
L 07/01/2020 - 00:15:34: [SM] Failed to load plugin "nextmap.smx": Nextmap is incompatible with this game.
L 07/01/2020 - 00:16:49: Error log file session closed.
L 07/01/2020 - 00:33:55: SourceMod error session started
L 07/01/2020 - 00:33:55: Info (map "yc_c4a1a") (file "D:\Games\steamapps\common\Black Mesa\bms\addons\sourcemod\logs\errors_20200701.log")
L 07/01/2020 - 00:33:55: [SM] Failed to load plugin "nextmap.smx": Nextmap is incompatible with this game.
L 07/01/2020 - 00:35:26: Error log file session closed.
L 07/01/2020 - 00:39:17: SourceMod error session started
L 07/01/2020 - 00:39:17: Info (map "yc_c4a1a") (file "D:\Games\steamapps\common\Black Mesa\bms\addons\sourcemod\logs\errors_20200701.log")
L 07/01/2020 - 00:39:17: [SM] Failed to load plugin "nextmap.smx": Nextmap is incompatible with this game.
L 07/01/2020 - 00:40:34: Error log file session closed.
L 07/01/2020 - 00:41:18: SourceMod error session started
L 07/01/2020 - 00:41:18: Info (map "yc_c4a1a") (file "D:\Games\steamapps\common\Black Mesa\bms\addons\sourcemod\logs\errors_20200701.log")
L 07/01/2020 - 00:41:18: [SM] Failed to load plugin "nextmap.smx": Nextmap is incompatible with this game.
L 07/01/2020 - 00:44:18: SourceMod error session started
L 07/01/2020 - 00:44:18: Info (map "yc_c4a1a") (file "D:\Games\steamapps\common\Black Mesa\bms\addons\sourcemod\logs\errors_20200701.log")
L 07/01/2020 - 00:44:18: [SM] Failed to load plugin "nextmap.smx": Nextmap is incompatible with this game.
L 07/01/2020 - 00:44:39: SourceMod error session started
L 07/01/2020 - 00:44:39: Info (map "yc_c4a1a") (file "D:\Games\steamapps\common\Black Mesa\bms\addons\sourcemod\logs\errors_20200701.log")
L 07/01/2020 - 00:44:39: [SM] Failed to load plugin "nextmap.smx": Nextmap is incompatible with this game.
L 07/01/2020 - 00:45:58: Error log file session closed.
L 07/01/2020 - 00:46:52: SourceMod error session started
L 07/01/2020 - 00:46:52: Info (map "yc_c4a1a") (file "D:\Games\steamapps\common\Black Mesa\bms\addons\sourcemod\logs\errors_20200701.log")
L 07/01/2020 - 00:46:52: [SM] Failed to load plugin "nextmap.smx": Nextmap is incompatible with this game.
L 07/01/2020 - 00:47:54: SourceMod error session started
L 07/01/2020 - 00:47:54: Info (map "yc_c4a1a") (file "D:\Games\steamapps\common\Black Mesa\bms\addons\sourcemod\logs\errors_20200701.log")
L 07/01/2020 - 00:47:54: [SM] Failed to load plugin "nextmap.smx": Nextmap is incompatible with this game.
L 07/01/2020 - 00:54:55: SourceMod error session started
L 07/01/2020 - 00:54:55: Info (map "yc_c4a1a") (file "D:\Games\steamapps\common\Black Mesa\bms\addons\sourcemod\logs\errors_20200701.log")
L 07/01/2020 - 00:54:55: [SM] Failed to load plugin "nextmap.smx": Nextmap is incompatible with this game.
L 07/01/2020 - 00:56:17: Error log file session closed.
L 07/01/2020 - 01:00:38: SourceMod error session started
L 07/01/2020 - 01:00:38: Info (map "yc_c4a1a") (file "D:\Games\steamapps\common\Black Mesa\bms\addons\sourcemod\logs\errors_20200701.log")
L 07/01/2020 - 01:00:38: [SM] Failed to load plugin "nextmap.smx": Nextmap is incompatible with this game.
L 07/01/2020 - 01:02:59: Error log file session closed.
L 07/01/2020 - 01:06:44: SourceMod error session started
L 07/01/2020 - 01:06:44: Info (map "yc_c4a1a") (file "D:\Games\steamapps\common\Black Mesa\bms\addons\sourcemod\logs\errors_20200701.log")
L 07/01/2020 - 01:06:44: [SM] Failed to load plugin "nextmap.smx": Nextmap is incompatible with this game.
L 07/01/2020 - 01:07:47: Error log file session closed.
L 07/01/2020 - 01:11:23: SourceMod error session started
L 07/01/2020 - 01:11:23: Info (map "yc_c4a1a") (file "D:\Games\steamapps\common\Black Mesa\bms\addons\sourcemod\logs\errors_20200701.log")
L 07/01/2020 - 01:11:23: [SM] Failed to load plugin "nextmap.smx": Nextmap is incompatible with this game.
L 07/01/2020 - 01:12:19: SourceMod error session started
L 07/01/2020 - 01:12:19: Info (map "yc_c4a1a") (file "D:\Games\steamapps\common\Black Mesa\bms\addons\sourcemod\logs\errors_20200701.log")
L 07/01/2020 - 01:12:19: [SM] Failed to load plugin "nextmap.smx": Nextmap is incompatible with this game.
L 07/01/2020 - 01:13:52: Error log file session closed.
L 07/01/2020 - 01:16:57: SourceMod error session started
L 07/01/2020 - 01:16:57: Info (map "yc_c4a1a") (file "D:\Games\steamapps\common\Black Mesa\bms\addons\sourcemod\logs\errors_20200701.log")
L 07/01/2020 - 01:16:57: [SM] Failed to load plugin "nextmap.smx": Nextmap is incompatible with this game.
L 07/01/2020 - 01:17:58: Error log file session closed.
L 07/01/2020 - 01:27:40: SourceMod error session started
L 07/01/2020 - 01:27:40: Info (map "yc_c4a1a") (file "D:\Games\steamapps\common\Black Mesa\bms\addons\sourcemod\logs\errors_20200701.log")
L 07/01/2020 - 01:27:40: [SM] Failed to load plugin "nextmap.smx": Nextmap is incompatible with this game.
L 07/01/2020 - 01:28:10: Error log file session closed.
L 07/01/2020 - 01:31:00: SourceMod error session started
L 07/01/2020 - 01:31:00: Info (map "yc_c4a1a") (file "D:\Games\steamapps\common\Black Mesa\bms\addons\sourcemod\logs\errors_20200701.log")
L 07/01/2020 - 01:31:00: [SM] Failed to load plugin "nextmap.smx": Nextmap is incompatible with this game.
L 07/01/2020 - 01:32:17: Error log file session closed.
L 07/01/2020 - 08:02:54: SourceMod error session started
L 07/01/2020 - 08:02:54: Info (map "yc_c3a2k") (file "D:\Games\steamapps\common\Black Mesa\bms\addons\sourcemod\logs\errors_20200701.log")
L 07/01/2020 - 08:02:54: [SM] Failed to load plugin "nextmap.smx": Nextmap is incompatible with this game.
L 07/01/2020 - 08:07:44: Error log file session closed.
L 07/01/2020 - 08:22:49: SourceMod error session started
L 07/01/2020 - 08:22:49: Info (map "yc_c4a1a1") (file "D:\Games\steamapps\common\Black Mesa\bms\addons\sourcemod\logs\errors_20200701.log")
L 07/01/2020 - 08:22:49: [SM] Failed to load plugin "nextmap.smx": Nextmap is incompatible with this game.
L 07/01/2020 - 08:25:36: Error log file session closed.
L 07/01/2020 - 10:58:48: SourceMod error session started
L 07/01/2020 - 10:58:48: Info (map "yc_c4a1a1") (file "D:\Games\steamapps\common\Black Mesa\bms\addons\sourcemod\logs\errors_20200701.log")
L 07/01/2020 - 10:58:48: [SM] Failed to load plugin "nextmap.smx": Nextmap is incompatible with this game.
L 07/01/2020 - 11:16:06: SourceMod error session started
L 07/01/2020 - 11:16:06: Info (map "yc_c4a1b") (file "D:\Games\steamapps\common\Black Mesa\bms\addons\sourcemod\logs\errors_20200701.log")
L 07/01/2020 - 11:16:06: [SM] Failed to load plugin "nextmap.smx": Nextmap is incompatible with this game.
L 07/01/2020 - 11:20:29: Error log file session closed.
L 07/01/2020 - 11:34:29: SourceMod error session started
L 07/01/2020 - 11:34:29: Info (map "yc_c4a1b") (file "D:\Games\steamapps\common\Black Mesa\bms\addons\sourcemod\logs\errors_20200701.log")
L 07/01/2020 - 11:34:29: [SM] Failed to load plugin "nextmap.smx": Nextmap is incompatible with this game.
L 07/01/2020 - 11:43:43: Error log file session closed.
L 07/01/2020 - 16:20:11: SourceMod error session started
L 07/01/2020 - 16:20:11: Info (map "yc_c4a1b") (file "D:\Games\steamapps\common\Black Mesa\bms\addons\sourcemod\logs\errors_20200701.log")
L 07/01/2020 - 16:20:11: [SM] Failed to load plugin "nextmap.smx": Nextmap is incompatible with this game.
L 07/01/2020 - 17:44:51: SourceMod error session started
L 07/01/2020 - 17:44:51: Info (map "yc_c4a1b1") (file "D:\Games\steamapps\common\Black Mesa\bms\addons\sourcemod\logs\errors_20200701.log")
L 07/01/2020 - 17:44:51: [SM] Failed to load plugin "nextmap.smx": Nextmap is incompatible with this game.
L 07/01/2020 - 18:29:45: SourceMod error session started
L 07/01/2020 - 18:29:45: Info (map "yc_c4a1b1") (file "D:\Games\steamapps\common\Black Mesa\bms\addons\sourcemod\logs\errors_20200701.log")
L 07/01/2020 - 18:29:45: [SM] Failed to load plugin "nextmap.smx": Nextmap is incompatible with this game.
L 07/01/2020 - 18:40:27: SourceMod error session started
L 07/01/2020 - 18:40:27: Info (map "yc_c4a1b1") (file "D:\Games\steamapps\common\Black Mesa\bms\addons\sourcemod\logs\errors_20200701.log")
L 07/01/2020 - 18:40:27: [SM] Failed to load plugin "nextmap.smx": Nextmap is incompatible with this game.
L 07/01/2020 - 18:44:41: SourceMod error session started
L 07/01/2020 - 18:44:41: Info (map "yc_c4a1b1") (file "D:\Games\steamapps\common\Black Mesa\bms\addons\sourcemod\logs\errors_20200701.log")
L 07/01/2020 - 18:44:41: [SM] Failed to load plugin "nextmap.smx": Nextmap is incompatible with this game.
L 07/01/2020 - 18:55:47: Error log file session closed.
L 07/01/2020 - 20:38:36: SourceMod error session started
L 07/01/2020 - 20:38:36: Info (map "yc_c4a1b1") (file "D:\Games\steamapps\common\Black Mesa\bms\addons\sourcemod\logs\errors_20200701.log")
L 07/01/2020 - 20:38:36: [SM] Failed to load plugin "nextmap.smx": Nextmap is incompatible with this game.
L 07/01/2020 - 20:49:56: SourceMod error session started
L 07/01/2020 - 20:49:56: Info (map "bm_c4a1b1") (file "D:\Games\steamapps\common\Black Mesa\bms\addons\sourcemod\logs\errors_20200701.log")
L 07/01/2020 - 20:49:56: [SM] Failed to load plugin "nextmap.smx": Nextmap is incompatible with this game.
L 07/01/2020 - 20:50:04: [SM] Exception reported: Could not get gamerules pointer
L 07/01/2020 - 20:50:04: [SM] Blaming: srccoop.smx
L 07/01/2020 - 20:50:04: [SM] Call stack trace:
L 07/01/2020 - 20:50:04: [SM]   [0] DHookGamerules
L 07/01/2020 - 20:50:04: [SM]   [1] Line 196, E:\SteamLibrary\steamapps\common\Black Mesa Dedicated Server\bms\addons\sourcemod\scripting\SourceCoop\scripting\srccoop.sp::OnMapStart
L 07/01/2020 - 20:51:27: Error log file session closed.
L 07/01/2020 - 21:31:50: SourceMod error session started
L 07/01/2020 - 21:31:50: Info (map "yc_c4a1c") (file "D:\Games\steamapps\common\Black Mesa\bms\addons\sourcemod\logs\errors_20200701.log")
L 07/01/2020 - 21:31:50: [SM] Failed to load plugin "nextmap.smx": Nextmap is incompatible with this game.
L 07/01/2020 - 21:33:11: Error log file session closed.
L 07/01/2020 - 21:34:11: SourceMod error session started
L 07/01/2020 - 21:34:11: Info (map "yc_c4a1c") (file "D:\Games\steamapps\common\Black Mesa\bms\addons\sourcemod\logs\errors_20200701.log")
L 07/01/2020 - 21:34:11: [SM] Failed to load plugin "nextmap.smx": Nextmap is incompatible with this game.
L 07/01/2020 - 21:35:40: Error log file session closed.
L 07/01/2020 - 21:36:41: SourceMod error session started
L 07/01/2020 - 21:36:41: Info (map "yc_c4a1c") (file "D:\Games\steamapps\common\Black Mesa\bms\addons\sourcemod\logs\errors_20200701.log")
L 07/01/2020 - 21:36:41: [SM] Failed to load plugin "nextmap.smx": Nextmap is incompatible with this game.
L 07/01/2020 - 21:58:16: Error log file session closed.
L 07/01/2020 - 23:37:55: SourceMod error session started
L 07/01/2020 - 23:37:55: Info (map "yc_c4a1a") (file "D:\Games\steamapps\common\Black Mesa\bms\addons\sourcemod\logs\errors_20200701.log")
L 07/01/2020 - 23:37:55: [SM] Failed to load plugin "nextmap.smx": Nextmap is incompatible with this game.
L 07/01/2020 - 23:42:04: Error log file session closed.
