L 07/07/2020 - 00:12:40: SourceMod error session started
L 07/07/2020 - 00:12:40: Info (map "yc_c4a3d1") (file "D:\Games\steamapps\common\Black Mesa\bms\addons\sourcemod\logs\errors_20200707.log")
L 07/07/2020 - 00:12:40: [SM] Failed to load plugin "nextmap.smx": Nextmap is incompatible with this game.
L 07/07/2020 - 00:13:27: Error log file session closed.
L 07/07/2020 - 00:14:35: SourceMod error session started
L 07/07/2020 - 00:14:35: Info (map "yc_c4a3d1") (file "D:\Games\steamapps\common\Black Mesa\bms\addons\sourcemod\logs\errors_20200707.log")
L 07/07/2020 - 00:14:35: [SM] Failed to load plugin "nextmap.smx": Nextmap is incompatible with this game.
L 07/07/2020 - 00:18:54: Error log file session closed.
L 07/07/2020 - 00:24:30: SourceMod error session started
L 07/07/2020 - 00:24:30: Info (map "yc_c4a4a") (file "D:\Games\steamapps\common\Black Mesa\bms\addons\sourcemod\logs\errors_20200707.log")
L 07/07/2020 - 00:24:30: [SM] Failed to load plugin "nextmap.smx": Nextmap is incompatible with this game.
L 07/07/2020 - 00:29:38: Error log file session closed.
L 07/07/2020 - 00:30:43: SourceMod error session started
L 07/07/2020 - 00:30:43: Info (map "yc_c4a4a") (file "D:\Games\steamapps\common\Black Mesa\bms\addons\sourcemod\logs\errors_20200707.log")
L 07/07/2020 - 00:30:43: [SM] Failed to load plugin "nextmap.smx": Nextmap is incompatible with this game.
L 07/07/2020 - 00:31:32: Error log file session closed.
L 07/07/2020 - 00:33:09: SourceMod error session started
L 07/07/2020 - 00:33:09: Info (map "yc_c4a4a") (file "D:\Games\steamapps\common\Black Mesa\bms\addons\sourcemod\logs\errors_20200707.log")
L 07/07/2020 - 00:33:09: [SM] Failed to load plugin "nextmap.smx": Nextmap is incompatible with this game.
L 07/07/2020 - 00:33:46: Error log file session closed.
L 07/07/2020 - 00:35:35: SourceMod error session started
L 07/07/2020 - 00:35:35: Info (map "yc_c4a4a") (file "D:\Games\steamapps\common\Black Mesa\bms\addons\sourcemod\logs\errors_20200707.log")
L 07/07/2020 - 00:35:35: [SM] Failed to load plugin "nextmap.smx": Nextmap is incompatible with this game.
L 07/07/2020 - 00:36:16: Error log file session closed.
L 07/07/2020 - 00:36:38: SourceMod error session started
L 07/07/2020 - 00:36:38: Info (map "yc_c4a4a") (file "D:\Games\steamapps\common\Black Mesa\bms\addons\sourcemod\logs\errors_20200707.log")
L 07/07/2020 - 00:36:38: [SM] Failed to load plugin "nextmap.smx": Nextmap is incompatible with this game.
L 07/07/2020 - 00:39:36: SourceMod error session started
L 07/07/2020 - 00:39:36: Info (map "yc_c4a4a") (file "D:\Games\steamapps\common\Black Mesa\bms\addons\sourcemod\logs\errors_20200707.log")
L 07/07/2020 - 00:39:36: [SM] Failed to load plugin "nextmap.smx": Nextmap is incompatible with this game.
L 07/07/2020 - 00:40:16: Error log file session closed.
L 07/07/2020 - 00:41:24: SourceMod error session started
L 07/07/2020 - 00:41:24: Info (map "yc_c4a4a") (file "D:\Games\steamapps\common\Black Mesa\bms\addons\sourcemod\logs\errors_20200707.log")
L 07/07/2020 - 00:41:24: [SM] Failed to load plugin "nextmap.smx": Nextmap is incompatible with this game.
L 07/07/2020 - 00:42:06: Error log file session closed.
L 07/07/2020 - 01:08:04: SourceMod error session started
L 07/07/2020 - 01:08:04: Info (map "yc_c4a4a") (file "D:\Games\steamapps\common\Black Mesa\bms\addons\sourcemod\logs\errors_20200707.log")
L 07/07/2020 - 01:08:04: [SM] Failed to load plugin "nextmap.smx": Nextmap is incompatible with this game.
L 07/07/2020 - 01:17:51: Error log file session closed.
L 07/07/2020 - 01:20:35: SourceMod error session started
L 07/07/2020 - 01:20:35: Info (map "yc_c4a4a") (file "D:\Games\steamapps\common\Black Mesa\bms\addons\sourcemod\logs\errors_20200707.log")
L 07/07/2020 - 01:20:35: [SM] Failed to load plugin "nextmap.smx": Nextmap is incompatible with this game.
L 07/07/2020 - 01:30:59: Error log file session closed.
L 07/07/2020 - 01:54:41: SourceMod error session started
L 07/07/2020 - 01:54:41: Info (map "yc_c4a4a") (file "D:\Games\steamapps\common\Black Mesa\bms\addons\sourcemod\logs\errors_20200707.log")
L 07/07/2020 - 01:54:41: [SM] Failed to load plugin "nextmap.smx": Nextmap is incompatible with this game.
L 07/07/2020 - 02:00:40: Error log file session closed.
L 07/07/2020 - 02:01:23: SourceMod error session started
L 07/07/2020 - 02:01:23: Info (map "yc_c4a4a") (file "D:\Games\steamapps\common\Black Mesa\bms\addons\sourcemod\logs\errors_20200707.log")
L 07/07/2020 - 02:01:23: [SM] Failed to load plugin "nextmap.smx": Nextmap is incompatible with this game.
L 07/07/2020 - 02:02:46: Error log file session closed.
L 07/07/2020 - 02:09:28: SourceMod error session started
L 07/07/2020 - 02:09:28: Info (map "yc_c4a4a") (file "D:\Games\steamapps\common\Black Mesa\bms\addons\sourcemod\logs\errors_20200707.log")
L 07/07/2020 - 02:09:28: [SM] Failed to load plugin "nextmap.smx": Nextmap is incompatible with this game.
L 07/07/2020 - 02:19:33: Error log file session closed.
L 07/07/2020 - 02:20:39: SourceMod error session started
L 07/07/2020 - 02:20:39: Info (map "yc_c4a4a") (file "D:\Games\steamapps\common\Black Mesa\bms\addons\sourcemod\logs\errors_20200707.log")
L 07/07/2020 - 02:20:39: [SM] Failed to load plugin "nextmap.smx": Nextmap is incompatible with this game.
L 07/07/2020 - 02:33:41: Error log file session closed.
L 07/07/2020 - 02:35:16: SourceMod error session started
L 07/07/2020 - 02:35:16: Info (map "yc_c4a4a") (file "D:\Games\steamapps\common\Black Mesa\bms\addons\sourcemod\logs\errors_20200707.log")
L 07/07/2020 - 02:35:16: [SM] Failed to load plugin "nextmap.smx": Nextmap is incompatible with this game.
L 07/07/2020 - 02:37:37: Error log file session closed.
L 07/07/2020 - 02:38:04: SourceMod error session started
L 07/07/2020 - 02:38:04: Info (map "yc_c4a4a") (file "D:\Games\steamapps\common\Black Mesa\bms\addons\sourcemod\logs\errors_20200707.log")
L 07/07/2020 - 02:38:04: [SM] Failed to load plugin "nextmap.smx": Nextmap is incompatible with this game.
L 07/07/2020 - 07:53:04: SourceMod error session started
L 07/07/2020 - 07:53:04: Info (map "yc_c4a4a") (file "D:\Games\steamapps\common\Black Mesa\bms\addons\sourcemod\logs\errors_20200707.log")
L 07/07/2020 - 07:53:04: [SM] Failed to load plugin "nextmap.smx": Nextmap is incompatible with this game.
L 07/07/2020 - 07:54:04: Error log file session closed.
L 07/07/2020 - 08:23:13: SourceMod error session started
L 07/07/2020 - 08:23:13: Info (map "yc_c4a4a") (file "D:\Games\steamapps\common\Black Mesa\bms\addons\sourcemod\logs\errors_20200707.log")
L 07/07/2020 - 08:23:13: [SM] Failed to load plugin "nextmap.smx": Nextmap is incompatible with this game.
L 07/07/2020 - 08:25:16: Error log file session closed.
L 07/07/2020 - 09:40:48: SourceMod error session started
L 07/07/2020 - 09:40:48: Info (map "yc_c4a4a") (file "D:\Games\steamapps\common\Black Mesa\bms\addons\sourcemod\logs\errors_20200707.log")
L 07/07/2020 - 09:40:48: [SM] Failed to load plugin "nextmap.smx": Nextmap is incompatible with this game.
L 07/07/2020 - 09:42:17: Error log file session closed.
L 07/07/2020 - 09:51:18: SourceMod error session started
L 07/07/2020 - 09:51:18: Info (map "yc_c4a4a") (file "D:\Games\steamapps\common\Black Mesa\bms\addons\sourcemod\logs\errors_20200707.log")
L 07/07/2020 - 09:51:18: [SM] Failed to load plugin "nextmap.smx": Nextmap is incompatible with this game.
L 07/07/2020 - 09:53:15: Error log file session closed.
L 07/07/2020 - 09:54:49: SourceMod error session started
L 07/07/2020 - 09:54:49: Info (map "yc_c4a4a") (file "D:\Games\steamapps\common\Black Mesa\bms\addons\sourcemod\logs\errors_20200707.log")
L 07/07/2020 - 09:54:49: [SM] Failed to load plugin "nextmap.smx": Nextmap is incompatible with this game.
L 07/07/2020 - 09:55:46: Error log file session closed.
L 07/07/2020 - 10:28:45: SourceMod error session started
L 07/07/2020 - 10:28:45: Info (map "yc_c4a4a") (file "D:\Games\steamapps\common\Black Mesa\bms\addons\sourcemod\logs\errors_20200707.log")
L 07/07/2020 - 10:28:45: [SM] Failed to load plugin "nextmap.smx": Nextmap is incompatible with this game.
L 07/07/2020 - 10:30:10: Error log file session closed.
L 07/07/2020 - 10:37:42: SourceMod error session started
L 07/07/2020 - 10:37:42: Info (map "yc_c4a4a") (file "D:\Games\steamapps\common\Black Mesa\bms\addons\sourcemod\logs\errors_20200707.log")
L 07/07/2020 - 10:37:42: [SM] Failed to load plugin "nextmap.smx": Nextmap is incompatible with this game.
L 07/07/2020 - 10:39:13: Error log file session closed.
L 07/07/2020 - 10:43:11: SourceMod error session started
L 07/07/2020 - 10:43:11: Info (map "yc_c4a4a") (file "D:\Games\steamapps\common\Black Mesa\bms\addons\sourcemod\logs\errors_20200707.log")
L 07/07/2020 - 10:43:11: [SM] Failed to load plugin "nextmap.smx": Nextmap is incompatible with this game.
L 07/07/2020 - 10:47:54: Error log file session closed.
L 07/07/2020 - 10:53:51: SourceMod error session started
L 07/07/2020 - 10:53:51: Info (map "yc_c4a4a") (file "D:\Games\steamapps\common\Black Mesa\bms\addons\sourcemod\logs\errors_20200707.log")
L 07/07/2020 - 10:53:51: [SM] Failed to load plugin "nextmap.smx": Nextmap is incompatible with this game.
L 07/07/2020 - 10:57:01: Error log file session closed.
L 07/07/2020 - 11:07:00: SourceMod error session started
L 07/07/2020 - 11:07:00: Info (map "yc_c4a4a") (file "D:\Games\steamapps\common\Black Mesa\bms\addons\sourcemod\logs\errors_20200707.log")
L 07/07/2020 - 11:07:00: [SM] Failed to load plugin "nextmap.smx": Nextmap is incompatible with this game.
L 07/07/2020 - 11:09:54: Error log file session closed.
L 07/07/2020 - 11:18:39: SourceMod error session started
L 07/07/2020 - 11:18:39: Info (map "yc_c4a4a") (file "D:\Games\steamapps\common\Black Mesa\bms\addons\sourcemod\logs\errors_20200707.log")
L 07/07/2020 - 11:18:39: [SM] Failed to load plugin "nextmap.smx": Nextmap is incompatible with this game.
L 07/07/2020 - 11:21:24: Error log file session closed.
L 07/07/2020 - 11:28:14: SourceMod error session started
L 07/07/2020 - 11:28:14: Info (map "yc_c4a4a") (file "D:\Games\steamapps\common\Black Mesa\bms\addons\sourcemod\logs\errors_20200707.log")
L 07/07/2020 - 11:28:14: [SM] Failed to load plugin "nextmap.smx": Nextmap is incompatible with this game.
L 07/07/2020 - 11:31:10: Error log file session closed.
L 07/07/2020 - 11:40:27: SourceMod error session started
L 07/07/2020 - 11:40:27: Info (map "yc_c4a4a") (file "D:\Games\steamapps\common\Black Mesa\bms\addons\sourcemod\logs\errors_20200707.log")
L 07/07/2020 - 11:40:27: [SM] Failed to load plugin "nextmap.smx": Nextmap is incompatible with this game.
L 07/07/2020 - 11:42:10: Error log file session closed.
L 07/07/2020 - 11:47:37: SourceMod error session started
L 07/07/2020 - 11:47:37: Info (map "yc_c4a4a") (file "D:\Games\steamapps\common\Black Mesa\bms\addons\sourcemod\logs\errors_20200707.log")
L 07/07/2020 - 11:47:37: [SM] Failed to load plugin "nextmap.smx": Nextmap is incompatible with this game.
L 07/07/2020 - 11:51:00: Error log file session closed.
L 07/07/2020 - 12:01:18: SourceMod error session started
L 07/07/2020 - 12:01:18: Info (map "yc_c4a4a") (file "D:\Games\steamapps\common\Black Mesa\bms\addons\sourcemod\logs\errors_20200707.log")
L 07/07/2020 - 12:01:18: [SM] Failed to load plugin "nextmap.smx": Nextmap is incompatible with this game.
L 07/07/2020 - 12:05:09: Error log file session closed.
L 07/07/2020 - 12:08:58: SourceMod error session started
L 07/07/2020 - 12:08:58: Info (map "yc_c4a4a") (file "D:\Games\steamapps\common\Black Mesa\bms\addons\sourcemod\logs\errors_20200707.log")
L 07/07/2020 - 12:08:58: [SM] Failed to load plugin "nextmap.smx": Nextmap is incompatible with this game.
L 07/07/2020 - 12:12:07: Error log file session closed.
L 07/07/2020 - 12:19:56: SourceMod error session started
L 07/07/2020 - 12:19:56: Info (map "yc_c4a4a") (file "D:\Games\steamapps\common\Black Mesa\bms\addons\sourcemod\logs\errors_20200707.log")
L 07/07/2020 - 12:19:56: [SM] Failed to load plugin "nextmap.smx": Nextmap is incompatible with this game.
L 07/07/2020 - 12:24:25: Error log file session closed.
L 07/07/2020 - 12:26:47: SourceMod error session started
L 07/07/2020 - 12:26:47: Info (map "yc_c4a4a") (file "D:\Games\steamapps\common\Black Mesa\bms\addons\sourcemod\logs\errors_20200707.log")
L 07/07/2020 - 12:26:47: [SM] Failed to load plugin "nextmap.smx": Nextmap is incompatible with this game.
L 07/07/2020 - 12:31:41: Error log file session closed.
L 07/07/2020 - 12:52:44: SourceMod error session started
L 07/07/2020 - 12:52:44: Info (map "yc_c4a4a") (file "D:\Games\steamapps\common\Black Mesa\bms\addons\sourcemod\logs\errors_20200707.log")
L 07/07/2020 - 12:52:44: [SM] Failed to load plugin "nextmap.smx": Nextmap is incompatible with this game.
L 07/07/2020 - 12:56:51: Error log file session closed.
L 07/07/2020 - 15:39:32: SourceMod error session started
L 07/07/2020 - 15:39:32: Info (map "yc_c4a4a") (file "D:\Games\steamapps\common\Black Mesa\bms\addons\sourcemod\logs\errors_20200707.log")
L 07/07/2020 - 15:39:32: [SM] Failed to load plugin "nextmap.smx": Nextmap is incompatible with this game.
L 07/07/2020 - 15:43:33: Error log file session closed.
L 07/07/2020 - 15:55:39: SourceMod error session started
L 07/07/2020 - 15:55:39: Info (map "yc_c4a4a") (file "D:\Games\steamapps\common\Black Mesa\bms\addons\sourcemod\logs\errors_20200707.log")
L 07/07/2020 - 15:55:39: [SM] Failed to load plugin "nextmap.smx": Nextmap is incompatible with this game.
L 07/07/2020 - 16:11:59: SourceMod error session started
L 07/07/2020 - 16:11:59: Info (map "yc_c4a4a") (file "D:\Games\steamapps\common\Black Mesa\bms\addons\sourcemod\logs\errors_20200707.log")
L 07/07/2020 - 16:11:59: [SM] Failed to load plugin "nextmap.smx": Nextmap is incompatible with this game.
L 07/07/2020 - 16:13:01: Error log file session closed.
L 07/07/2020 - 16:37:36: SourceMod error session started
L 07/07/2020 - 16:37:36: Info (map "yc_c4a4a") (file "D:\Games\steamapps\common\Black Mesa\bms\addons\sourcemod\logs\errors_20200707.log")
L 07/07/2020 - 16:37:36: [SM] Failed to load plugin "nextmap.smx": Nextmap is incompatible with this game.
L 07/07/2020 - 17:31:10: SourceMod error session started
L 07/07/2020 - 17:31:10: Info (map "yc_c5a1a") (file "D:\Games\steamapps\common\Black Mesa\bms\addons\sourcemod\logs\errors_20200707.log")
L 07/07/2020 - 17:31:10: [SM] Failed to load plugin "nextmap.smx": Nextmap is incompatible with this game.
L 07/07/2020 - 17:32:08: Error log file session closed.
L 07/07/2020 - 17:33:56: SourceMod error session started
L 07/07/2020 - 17:33:56: Info (map "yc_c5a1a") (file "D:\Games\steamapps\common\Black Mesa\bms\addons\sourcemod\logs\errors_20200707.log")
L 07/07/2020 - 17:33:56: [SM] Failed to load plugin "nextmap.smx": Nextmap is incompatible with this game.
L 07/07/2020 - 17:35:06: Error log file session closed.
L 07/07/2020 - 17:42:58: SourceMod error session started
L 07/07/2020 - 17:42:58: Info (map "yc_c5a1a") (file "D:\Games\steamapps\common\Black Mesa\bms\addons\sourcemod\logs\errors_20200707.log")
L 07/07/2020 - 17:42:58: [SM] Failed to load plugin "nextmap.smx": Nextmap is incompatible with this game.
L 07/07/2020 - 17:48:30: Error log file session closed.
L 07/07/2020 - 23:31:20: SourceMod error session started
L 07/07/2020 - 23:31:20: Info (map "yc_c4a3d1") (file "D:\Games\steamapps\common\Black Mesa\bms\addons\sourcemod\logs\errors_20200707.log")
L 07/07/2020 - 23:31:20: [SM] Failed to load plugin "nextmap.smx": Nextmap is incompatible with this game.
L 07/07/2020 - 23:31:39: [UPDATER] --- BEGIN ERRORS FROM AUTOMATIC UPDATER ---
L 07/07/2020 - 23:31:39: [UPDATER] Could not download "http://update.sourcemod.net/update/"
L 07/07/2020 - 23:31:39: [UPDATER] Error: Could not resolve host: update.sourcemod.net; Host not found
L 07/07/2020 - 23:31:39: [UPDATER] --- END ERRORS FROM AUTOMATIC UPDATER ---
L 07/07/2020 - 23:35:54: Error log file session closed.
L 07/07/2020 - 23:46:56: SourceMod error session started
L 07/07/2020 - 23:46:56: Info (map "yc_c4a4a") (file "D:\Games\steamapps\common\Black Mesa\bms\addons\sourcemod\logs\errors_20200707.log")
L 07/07/2020 - 23:46:56: [SM] Failed to load plugin "nextmap.smx": Nextmap is incompatible with this game.
L 07/07/2020 - 23:51:07: SourceMod error session started
L 07/07/2020 - 23:51:07: Info (map "yc_c4a2c") (file "D:\Games\steamapps\common\Black Mesa\bms\addons\sourcemod\logs\errors_20200707.log")
L 07/07/2020 - 23:51:07: [SM] Failed to load plugin "nextmap.smx": Nextmap is incompatible with this game.
L 07/08/2020 - 00:04:19: Error log file session closed.
