L 07/03/2020 - 13:36:48: SourceMod log file session started (file "D:\Games\steamapps\common\Black Mesa\bms\addons\sourcemod\logs\L20200703.log") (Version "1.11.0.6562")
L 07/03/2020 - 13:36:48: [SM] Changed map to "yc_c4a2a"
L 07/03/2020 - 13:36:48: "Your name<2><[U:1:3396891022]><>" was already connected to the server.
L 07/03/2020 - 19:57:33: SourceMod log file session started (file "D:\Games\steamapps\common\Black Mesa\bms\addons\sourcemod\logs\L20200703.log") (Version "1.11.0.6562")
L 07/03/2020 - 19:57:33: -------- Mapchange to yc_c4a2a --------
L 07/03/2020 - 20:08:44: SourceMod log file session started (file "D:\Games\steamapps\common\Black Mesa\bms\addons\sourcemod\logs\L20200703.log") (Version "1.11.0.6562")
L 07/03/2020 - 20:08:44: -------- Mapchange to yc_c4a2a --------
L 07/03/2020 - 20:10:39: -------- Mapchange to yc_c4a2a --------
L 07/03/2020 - 20:11:54: SourceMod log file session started (file "D:\Games\steamapps\common\Black Mesa\bms\addons\sourcemod\logs\L20200703.log") (Version "1.11.0.6562")
L 07/03/2020 - 20:11:54: -------- Mapchange to yc_c4a2a --------
L 07/03/2020 - 20:14:54: SourceMod log file session started (file "D:\Games\steamapps\common\Black Mesa\bms\addons\sourcemod\logs\L20200703.log") (Version "1.11.0.6562")
L 07/03/2020 - 20:14:54: -------- Mapchange to yc_c4a2a --------
L 07/03/2020 - 20:19:05: SourceMod log file session started (file "D:\Games\steamapps\common\Black Mesa\bms\addons\sourcemod\logs\L20200703.log") (Version "1.11.0.6562")
L 07/03/2020 - 20:19:05: -------- Mapchange to yc_c4a2a --------
L 07/03/2020 - 20:24:18: SourceMod log file session started (file "D:\Games\steamapps\common\Black Mesa\bms\addons\sourcemod\logs\L20200703.log") (Version "1.11.0.6562")
L 07/03/2020 - 20:24:18: -------- Mapchange to yc_c4a2a --------
L 07/03/2020 - 20:28:56: SourceMod log file session started (file "D:\Games\steamapps\common\Black Mesa\bms\addons\sourcemod\logs\L20200703.log") (Version "1.11.0.6562")
L 07/03/2020 - 20:28:56: -------- Mapchange to yc_c4a2b --------
L 07/03/2020 - 20:33:36: -------- Mapchange to yc_c4a2a --------
L 07/03/2020 - 20:33:58: -------- Mapchange to yc_c4a2a --------
L 07/03/2020 - 20:38:06: -------- Mapchange to yc_c4a2a --------
L 07/03/2020 - 20:40:33: -------- Mapchange to yc_c4a2a --------
L 07/03/2020 - 20:57:13: -------- Mapchange to yc_c4a2a --------
L 07/03/2020 - 21:02:23: Log file closed.
L 07/03/2020 - 21:21:23: SourceMod log file session started (file "D:\Games\steamapps\common\Black Mesa\bms\addons\sourcemod\logs\L20200703.log") (Version "1.11.0.6562")
L 07/03/2020 - 21:21:23: -------- Mapchange to yc_c4a1a_t --------
L 07/03/2020 - 21:31:47: SourceMod log file session started (file "D:\Games\steamapps\common\Black Mesa\bms\addons\sourcemod\logs\L20200703.log") (Version "1.11.0.6562")
L 07/03/2020 - 21:31:47: -------- Mapchange to yc_c4a1a_t --------
L 07/03/2020 - 21:34:28: SourceMod log file session started (file "D:\Games\steamapps\common\Black Mesa\bms\addons\sourcemod\logs\L20200703.log") (Version "1.11.0.6562")
L 07/03/2020 - 21:34:28: -------- Mapchange to yc_c4a1a_t --------
L 07/03/2020 - 21:56:43: SourceMod log file session started (file "D:\Games\steamapps\common\Black Mesa\bms\addons\sourcemod\logs\L20200703.log") (Version "1.11.0.6562")
L 07/03/2020 - 21:56:43: -------- Mapchange to yc_c4a1a_t --------
L 07/03/2020 - 22:07:52: SourceMod log file session started (file "D:\Games\steamapps\common\Black Mesa\bms\addons\sourcemod\logs\L20200703.log") (Version "1.11.0.6562")
L 07/03/2020 - 22:07:52: -------- Mapchange to yc_c4a1a_t --------
L 07/03/2020 - 23:00:51: SourceMod log file session started (file "D:\Games\steamapps\common\Black Mesa\bms\addons\sourcemod\logs\L20200703.log") (Version "1.11.0.6562")
L 07/03/2020 - 23:00:51: -------- Mapchange to yc_c4a2a --------
L 07/03/2020 - 23:02:06: Log file closed.
L 07/03/2020 - 23:04:29: SourceMod log file session started (file "D:\Games\steamapps\common\Black Mesa\bms\addons\sourcemod\logs\L20200703.log") (Version "1.11.0.6562")
L 07/03/2020 - 23:04:29: -------- Mapchange to bm_c4a2a --------
L 07/03/2020 - 23:05:55: Log file closed.
L 07/03/2020 - 23:47:59: SourceMod log file session started (file "D:\Games\steamapps\common\Black Mesa\bms\addons\sourcemod\logs\L20200703.log") (Version "1.11.0.6562")
L 07/03/2020 - 23:47:59: -------- Mapchange to yc_c4a2a --------
L 07/03/2020 - 23:57:14: SourceMod log file session started (file "D:\Games\steamapps\common\Black Mesa\bms\addons\sourcemod\logs\L20200703.log") (Version "1.11.0.6562")
L 07/03/2020 - 23:57:14: [SM] Changed map to "yc_c4a2b"
L 07/03/2020 - 23:57:20: -------- Mapchange to yc_c4a2b --------
L 07/03/2020 - 23:57:38: Log file closed.
