L 07/02/2020 - 17:56:09: SourceMod log file session started (file "D:\Games\steamapps\common\Black Mesa\bms\addons\sourcemod\logs\L20200702.log") (Version "1.11.0.6562")
L 07/02/2020 - 17:56:09: [SM] Changed map to "yc_c4a1c"
L 07/02/2020 - 17:56:18: -------- Mapchange to yc_c4a1c --------
L 07/02/2020 - 17:59:00: Log file closed.
L 07/02/2020 - 20:24:36: SourceMod log file session started (file "D:\Games\steamapps\common\Black Mesa\bms\addons\sourcemod\logs\L20200702.log") (Version "1.11.0.6562")
L 07/02/2020 - 20:24:36: [SM] Changed map to "yc_c4a1c"
L 07/02/2020 - 20:24:42: -------- Mapchange to yc_c4a1c --------
L 07/02/2020 - 20:29:06: [SM] Changed map to "yc_c4a1c1"
L 07/02/2020 - 20:29:06: "Your name<2><[U:1:3396891022]><>" was already connected to the server.
L 07/02/2020 - 20:29:16: Log file closed.
L 07/02/2020 - 20:58:31: SourceMod log file session started (file "D:\Games\steamapps\common\Black Mesa\bms\addons\sourcemod\logs\L20200702.log") (Version "1.11.0.6562")
L 07/02/2020 - 20:58:31: -------- Mapchange to yc_c4a1c1 --------
L 07/02/2020 - 21:21:58: SourceMod log file session started (file "D:\Games\steamapps\common\Black Mesa\bms\addons\sourcemod\logs\L20200702.log") (Version "1.11.0.6562")
L 07/02/2020 - 21:21:58: -------- Mapchange to yc_c4a1c1 --------
L 07/02/2020 - 21:32:45: -------- Mapchange to yc_c4a1c1 --------
L 07/02/2020 - 21:34:32: -------- Mapchange to yc_c4a1c1 --------
L 07/02/2020 - 21:45:54: -------- Mapchange to yc_c4a1c1 --------
L 07/02/2020 - 21:59:52: -------- Mapchange to yc_c4a1c1 --------
L 07/02/2020 - 22:11:15: -------- Mapchange to yc_c4a1c1 --------
L 07/02/2020 - 22:33:05: -------- Mapchange to yc_c4a1c1 --------
L 07/02/2020 - 22:42:42: [SM] Changed map to "yc_c4a2a"
L 07/02/2020 - 22:42:42: "Your name<9><[U:1:3396891022]><>" was already connected to the server.
L 07/02/2020 - 22:53:09: SourceMod log file session started (file "D:\Games\steamapps\common\Black Mesa\bms\addons\sourcemod\logs\L20200702.log") (Version "1.11.0.6562")
L 07/02/2020 - 22:53:09: [SM] Changed map to "yc_c4a2a"
L 07/02/2020 - 22:53:09: "Your name<2><[U:1:3396891022]><>" was already connected to the server.
L 07/02/2020 - 22:53:21: Log file closed.
L 07/02/2020 - 23:08:40: SourceMod log file session started (file "D:\Games\steamapps\common\Black Mesa\bms\addons\sourcemod\logs\L20200702.log") (Version "1.11.0.6562")
L 07/02/2020 - 23:08:40: [SM] Changed map to "yc_c4a2a"
L 07/02/2020 - 23:08:40: "Your name<2><[U:1:3396891022]><>" was already connected to the server.
