L 07/01/2020 - 00:02:38: SourceMod log file session started (file "D:\Games\steamapps\common\Black Mesa\bms\addons\sourcemod\logs\L20200701.log") (Version "1.11.0.6562")
L 07/01/2020 - 00:02:38: [SM] Changed map to "yc_c3a2k"
L 07/01/2020 - 00:02:39: -------- Mapchange to yc_c3a2k --------
L 07/01/2020 - 00:02:39: [basecommands.smx] "Console<0><Console><Console>" console command (cmdline ""sm_coop_enabled 1"")
L 07/01/2020 - 00:02:39: [basecommands.smx] "Console<0><Console><Console>" console command (cmdline ""sm_coop_team scientist"")
L 07/01/2020 - 00:02:39: [basecommands.smx] "Console<0><Console><Console>" console command (cmdline ""sm_coop_start_wait_period 10"")
L 07/01/2020 - 00:16:49: SourceMod log file session started (file "D:\Games\steamapps\common\Black Mesa\bms\addons\sourcemod\logs\L20200701.log") (Version "1.11.0.6562")
L 07/01/2020 - 00:16:49: -------- Mapchange to yc_c4a1a --------
L 07/01/2020 - 00:35:26: SourceMod log file session started (file "D:\Games\steamapps\common\Black Mesa\bms\addons\sourcemod\logs\L20200701.log") (Version "1.11.0.6562")
L 07/01/2020 - 00:35:26: -------- Mapchange to yc_c4a1a --------
L 07/01/2020 - 00:40:34: SourceMod log file session started (file "D:\Games\steamapps\common\Black Mesa\bms\addons\sourcemod\logs\L20200701.log") (Version "1.11.0.6562")
L 07/01/2020 - 00:40:34: -------- Mapchange to yc_c4a1a --------
L 07/01/2020 - 00:45:58: SourceMod log file session started (file "D:\Games\steamapps\common\Black Mesa\bms\addons\sourcemod\logs\L20200701.log") (Version "1.11.0.6562")
L 07/01/2020 - 00:45:58: -------- Mapchange to yc_c4a1a --------
L 07/01/2020 - 00:56:17: SourceMod log file session started (file "D:\Games\steamapps\common\Black Mesa\bms\addons\sourcemod\logs\L20200701.log") (Version "1.11.0.6562")
L 07/01/2020 - 00:56:17: -------- Mapchange to yc_c4a1a --------
L 07/01/2020 - 01:02:59: SourceMod log file session started (file "D:\Games\steamapps\common\Black Mesa\bms\addons\sourcemod\logs\L20200701.log") (Version "1.11.0.6562")
L 07/01/2020 - 01:02:59: -------- Mapchange to yc_c4a1a --------
L 07/01/2020 - 01:07:47: SourceMod log file session started (file "D:\Games\steamapps\common\Black Mesa\bms\addons\sourcemod\logs\L20200701.log") (Version "1.11.0.6562")
L 07/01/2020 - 01:07:47: -------- Mapchange to yc_c4a1a --------
L 07/01/2020 - 01:10:56: -------- Mapchange to yc_c4a1a --------
L 07/01/2020 - 01:13:52: SourceMod log file session started (file "D:\Games\steamapps\common\Black Mesa\bms\addons\sourcemod\logs\L20200701.log") (Version "1.11.0.6562")
L 07/01/2020 - 01:13:52: -------- Mapchange to yc_c4a1a --------
L 07/01/2020 - 01:17:58: SourceMod log file session started (file "D:\Games\steamapps\common\Black Mesa\bms\addons\sourcemod\logs\L20200701.log") (Version "1.11.0.6562")
L 07/01/2020 - 01:17:58: -------- Mapchange to yc_c4a1a --------
L 07/01/2020 - 01:27:03: -------- Mapchange to yc_c4a1a --------
L 07/01/2020 - 01:28:10: SourceMod log file session started (file "D:\Games\steamapps\common\Black Mesa\bms\addons\sourcemod\logs\L20200701.log") (Version "1.11.0.6562")
L 07/01/2020 - 01:28:10: -------- Mapchange to yc_c4a1a --------
L 07/01/2020 - 01:32:17: SourceMod log file session started (file "D:\Games\steamapps\common\Black Mesa\bms\addons\sourcemod\logs\L20200701.log") (Version "1.11.0.6562")
L 07/01/2020 - 01:32:17: -------- Mapchange to yc_c4a1a --------
L 07/01/2020 - 01:43:43: -------- Mapchange to yc_c4a1a --------
L 07/01/2020 - 01:49:53: [SM] Changed map to "yc_c4a1a1"
L 07/01/2020 - 01:49:53: "Your name<4><[U:1:3396891022]><>" was already connected to the server.
L 07/01/2020 - 01:50:09: Log file closed.
L 07/01/2020 - 08:07:30: SourceMod log file session started (file "D:\Games\steamapps\common\Black Mesa\bms\addons\sourcemod\logs\L20200701.log") (Version "1.11.0.6562")
L 07/01/2020 - 08:07:30: [SM] Changed map to "yc_c4a1a"
L 07/01/2020 - 08:07:44: -------- Mapchange to yc_c4a1a --------
L 07/01/2020 - 08:12:36: [SM] Changed map to "yc_c4a1a1"
L 07/01/2020 - 08:12:37: "Your name<2><[U:1:3396891022]><>" was already connected to the server.
L 07/01/2020 - 08:12:47: Log file closed.
L 07/01/2020 - 08:25:36: SourceMod log file session started (file "D:\Games\steamapps\common\Black Mesa\bms\addons\sourcemod\logs\L20200701.log") (Version "1.11.0.6562")
L 07/01/2020 - 08:25:36: -------- Mapchange to yc_c4a1a1 --------
L 07/01/2020 - 08:44:22: -------- Mapchange to yc_c4a1a1 --------
L 07/01/2020 - 08:53:28: -------- Mapchange to yc_c4a1a1 --------
L 07/01/2020 - 09:03:35: -------- Mapchange to yc_c4a1a1 --------
L 07/01/2020 - 09:07:01: [SM] Changed map to "yc_c4a1b"
L 07/01/2020 - 09:07:01: "Your name<6><[U:1:3396891022]><>" was already connected to the server.
L 07/01/2020 - 09:07:12: Log file closed.
L 07/01/2020 - 11:02:12: SourceMod log file session started (file "D:\Games\steamapps\common\Black Mesa\bms\addons\sourcemod\logs\L20200701.log") (Version "1.11.0.6562")
L 07/01/2020 - 11:02:12: [SM] Changed map to "yc_c4a1b"
L 07/01/2020 - 11:02:12: "Your name<2><[U:1:3396891022]><>" was already connected to the server.
L 07/01/2020 - 11:43:43: SourceMod log file session started (file "D:\Games\steamapps\common\Black Mesa\bms\addons\sourcemod\logs\L20200701.log") (Version "1.11.0.6562")
L 07/01/2020 - 11:43:43: -------- Mapchange to yc_c4a1b --------
L 07/01/2020 - 11:49:58: -------- Mapchange to yc_c4a1b --------
L 07/01/2020 - 12:06:12: -------- Mapchange to yc_c4a1b --------
L 07/01/2020 - 12:11:34: [SM] Changed map to "yc_c4a1b1"
L 07/01/2020 - 12:11:34: "Your name<5><[U:1:3396891022]><>" was already connected to the server.
L 07/01/2020 - 16:27:33: SourceMod log file session started (file "D:\Games\steamapps\common\Black Mesa\bms\addons\sourcemod\logs\L20200701.log") (Version "1.11.0.6562")
L 07/01/2020 - 16:27:33: [SM] Changed map to "yc_c4a1b1"
L 07/01/2020 - 16:27:33: "Your name<2><[U:1:3396891022]><>" was already connected to the server.
L 07/01/2020 - 18:55:47: SourceMod log file session started (file "D:\Games\steamapps\common\Black Mesa\bms\addons\sourcemod\logs\L20200701.log") (Version "1.11.0.6562")
L 07/01/2020 - 18:55:47: -------- Mapchange to yc_c4a1b1 --------
L 07/01/2020 - 19:04:38: -------- Mapchange to yc_c4a1b1 --------
L 07/01/2020 - 19:10:29: -------- Mapchange to yc_c4a1b1 --------
L 07/01/2020 - 19:22:52: -------- Mapchange to yc_c4a1b1 --------
L 07/01/2020 - 19:32:23: [SM] Changed map to "yc_c4a1c"
L 07/01/2020 - 19:32:23: "Your name<6><[U:1:3396891022]><>" was already connected to the server.
L 07/01/2020 - 20:49:21: SourceMod log file session started (file "D:\Games\steamapps\common\Black Mesa\bms\addons\sourcemod\logs\L20200701.log") (Version "1.11.0.6562")
L 07/01/2020 - 20:49:21: [SM] Changed map to "yc_c4a1c"
L 07/01/2020 - 20:49:21: "Your name<2><[U:1:3396891022]><>" was already connected to the server.
L 07/01/2020 - 20:51:27: SourceMod log file session started (file "D:\Games\steamapps\common\Black Mesa\bms\addons\sourcemod\logs\L20200701.log") (Version "1.11.0.6562")
L 07/01/2020 - 20:51:27: -------- Mapchange to yc_c4a1b1 --------
L 07/01/2020 - 20:53:18: Log file closed.
L 07/01/2020 - 23:42:00: SourceMod log file session started (file "D:\Games\steamapps\common\Black Mesa\bms\addons\sourcemod\logs\L20200701.log") (Version "1.11.0.6562")
L 07/01/2020 - 23:42:00: [SM] Changed map to "yc_c4a1a1"
L 07/01/2020 - 23:42:04: -------- Mapchange to yc_c4a1a1 --------
L 07/01/2020 - 23:42:54: Log file closed.
