L 06/24/2020 - 00:06:29: SourceMod log file session started (file "D:\Games\steamapps\common\Black Mesa\bms\addons\sourcemod\logs\L20200624.log") (Version "1.11.0.6562")
L 06/24/2020 - 00:06:29: Log file closed.
L 06/24/2020 - 09:49:56: SourceMod log file session started (file "D:\Games\steamapps\common\Black Mesa\bms\addons\sourcemod\logs\L20200624.log") (Version "1.11.0.6562")
L 06/24/2020 - 09:49:56: [SM] Changed map to "yc_c2a4e1"
L 06/24/2020 - 09:50:07: -------- Mapchange to yc_c2a4e1 --------
L 06/24/2020 - 09:54:57: [SM] Changed map to "yc_c2a4g"
L 06/24/2020 - 09:54:57: "Your name<2><[U:1:3396891022]><>" was already connected to the server.
L 06/24/2020 - 10:04:14: Log file closed.
L 06/24/2020 - 10:07:57: SourceMod log file session started (file "D:\Games\steamapps\common\Black Mesa\bms\addons\sourcemod\logs\L20200624.log") (Version "1.11.0.6562")
L 06/24/2020 - 10:07:57: [SM] Changed map to "yc_c2a5a"
L 06/24/2020 - 10:07:57: "Your name<2><[U:1:3396891022]><>" was already connected to the server.
L 06/24/2020 - 11:45:17: SourceMod log file session started (file "D:\Games\steamapps\common\Black Mesa\bms\addons\sourcemod\logs\L20200624.log") (Version "1.11.0.6562")
L 06/24/2020 - 11:45:17: -------- Mapchange to yc_c2a5a --------
L 06/24/2020 - 11:55:23: -------- Mapchange to yc_c2a5a --------
L 06/24/2020 - 12:05:19: -------- Mapchange to yc_c2a5a --------
L 06/24/2020 - 12:24:40: SourceMod log file session started (file "D:\Games\steamapps\common\Black Mesa\bms\addons\sourcemod\logs\L20200624.log") (Version "1.11.0.6562")
L 06/24/2020 - 12:24:40: [SM] Changed map to "yc_c2a5b"
L 06/24/2020 - 12:24:40: "Targon<2><[U:1:55645864]><>" was already connected to the server.
L 06/24/2020 - 12:25:20: Log file closed.
L 06/24/2020 - 15:02:07: SourceMod log file session started (file "D:\Games\steamapps\common\Black Mesa\bms\addons\sourcemod\logs\L20200624.log") (Version "1.11.0.6562")
L 06/24/2020 - 15:02:07: [SM] Changed map to "yc_c2a5b"
L 06/24/2020 - 15:02:07: "Your name<2><[U:1:3396891022]><>" was already connected to the server.
L 06/24/2020 - 15:02:16: Log file closed.
L 06/24/2020 - 17:49:02: SourceMod log file session started (file "D:\Games\steamapps\common\Black Mesa\bms\addons\sourcemod\logs\L20200624.log") (Version "1.11.0.6562")
L 06/24/2020 - 17:49:02: -------- Mapchange to yc_c2a5b --------
L 06/24/2020 - 18:01:58: -------- Mapchange to yc_c2a5b --------
L 06/24/2020 - 18:06:48: Log file closed.
L 06/24/2020 - 19:45:59: SourceMod log file session started (file "D:\Games\steamapps\common\Black Mesa\bms\addons\sourcemod\logs\L20200624.log") (Version "1.11.0.6562")
L 06/24/2020 - 19:45:59: [SM] Changed map to "yc_c2a5c"
L 06/24/2020 - 19:45:59: "Your name<2><[U:1:3396891022]><>" was already connected to the server.
L 06/24/2020 - 20:25:26: SourceMod log file session started (file "D:\Games\steamapps\common\Black Mesa\bms\addons\sourcemod\logs\L20200624.log") (Version "1.11.0.6562")
L 06/24/2020 - 20:25:26: -------- Mapchange to yc_c2a5c --------
L 06/24/2020 - 20:36:11: [SM] Changed map to "yc_c2a5d"
L 06/24/2020 - 20:36:11: "Your name<3><[U:1:3396891022]><>" was already connected to the server.
L 06/24/2020 - 22:10:09: SourceMod log file session started (file "D:\Games\steamapps\common\Black Mesa\bms\addons\sourcemod\logs\L20200624.log") (Version "1.11.0.6562")
L 06/24/2020 - 22:10:09: [SM] Changed map to "yc_c2a5d"
L 06/24/2020 - 22:10:09: "Your name<2><[U:1:3396891022]><>" was already connected to the server.
L 06/24/2020 - 22:10:22: Log file closed.
L 06/24/2020 - 22:40:49: SourceMod log file session started (file "D:\Games\steamapps\common\Black Mesa\bms\addons\sourcemod\logs\L20200624.log") (Version "1.11.0.6562")
L 06/24/2020 - 22:40:49: -------- Mapchange to yc_c2a5d --------
L 06/24/2020 - 22:49:01: -------- Mapchange to yc_c2a5d --------
L 06/24/2020 - 22:57:10: [SM] Changed map to "yc_c2a5e"
L 06/24/2020 - 22:57:10: "Your name<4><[U:1:3396891022]><>" was already connected to the server.
L 06/24/2020 - 22:57:17: Log file closed.
