L 06/30/2020 - 13:26:37: SourceMod log file session started (file "D:\Games\steamapps\common\Black Mesa\bms\addons\sourcemod\logs\L20200630.log") (Version "1.11.0.6562")
L 06/30/2020 - 13:26:37: [SM] Changed map to "yc_c3a2d"
L 06/30/2020 - 13:26:41: -------- Mapchange to yc_c3a2d --------
L 06/30/2020 - 13:31:12: [SM] Changed map to "yc_c3a2e"
L 06/30/2020 - 13:31:15: -------- Mapchange to yc_c3a2e --------
L 06/30/2020 - 13:32:58: [SM] Changed map to "yc_c3a2f"
L 06/30/2020 - 13:33:00: -------- Mapchange to yc_c3a2f --------
L 06/30/2020 - 13:38:14: [SM] Changed map to "yc_c3a2g"
L 06/30/2020 - 13:38:17: -------- Mapchange to yc_c3a2g --------
L 06/30/2020 - 13:40:24: [SM] Changed map to "yc_c3a2h"
L 06/30/2020 - 13:40:47: -------- Mapchange to yc_c3a2h --------
L 06/30/2020 - 13:41:04: Log file closed.
L 06/30/2020 - 14:42:39: SourceMod log file session started (file "D:\Games\steamapps\common\Black Mesa\bms\addons\sourcemod\logs\L20200630.log") (Version "1.11.0.6562")
L 06/30/2020 - 14:42:39: -------- Mapchange to yc_c3a2h --------
L 06/30/2020 - 14:46:00: -------- Mapchange to yc_c3a2h --------
L 06/30/2020 - 14:49:23: -------- Mapchange to yc_c3a2h --------
L 06/30/2020 - 15:08:02: Log file closed.
L 06/30/2020 - 16:22:09: SourceMod log file session started (file "D:\Games\steamapps\common\Black Mesa\bms\addons\sourcemod\logs\L20200630.log") (Version "1.11.0.6562")
L 06/30/2020 - 16:22:09: [SM] Changed map to "yc_c3a2i"
L 06/30/2020 - 16:22:09: "Your name<2><[U:1:3396891022]><>" was already connected to the server.
L 06/30/2020 - 16:23:53: Log file closed.
L 06/30/2020 - 18:30:01: SourceMod log file session started (file "D:\Games\steamapps\common\Black Mesa\bms\addons\sourcemod\logs\L20200630.log") (Version "1.11.0.6562")
L 06/30/2020 - 18:30:01: [SM] Changed map to "yc_c3a2j"
L 06/30/2020 - 18:30:01: "Your name<2><[U:1:3396891022]><>" was already connected to the server.
L 06/30/2020 - 18:30:08: Log file closed.
L 06/30/2020 - 19:51:50: SourceMod log file session started (file "D:\Games\steamapps\common\Black Mesa\bms\addons\sourcemod\logs\L20200630.log") (Version "1.11.0.6562")
L 06/30/2020 - 19:51:50: [SM] Changed map to "yc_c3a2k"
L 06/30/2020 - 19:51:51: -------- Mapchange to yc_c3a2k --------
L 06/30/2020 - 19:52:03: Log file closed.
L 06/30/2020 - 20:10:07: SourceMod log file session started (file "D:\Games\steamapps\common\Black Mesa\bms\addons\sourcemod\logs\L20200630.log") (Version "1.11.0.6562")
L 06/30/2020 - 20:10:07: -------- Mapchange to yc_c3a2k --------
L 06/30/2020 - 20:18:00: SourceMod log file session started (file "D:\Games\steamapps\common\Black Mesa\bms\addons\sourcemod\logs\L20200630.log") (Version "1.11.0.6562")
L 06/30/2020 - 20:18:00: [SM] Changed map to "yc_c3a2k"
L 06/30/2020 - 20:18:00: -------- Mapchange to yc_c3a2k --------
L 06/30/2020 - 20:19:09: Log file closed.
L 06/30/2020 - 21:26:02: SourceMod log file session started (file "D:\Games\steamapps\common\Black Mesa\bms\addons\sourcemod\logs\L20200630.log") (Version "1.11.0.6562")
L 06/30/2020 - 21:26:02: [SM] Changed map to "yc_c3a2k"
L 06/30/2020 - 21:26:03: -------- Mapchange to yc_c3a2k --------
L 06/30/2020 - 21:29:56: [SM] Changed map to "yc_c3a2k"
L 06/30/2020 - 21:29:57: -------- Mapchange to yc_c3a2k --------
L 06/30/2020 - 21:31:53: Log file closed.
L 06/30/2020 - 22:33:27: SourceMod log file session started (file "D:\Games\steamapps\common\Black Mesa\bms\addons\sourcemod\logs\L20200630.log") (Version "1.11.0.6562")
L 06/30/2020 - 22:33:27: -------- Mapchange to yc_c4a1a --------
L 06/30/2020 - 22:40:46: SourceMod log file session started (file "D:\Games\steamapps\common\Black Mesa\bms\addons\sourcemod\logs\L20200630.log") (Version "1.11.0.6562")
L 06/30/2020 - 22:40:46: -------- Mapchange to yc_c4a1a --------
L 06/30/2020 - 22:49:58: SourceMod log file session started (file "D:\Games\steamapps\common\Black Mesa\bms\addons\sourcemod\logs\L20200630.log") (Version "1.11.0.6562")
L 06/30/2020 - 22:49:58: [SM] Changed map to "yc_c4a1a1"
L 06/30/2020 - 22:49:58: "Your name<2><[U:1:3396891022]><>" was already connected to the server.
L 06/30/2020 - 22:59:30: SourceMod log file session started (file "D:\Games\steamapps\common\Black Mesa\bms\addons\sourcemod\logs\L20200630.log") (Version "1.11.0.6562")
L 06/30/2020 - 22:59:30: -------- Mapchange to yc_c4a1a --------
L 06/30/2020 - 23:08:52: SourceMod log file session started (file "D:\Games\steamapps\common\Black Mesa\bms\addons\sourcemod\logs\L20200630.log") (Version "1.11.0.6562")
L 06/30/2020 - 23:08:52: -------- Mapchange to yc_c4a1a --------
L 06/30/2020 - 23:11:23: SourceMod log file session started (file "D:\Games\steamapps\common\Black Mesa\bms\addons\sourcemod\logs\L20200630.log") (Version "1.11.0.6562")
L 06/30/2020 - 23:11:23: -------- Mapchange to yc_c4a1a --------
L 06/30/2020 - 23:19:44: SourceMod log file session started (file "D:\Games\steamapps\common\Black Mesa\bms\addons\sourcemod\logs\L20200630.log") (Version "1.11.0.6562")
L 06/30/2020 - 23:19:44: -------- Mapchange to yc_c4a1a --------
L 06/30/2020 - 23:26:51: SourceMod log file session started (file "D:\Games\steamapps\common\Black Mesa\bms\addons\sourcemod\logs\L20200630.log") (Version "1.11.0.6562")
L 06/30/2020 - 23:26:51: -------- Mapchange to yc_c4a1a --------
