L 07/04/2020 - 00:11:46: SourceMod log file session started (file "D:\Games\steamapps\common\Black Mesa\bms\addons\sourcemod\logs\L20200704.log") (Version "1.11.0.6562")
L 07/04/2020 - 00:11:46: -------- Mapchange to yc_c4a2b --------
L 07/04/2020 - 00:53:07: -------- Mapchange to yc_c4a2b --------
L 07/04/2020 - 01:02:24: [SM] Changed map to "yc_c4a2c"
L 07/04/2020 - 01:02:24: "Your name<4><[U:1:3396891022]><>" was already connected to the server.
L 07/04/2020 - 01:07:11: SourceMod log file session started (file "D:\Games\steamapps\common\Black Mesa\bms\addons\sourcemod\logs\L20200704.log") (Version "1.11.0.6562")
L 07/04/2020 - 01:07:11: [SM] Changed map to "yc_c4a2b"
L 07/04/2020 - 01:07:17: -------- Mapchange to yc_c4a2b --------
L 07/04/2020 - 01:09:45: Log file closed.
L 07/04/2020 - 07:23:50: SourceMod log file session started (file "D:\Games\steamapps\common\Black Mesa\bms\addons\sourcemod\logs\L20200704.log") (Version "1.11.0.6562")
L 07/04/2020 - 07:23:50: [UPDATER] Successfully updated gamedata file "sdkhooks.games/engine.ep2v.txt"
L 07/04/2020 - 07:23:50: [UPDATER] Successfully updated gamedata file "core.games/engine.ep1.txt"
L 07/04/2020 - 07:23:50: [UPDATER] SourceMod has been updated, please reload it or restart your server.
L 07/04/2020 - 07:28:15: [SM] Changed map to "yc_c4a2b"
L 07/04/2020 - 07:28:30: -------- Mapchange to yc_c4a2b --------
L 07/04/2020 - 07:38:43: [SM] Changed map to "yc_c4a2c"
L 07/04/2020 - 07:38:43: "Your name<2><[U:1:3396891022]><>" was already connected to the server.
L 07/04/2020 - 08:18:37: SourceMod log file session started (file "D:\Games\steamapps\common\Black Mesa\bms\addons\sourcemod\logs\L20200704.log") (Version "1.11.0.6562")
L 07/04/2020 - 08:18:37: -------- Mapchange to yc_c4a2c --------
L 07/04/2020 - 08:21:59: -------- Mapchange to yc_c4a2c --------
L 07/04/2020 - 08:32:22: -------- Mapchange to yc_c4a2c --------
L 07/04/2020 - 09:15:56: -------- Mapchange to yc_c4a2c --------
L 07/04/2020 - 09:40:20: -------- Mapchange to yc_c4a2c --------
L 07/04/2020 - 09:57:22: -------- Mapchange to yc_c4a2c --------
L 07/04/2020 - 10:08:02: [SM] Changed map to "yc_c4a3a"
L 07/04/2020 - 10:08:02: "Your name<8><[U:1:3396891022]><>" was already connected to the server.
L 07/04/2020 - 14:28:04: SourceMod log file session started (file "D:\Games\steamapps\common\Black Mesa\bms\addons\sourcemod\logs\L20200704.log") (Version "1.11.0.6562")
L 07/04/2020 - 14:28:04: "Your name<3><[U:1:3396891022]><>" was already connected to the server.
L 07/04/2020 - 14:28:05: "Your name<4><[U:1:3396891022]><>" was already connected to the server.
L 07/04/2020 - 14:28:19: -------- Mapchange to yc_c4a2c --------
L 07/04/2020 - 14:38:03: [SM] Changed map to "yc_c4a3a"
L 07/04/2020 - 14:38:03: "Your name<5><[U:1:3396891022]><>" was already connected to the server.
L 07/04/2020 - 14:43:25: SourceMod log file session started (file "D:\Games\steamapps\common\Black Mesa\bms\addons\sourcemod\logs\L20200704.log") (Version "1.11.0.6562")
L 07/04/2020 - 14:43:25: -------- Mapchange to yc_c4a2c --------
L 07/04/2020 - 14:47:41: -------- Mapchange to yc_c4a2b --------
L 07/04/2020 - 14:49:36: Log file closed.
L 07/04/2020 - 17:33:59: SourceMod log file session started (file "D:\Games\steamapps\common\Black Mesa\bms\addons\sourcemod\logs\L20200704.log") (Version "1.11.0.6562")
L 07/04/2020 - 17:33:59: -------- Mapchange to yc_c4a3a --------
L 07/04/2020 - 17:59:08: -------- Mapchange to yc_c4a3a --------
L 07/04/2020 - 18:44:43: -------- Mapchange to yc_c4a3a --------
L 07/04/2020 - 19:06:53: SourceMod log file session started (file "D:\Games\steamapps\common\Black Mesa\bms\addons\sourcemod\logs\L20200704.log") (Version "1.11.0.6562")
L 07/04/2020 - 19:06:53: [SM] Changed map to "yc_c4a3a1"
L 07/04/2020 - 19:06:53: "Your name<2><[U:1:3396891022]><>" was already connected to the server.
L 07/04/2020 - 20:41:12: SourceMod log file session started (file "D:\Games\steamapps\common\Black Mesa\bms\addons\sourcemod\logs\L20200704.log") (Version "1.11.0.6562")
L 07/04/2020 - 20:41:12: [SM] Changed map to "yc_c4a3a1"
L 07/04/2020 - 20:41:12: "Your name<2><[U:1:3396891022]><>" was already connected to the server.
L 07/04/2020 - 21:44:40: SourceMod log file session started (file "D:\Games\steamapps\common\Black Mesa\bms\addons\sourcemod\logs\L20200704.log") (Version "1.11.0.6562")
L 07/04/2020 - 21:44:40: -------- Mapchange to yc_c4a3a1 --------
L 07/04/2020 - 21:46:33: -------- Mapchange to yc_c4a3a1 --------
L 07/04/2020 - 21:49:05: -------- Mapchange to yc_c4a3a1 --------
L 07/04/2020 - 22:14:47: -------- Mapchange to yc_c4a3a1 --------
L 07/04/2020 - 22:19:06: -------- Mapchange to yc_c4a3a1 --------
L 07/04/2020 - 22:23:54: Log file closed.
L 07/04/2020 - 22:46:58: SourceMod log file session started (file "D:\Games\steamapps\common\Black Mesa\bms\addons\sourcemod\logs\L20200704.log") (Version "1.11.0.6562")
L 07/04/2020 - 22:46:58: [SM] Changed map to "yc_c4a3b"
L 07/04/2020 - 22:46:59: "Your name<2><[U:1:3396891022]><>" was already connected to the server.
L 07/04/2020 - 23:46:21: SourceMod log file session started (file "D:\Games\steamapps\common\Black Mesa\bms\addons\sourcemod\logs\L20200704.log") (Version "1.11.0.6562")
L 07/04/2020 - 23:46:21: [SM] Changed map to "yc_c4a3a1"
L 07/04/2020 - 23:46:47: -------- Mapchange to yc_c4a3a1 --------
L 07/04/2020 - 23:48:45: SourceMod log file session started (file "D:\Games\steamapps\common\Black Mesa\bms\addons\sourcemod\logs\L20200704.log") (Version "1.11.0.6562")
L 07/04/2020 - 23:48:45: -------- Mapchange to yc_c4a3a --------
L 07/04/2020 - 23:54:55: [SM] Changed map to "yc_c4a3a1"
L 07/04/2020 - 23:55:22: -------- Mapchange to yc_c4a3a1 --------
