L 06/25/2020 - 19:54:04: SourceMod log file session started (file "D:\Games\steamapps\common\Black Mesa\bms\addons\sourcemod\logs\L20200625.log") (Version "1.11.0.6562")
L 06/25/2020 - 19:54:04: [SM] Changed map to "yc_c2a5e"
L 06/25/2020 - 19:54:05: -------- Mapchange to yc_c2a5e --------
L 06/25/2020 - 19:54:16: -------- Mapchange to yc_c2a5e --------
L 06/25/2020 - 19:55:42: -------- Mapchange to yc_c2a5e --------
L 06/25/2020 - 19:57:43: [SM] Changed map to "yc_c2a5e"
L 06/25/2020 - 19:57:43: -------- Mapchange to yc_c2a5e --------
L 06/25/2020 - 19:58:37: -------- Mapchange to yc_c2a5e --------
L 06/25/2020 - 20:00:17: [SM] Changed map to "yc_c2a5e"
L 06/25/2020 - 20:00:17: -------- Mapchange to yc_c2a5e --------
L 06/25/2020 - 20:01:32: [SM] Changed map to "yc_c2a5e"
L 06/25/2020 - 20:01:32: -------- Mapchange to yc_c2a5e --------
L 06/25/2020 - 20:01:56: [SM] Changed map to "yc_c2a5e"
L 06/25/2020 - 20:01:57: -------- Mapchange to yc_c2a5e --------
L 06/25/2020 - 20:03:37: [SM] Changed map to "yc_c2a5e"
L 06/25/2020 - 20:03:38: -------- Mapchange to yc_c2a5e --------
L 06/25/2020 - 20:05:18: [SM] Changed map to "yc_c2a5e"
L 06/25/2020 - 20:05:18: -------- Mapchange to yc_c2a5e --------
L 06/25/2020 - 20:06:46: [SM] Changed map to "yc_c2a5e"
L 06/25/2020 - 20:06:47: -------- Mapchange to yc_c2a5e --------
L 06/25/2020 - 20:07:11: [SM] Changed map to "yc_c2a5e"
L 06/25/2020 - 20:07:11: -------- Mapchange to yc_c2a5e --------
L 06/25/2020 - 20:14:08: Log file closed.
L 06/25/2020 - 21:36:25: SourceMod log file session started (file "D:\Games\steamapps\common\Black Mesa\bms\addons\sourcemod\logs\L20200625.log") (Version "1.11.0.6562")
L 06/25/2020 - 21:36:25: [UPDATER] Successfully updated gamedata file "sdktools.games/game.ff.txt"
L 06/25/2020 - 21:36:25: [UPDATER] Successfully updated gamedata file "sdkhooks.games/game.ff.txt"
L 06/25/2020 - 21:36:25: [UPDATER] Successfully updated gamedata file "core.games/common.games.txt"
L 06/25/2020 - 21:36:25: [UPDATER] SourceMod has been updated, please reload it or restart your server.
L 06/25/2020 - 21:42:11: [SM] Changed map to "yc_c2a5f"
L 06/25/2020 - 21:42:11: "Your name<2><[U:1:3396891022]><>" was already connected to the server.
L 06/25/2020 - 21:43:54: Log file closed.
L 06/25/2020 - 22:17:34: SourceMod log file session started (file "D:\Games\steamapps\common\Black Mesa\bms\addons\sourcemod\logs\L20200625.log") (Version "1.11.0.6562")
L 06/25/2020 - 22:17:34: -------- Mapchange to yc_c2a5f --------
L 06/25/2020 - 22:25:22: [SM] Changed map to "yc_c2a5g"
L 06/25/2020 - 22:25:22: "Your name<3><[U:1:3396891022]><>" was already connected to the server.
L 06/25/2020 - 22:25:31: Log file closed.
