L 06/17/2020 - 00:51:21: SourceMod log file session started (file "D:\Games\steamapps\common\Black Mesa\bms\addons\sourcemod\logs\L20200617.log") (Version "1.11.0.6562")
L 06/17/2020 - 00:51:21: [SM] Changed map to "yc_c1a1d"
L 06/17/2020 - 00:51:21: "Targon<2><[U:1:55645864]><>" was already connected to the server.
L 06/17/2020 - 00:53:07: -------- Mapchange to yc_c1a1c --------
L 06/17/2020 - 01:00:01: Log file closed.
L 06/17/2020 - 01:32:52: SourceMod log file session started (file "D:\Games\steamapps\common\Black Mesa\bms\addons\sourcemod\logs\L20200617.log") (Version "1.11.0.6562")
L 06/17/2020 - 01:32:52: [SM] Changed map to "yc_c1a1d"
L 06/17/2020 - 01:32:52: "Targon<2><[U:1:55645864]><>" was already connected to the server.
L 06/17/2020 - 01:33:09: Log file closed.
L 06/17/2020 - 01:53:23: SourceMod log file session started (file "D:\Games\steamapps\common\Black Mesa\bms\addons\sourcemod\logs\L20200617.log") (Version "1.11.0.6562")
L 06/17/2020 - 01:53:23: -------- Mapchange to yc_c1a1d --------
L 06/17/2020 - 02:03:56: -------- Mapchange to yc_c1a1d --------
L 06/17/2020 - 02:07:40: -------- Mapchange to yc_c1a1d --------
L 06/17/2020 - 02:09:46: -------- Mapchange to yc_c1a1d --------
L 06/17/2020 - 02:13:12: -------- Mapchange to yc_c1a1d --------
L 06/17/2020 - 02:14:16: -------- Mapchange to yc_c1a1d --------
L 06/17/2020 - 02:17:55: "Targon<8><[U:1:55645864]><>" was already connected to the server.
L 06/17/2020 - 02:21:00: Log file closed.
L 06/17/2020 - 08:37:24: SourceMod log file session started (file "D:\Games\steamapps\common\Black Mesa\bms\addons\sourcemod\logs\L20200617.log") (Version "1.11.0.6562")
L 06/17/2020 - 08:37:24: [UPDATER] Successfully updated gamedata file "sdkhooks.games/engine.ep2v.txt"
L 06/17/2020 - 08:37:24: [UPDATER] SourceMod has been updated, please reload it or restart your server.
L 06/17/2020 - 08:37:57: Log file closed.
L 06/17/2020 - 08:43:29: SourceMod log file session started (file "D:\Games\steamapps\common\Black Mesa\bms\addons\sourcemod\logs\L20200617.log") (Version "1.11.0.6562")
L 06/17/2020 - 08:43:29: [SM] Changed map to "yc_c1a1e"
L 06/17/2020 - 08:43:29: "Targon<2><[U:1:55645864]><>" was already connected to the server.
L 06/17/2020 - 08:46:25: -------- Mapchange to yc_c1a1d --------
L 06/17/2020 - 08:47:09: -------- Mapchange to yc_c1a1d --------
L 06/17/2020 - 09:25:31: -------- Mapchange to yc_c1a1d --------
L 06/17/2020 - 10:38:13: -------- Mapchange to yc_c1a1d --------
L 06/17/2020 - 10:42:19: [SM] Changed map to "yc_c1a1e"
L 06/17/2020 - 10:42:20: "Targon<6><[U:1:55645864]><>" was already connected to the server.
L 06/17/2020 - 10:46:46: Log file closed.
L 06/17/2020 - 10:48:07: SourceMod log file session started (file "D:\Games\steamapps\common\Black Mesa\bms\addons\sourcemod\logs\L20200617.log") (Version "1.11.0.6562")
L 06/17/2020 - 10:48:07: -------- Mapchange to yc_c1a1e --------
L 06/17/2020 - 11:00:37: -------- Mapchange to yc_c1a1e --------
L 06/17/2020 - 11:01:13: -------- Mapchange to yc_c1a1e --------
L 06/17/2020 - 11:01:23: Log file closed.
L 06/17/2020 - 11:07:04: SourceMod log file session started (file "D:\Games\steamapps\common\Black Mesa\bms\addons\sourcemod\logs\L20200617.log") (Version "1.11.0.6562")
L 06/17/2020 - 11:07:04: [SM] Changed map to "yc_c1a2a"
L 06/17/2020 - 11:07:05: "Targon<2><[U:1:55645864]><>" was already connected to the server.
L 06/17/2020 - 11:08:31: SourceMod log file session started (file "D:\Games\steamapps\common\Black Mesa\bms\addons\sourcemod\logs\L20200617.log") (Version "1.11.0.6562")
L 06/17/2020 - 11:08:31: [SM] Changed map to "yc_c1a2a"
L 06/17/2020 - 11:08:31: "Targon<2><[U:1:55645864]><>" was already connected to the server.
L 06/17/2020 - 11:12:19: SourceMod log file session started (file "D:\Games\steamapps\common\Black Mesa\bms\addons\sourcemod\logs\L20200617.log") (Version "1.11.0.6562")
L 06/17/2020 - 11:12:19: [SM] Changed map to "yc_c1a1e"
L 06/17/2020 - 11:12:34: -------- Mapchange to yc_c1a1e --------
L 06/17/2020 - 11:15:10: -------- Mapchange to yc_c1a1e --------
L 06/17/2020 - 11:15:45: Log file closed.
L 06/17/2020 - 17:26:09: SourceMod log file session started (file "D:\Games\steamapps\common\Black Mesa\bms\addons\sourcemod\logs\L20200617.log") (Version "1.11.0.6562")
L 06/17/2020 - 17:26:09: [SM] Changed map to "yc_c1a2a"
L 06/17/2020 - 17:26:09: "Targon<2><[U:1:55645864]><>" was already connected to the server.
L 06/17/2020 - 17:30:10: SourceMod log file session started (file "D:\Games\steamapps\common\Black Mesa\bms\addons\sourcemod\logs\L20200617.log") (Version "1.11.0.6562")
L 06/17/2020 - 17:30:10: -------- Mapchange to yc_c1a2a --------
L 06/17/2020 - 17:35:29: Log file closed.
L 06/17/2020 - 17:38:43: SourceMod log file session started (file "D:\Games\steamapps\common\Black Mesa\bms\addons\sourcemod\logs\L20200617.log") (Version "1.11.0.6562")
L 06/17/2020 - 17:38:43: -------- Mapchange to yc_c1a2a --------
L 06/17/2020 - 17:40:51: -------- Mapchange to yc_c1a1e --------
L 06/17/2020 - 17:43:00: [SM] Changed map to "yc_c1a2a"
L 06/17/2020 - 17:43:18: -------- Mapchange to yc_c1a2a --------
L 06/17/2020 - 17:53:25: -------- Mapchange to yc_c1a2a --------
L 06/17/2020 - 17:58:38: [SM] Changed map to "yc_c1a2b"
L 06/17/2020 - 17:58:38: "Targon<5><[U:1:55645864]><>" was already connected to the server.
L 06/17/2020 - 17:58:48: Log file closed.
L 06/17/2020 - 18:02:27: SourceMod log file session started (file "D:\Games\steamapps\common\Black Mesa\bms\addons\sourcemod\logs\L20200617.log") (Version "1.11.0.6562")
L 06/17/2020 - 18:02:27: -------- Mapchange to yc_c1a2a --------
L 06/17/2020 - 18:05:48: Log file closed.
L 06/17/2020 - 18:39:42: SourceMod log file session started (file "D:\Games\steamapps\common\Black Mesa\bms\addons\sourcemod\logs\L20200617.log") (Version "1.11.0.6562")
L 06/17/2020 - 18:39:42: [SM] Changed map to "yc_c1a2b"
L 06/17/2020 - 18:39:42: "Targon<2><[U:1:55645864]><>" was already connected to the server.
L 06/17/2020 - 18:39:49: Log file closed.
L 06/17/2020 - 18:51:44: SourceMod log file session started (file "D:\Games\steamapps\common\Black Mesa\bms\addons\sourcemod\logs\L20200617.log") (Version "1.11.0.6562")
L 06/17/2020 - 18:51:44: [SM] Changed map to "yc_c1a2c"
L 06/17/2020 - 18:51:44: "Targon<2><[U:1:55645864]><>" was already connected to the server.
L 06/17/2020 - 18:51:52: Log file closed.
L 06/17/2020 - 21:53:06: SourceMod log file session started (file "D:\Games\steamapps\common\Black Mesa\bms\addons\sourcemod\logs\L20200617.log") (Version "1.11.0.6562")
L 06/17/2020 - 21:53:06: [SM] Changed map to "yc_c1a2c"
L 06/17/2020 - 21:53:06: "Targon<2><[U:1:55645864]><>" was already connected to the server.
L 06/17/2020 - 22:15:56: Log file closed.
L 06/17/2020 - 22:44:46: SourceMod log file session started (file "D:\Games\steamapps\common\Black Mesa\bms\addons\sourcemod\logs\L20200617.log") (Version "1.11.0.6562")
L 06/17/2020 - 22:44:46: -------- Mapchange to bm_c1a3a --------
L 06/17/2020 - 22:45:24: -------- Mapchange to bm_c1a3a --------
L 06/17/2020 - 22:46:19: -------- Mapchange to bm_c1a3b --------
L 06/17/2020 - 22:46:42: -------- Mapchange to bm_c1a4a --------
L 06/17/2020 - 22:47:33: -------- Mapchange to bm_c1a4b --------
L 06/17/2020 - 23:59:17: SourceMod log file session started (file "D:\Games\steamapps\common\Black Mesa\bms\addons\sourcemod\logs\L20200617.log") (Version "1.11.0.6562")
L 06/17/2020 - 23:59:17: -------- Mapchange to yc_c1a2c --------
L 06/18/2020 - 00:04:31: Log file closed.
