L 06/29/2020 - 00:09:38: SourceMod log file session started (file "D:\Games\steamapps\common\Black Mesa\bms\addons\sourcemod\logs\L20200629.log") (Version "1.11.0.6562")
L 06/29/2020 - 00:09:38: [SM] Changed map to "yc_c3a2d"
L 06/29/2020 - 00:09:40: -------- Mapchange to yc_c3a2d --------
L 06/29/2020 - 00:12:48: Log file closed.
L 06/29/2020 - 19:24:50: SourceMod log file session started (file "D:\Games\steamapps\common\Black Mesa\bms\addons\sourcemod\logs\L20200629.log") (Version "1.11.0.6562")
L 06/29/2020 - 19:24:50: -------- Mapchange to yc_c3a2c --------
L 06/29/2020 - 19:27:09: [SM] Changed map to "yc_c3a2d"
L 06/29/2020 - 19:27:30: -------- Mapchange to yc_c3a2d --------
L 06/29/2020 - 19:44:42: -------- Mapchange to yc_c3a2c --------
L 06/29/2020 - 19:47:04: [SM] Changed map to "yc_c3a2d"
L 06/29/2020 - 19:47:24: -------- Mapchange to yc_c3a2d --------
L 06/29/2020 - 19:52:01: [SM] Changed map to "yc_c3a2e"
L 06/29/2020 - 19:52:01: "Your name<4><[U:1:3396891022]><>" was already connected to the server.
L 06/29/2020 - 19:54:25: -------- Mapchange to yc_c3a2d --------
L 06/29/2020 - 19:58:45: [SM] Changed map to "yc_c3a2e"
L 06/29/2020 - 19:58:46: "Your name<5><[U:1:3396891022]><>" was already connected to the server.
L 06/29/2020 - 19:58:58: Log file closed.
L 06/29/2020 - 20:28:26: SourceMod log file session started (file "D:\Games\steamapps\common\Black Mesa\bms\addons\sourcemod\logs\L20200629.log") (Version "1.11.0.6562")
L 06/29/2020 - 20:28:26: [SM] Changed map to "yc_c3a2e"
L 06/29/2020 - 20:28:26: "Your name<2><[U:1:3396891022]><>" was already connected to the server.
L 06/29/2020 - 20:28:34: Log file closed.
L 06/29/2020 - 20:52:17: SourceMod log file session started (file "D:\Games\steamapps\common\Black Mesa\bms\addons\sourcemod\logs\L20200629.log") (Version "1.11.0.6562")
L 06/29/2020 - 20:52:17: -------- Mapchange to yc_c3a2e --------
L 06/29/2020 - 20:53:50: [SM] Changed map to "yc_c3a2f"
L 06/29/2020 - 20:53:50: "Your name<3><[U:1:3396891022]><>" was already connected to the server.
L 06/29/2020 - 21:23:09: Log file closed.
L 06/29/2020 - 21:32:09: SourceMod log file session started (file "D:\Games\steamapps\common\Black Mesa\bms\addons\sourcemod\logs\L20200629.log") (Version "1.11.0.6562")
L 06/29/2020 - 21:32:09: -------- Mapchange to yc_c3a2c --------
L 06/29/2020 - 21:34:08: [SM] Changed map to "yc_c3a2d"
L 06/29/2020 - 21:34:10: -------- Mapchange to yc_c3a2d --------
L 06/29/2020 - 21:38:07: [SM] Changed map to "yc_c3a2e"
L 06/29/2020 - 21:38:08: -------- Mapchange to yc_c3a2e --------
L 06/29/2020 - 21:39:46: -------- Mapchange to yc_c3a2d --------
L 06/29/2020 - 21:40:14: -------- Mapchange to yc_c3a2e --------
L 06/29/2020 - 21:41:09: [SM] Changed map to "yc_c3a2f"
L 06/29/2020 - 21:41:09: "Your name<5><[U:1:3396891022]><>" was already connected to the server.
L 06/29/2020 - 21:41:19: Log file closed.
L 06/29/2020 - 22:24:42: SourceMod log file session started (file "D:\Games\steamapps\common\Black Mesa\bms\addons\sourcemod\logs\L20200629.log") (Version "1.11.0.6562")
L 06/29/2020 - 22:24:42: -------- Mapchange to yc_c3a2f --------
L 06/29/2020 - 22:35:22: -------- Mapchange to yc_c3a2f --------
L 06/29/2020 - 22:36:37: [SM] Changed map to "yc_c3a2g"
L 06/29/2020 - 22:36:37: "Your name<4><[U:1:3396891022]><>" was already connected to the server.
L 06/29/2020 - 22:43:06: Log file closed.
L 06/29/2020 - 23:15:33: SourceMod log file session started (file "D:\Games\steamapps\common\Black Mesa\bms\addons\sourcemod\logs\L20200629.log") (Version "1.11.0.6562")
L 06/29/2020 - 23:15:33: -------- Mapchange to yc_c3a2f --------
L 06/29/2020 - 23:21:37: [SM] Changed map to "yc_c3a2g"
L 06/29/2020 - 23:21:37: "Your name<3><[U:1:3396891022]><>" was already connected to the server.
L 06/29/2020 - 23:21:50: -------- Mapchange to yc_c3a2d --------
L 06/29/2020 - 23:22:22: -------- Mapchange to yc_c3a2f --------
L 06/29/2020 - 23:23:12: Log file closed.
L 06/29/2020 - 23:29:08: SourceMod log file session started (file "D:\Games\steamapps\common\Black Mesa\bms\addons\sourcemod\logs\L20200629.log") (Version "1.11.0.6562")
L 06/29/2020 - 23:29:08: -------- Mapchange to yc_c3a2g --------
L 06/29/2020 - 23:36:50: -------- Mapchange to yc_c3a2g --------
L 06/29/2020 - 23:41:06: -------- Mapchange to yc_c3a2g --------
L 06/29/2020 - 23:46:57: -------- Mapchange to yc_c3a2g --------
L 06/29/2020 - 23:55:30: Log file closed.
