L 06/27/2020 - 00:18:41: SourceMod log file session started (file "D:\Games\steamapps\common\Black Mesa\bms\addons\sourcemod\logs\L20200627.log") (Version "1.11.0.6562")
L 06/27/2020 - 00:18:41: -------- Mapchange to yc_c2a5g --------
L 06/27/2020 - 00:30:07: -------- Mapchange to yc_c2a5g --------
L 06/27/2020 - 00:39:07: [SM] Changed map to "yc_c2a5h"
L 06/27/2020 - 00:39:07: "Your name<5><[U:1:3396891022]><>" was already connected to the server.
L 06/27/2020 - 09:27:17: SourceMod log file session started (file "D:\Games\steamapps\common\Black Mesa\bms\addons\sourcemod\logs\L20200627.log") (Version "1.11.0.6562")
L 06/27/2020 - 09:27:17: [SM] Changed map to "yc_c2a5h"
L 06/27/2020 - 09:27:18: "Your name<2><[U:1:3396891022]><>" was already connected to the server.
L 06/27/2020 - 10:09:38: SourceMod log file session started (file "D:\Games\steamapps\common\Black Mesa\bms\addons\sourcemod\logs\L20200627.log") (Version "1.11.0.6562")
L 06/27/2020 - 10:09:38: -------- Mapchange to yc_c2a5h --------
L 06/27/2020 - 10:29:58: -------- Mapchange to yc_c2a5h --------
L 06/27/2020 - 10:44:53: -------- Mapchange to yc_c2a5h --------
L 06/27/2020 - 10:46:48: [SM] Changed map to "yc_c2a5h"
L 06/27/2020 - 10:46:49: -------- Mapchange to yc_c2a5h --------
L 06/27/2020 - 10:48:31: -------- Mapchange to yc_c2a5h --------
L 06/27/2020 - 11:00:31: SourceMod log file session started (file "D:\Games\steamapps\common\Black Mesa\bms\addons\sourcemod\logs\L20200627.log") (Version "1.11.0.6562")
L 06/27/2020 - 11:00:31: [SM] Changed map to "yc_c2a5h"
L 06/27/2020 - 11:00:31: [SM] Changed map to "yc_c2a5h"
L 06/27/2020 - 11:00:32: -------- Mapchange to yc_c2a5h --------
L 06/27/2020 - 11:02:35: -------- Mapchange to yc_c2a5h --------
L 06/27/2020 - 11:16:13: [SM] Changed map to "yc_c2a5i"
L 06/27/2020 - 11:16:13: "Your name<3><[U:1:3396891022]><>" was already connected to the server.
L 06/27/2020 - 16:25:43: Log file closed.
L 06/27/2020 - 16:43:26: SourceMod log file session started (file "D:\Games\steamapps\common\Black Mesa\bms\addons\sourcemod\logs\L20200627.log") (Version "1.11.0.6562")
L 06/27/2020 - 16:43:26: [SM] Changed map to "yc_c2a5i"
L 06/27/2020 - 16:43:26: "Your name<2><[U:1:3396891022]><>" was already connected to the server.
L 06/27/2020 - 16:43:37: Log file closed.
L 06/27/2020 - 17:12:45: SourceMod log file session started (file "D:\Games\steamapps\common\Black Mesa\bms\addons\sourcemod\logs\L20200627.log") (Version "1.11.0.6562")
L 06/27/2020 - 17:12:45: -------- Mapchange to bm_c2a5i --------
L 06/27/2020 - 17:17:51: SourceMod log file session started (file "D:\Games\steamapps\common\Black Mesa\bms\addons\sourcemod\logs\L20200627.log") (Version "1.11.0.6562")
L 06/27/2020 - 17:17:51: -------- Mapchange to yc_c2a5i --------
L 06/27/2020 - 17:31:37: SourceMod log file session started (file "D:\Games\steamapps\common\Black Mesa\bms\addons\sourcemod\logs\L20200627.log") (Version "1.11.0.6562")
L 06/27/2020 - 17:31:37: -------- Mapchange to yc_c2a5i --------
L 06/27/2020 - 17:41:14: -------- Mapchange to yc_c2a5i --------
L 06/27/2020 - 17:45:25: [SM] Changed map to "yc_c3a1a"
L 06/27/2020 - 17:45:25: "Your name<4><[U:1:3396891022]><>" was already connected to the server.
L 06/27/2020 - 19:15:27: SourceMod log file session started (file "D:\Games\steamapps\common\Black Mesa\bms\addons\sourcemod\logs\L20200627.log") (Version "1.11.0.6562")
L 06/27/2020 - 19:15:27: [SM] Changed map to "yc_c3a1a"
L 06/27/2020 - 19:15:27: "Your name<2><[U:1:3396891022]><>" was already connected to the server.
L 06/27/2020 - 20:08:07: SourceMod log file session started (file "D:\Games\steamapps\common\Black Mesa\bms\addons\sourcemod\logs\L20200627.log") (Version "1.11.0.6562")
L 06/27/2020 - 20:08:07: -------- Mapchange to yc_c3a1a --------
L 06/27/2020 - 20:19:46: -------- Mapchange to yc_c3a1a --------
L 06/27/2020 - 20:27:09: Log file closed.
L 06/27/2020 - 20:32:28: SourceMod log file session started (file "D:\Games\steamapps\common\Black Mesa\bms\addons\sourcemod\logs\L20200627.log") (Version "1.11.0.6562")
L 06/27/2020 - 20:32:28: -------- Mapchange to yc_c2a3a_t --------
L 06/27/2020 - 23:10:50: SourceMod log file session started (file "D:\Games\steamapps\common\Black Mesa\bms\addons\sourcemod\logs\L20200627.log") (Version "1.11.0.6562")
L 06/27/2020 - 23:10:50: [SM] Changed map to "yc_c2a5b"
L 06/27/2020 - 23:10:55: -------- Mapchange to yc_c2a5b --------
L 06/27/2020 - 23:20:23: Log file closed.
L 06/27/2020 - 23:32:48: SourceMod log file session started (file "D:\Games\steamapps\common\Black Mesa\bms\addons\sourcemod\logs\L20200627.log") (Version "1.11.0.6562")
L 06/27/2020 - 23:32:48: [SM] Changed map to "yc_c3a1b"
L 06/27/2020 - 23:32:48: "Your name<2><[U:1:3396891022]><>" was already connected to the server.
L 06/27/2020 - 23:36:42: SourceMod log file session started (file "D:\Games\steamapps\common\Black Mesa\bms\addons\sourcemod\logs\L20200627.log") (Version "1.11.0.6562")
L 06/27/2020 - 23:36:42: -------- Mapchange to yc_c3a1a --------
L 06/27/2020 - 23:44:15: -------- Mapchange to yc_c3a1a --------
L 06/27/2020 - 23:46:44: [SM] Changed map to "yc_c3a1b"
L 06/27/2020 - 23:46:44: "Your name<4><[U:1:3396891022]><>" was already connected to the server.
L 06/27/2020 - 23:46:53: Log file closed.
