L 06/23/2020 - 19:49:36: SourceMod log file session started (file "D:\Games\steamapps\common\Black Mesa\bms\addons\sourcemod\logs\L20200623.log") (Version "1.11.0.6562")
L 06/23/2020 - 19:49:36: [SM] Changed map to "yc_c2a4f"
L 06/23/2020 - 19:49:36: "Targon<2><[U:1:55645864]><>" was already connected to the server.
L 06/23/2020 - 19:49:45: Log file closed.
L 06/23/2020 - 20:01:49: SourceMod log file session started (file "D:\Games\steamapps\common\Black Mesa\bms\addons\sourcemod\logs\L20200623.log") (Version "1.11.0.6562")
L 06/23/2020 - 20:01:49: -------- Mapchange to xen_c4a1a --------
L 06/23/2020 - 20:02:03: -------- Mapchange to xen_c4a1 --------
L 06/23/2020 - 20:02:43: -------- Mapchange to xen_c4a1 --------
L 06/23/2020 - 20:03:03: -------- Mapchange to xen_c4a1 --------
L 06/23/2020 - 20:03:34: -------- Mapchange to xen_c4a1 --------
L 06/23/2020 - 20:05:51: -------- Mapchange to xen_c4a2 --------
L 06/23/2020 - 20:07:03: -------- Mapchange to xen_c4a2 --------
L 06/23/2020 - 20:07:43: -------- Mapchange to xen_c4a2 --------
L 06/23/2020 - 20:08:16: -------- Mapchange to yc_c2a4e --------
L 06/23/2020 - 20:08:45: -------- Mapchange to xen_c4a2 --------
L 06/23/2020 - 20:09:04: -------- Mapchange to xen_c4a2 --------
L 06/23/2020 - 20:10:21: -------- Mapchange to bm_c4a2a --------
L 06/23/2020 - 20:11:29: -------- Mapchange to bm_c4a2a --------
L 06/23/2020 - 20:21:22: SourceMod log file session started (file "D:\Games\steamapps\common\Black Mesa\bms\addons\sourcemod\logs\L20200623.log") (Version "1.11.0.6562")
L 06/23/2020 - 20:21:22: -------- Mapchange to bm_c4a2a_d --------
L 06/23/2020 - 21:10:24: SourceMod log file session started (file "D:\Games\steamapps\common\Black Mesa\bms\addons\sourcemod\logs\L20200623.log") (Version "1.11.0.6562")
L 06/23/2020 - 21:10:24: [SM] Changed map to "bm_c4a2b"
L 06/23/2020 - 21:11:01: -------- Mapchange to bm_c4a2b --------
L 06/23/2020 - 21:13:13: Log file closed.
L 06/23/2020 - 21:39:30: SourceMod log file session started (file "D:\Games\steamapps\common\Black Mesa\bms\addons\sourcemod\logs\L20200623.log") (Version "1.11.0.6562")
L 06/23/2020 - 21:39:30: [SM] Changed map to "yc_c2a4f"
L 06/23/2020 - 21:39:30: -------- Mapchange to yc_c2a4f --------
L 06/23/2020 - 21:43:55: Log file closed.
L 06/23/2020 - 22:16:23: SourceMod log file session started (file "D:\Games\steamapps\common\Black Mesa\bms\addons\sourcemod\logs\L20200623.log") (Version "1.11.0.6562")
L 06/23/2020 - 22:16:23: [SM] Changed map to "yc_c2a4e1"
L 06/23/2020 - 22:16:23: "Your name<2><[U:1:3396891022]><>" was already connected to the server.
L 06/23/2020 - 22:16:31: Log file closed.
L 06/23/2020 - 22:56:33: SourceMod log file session started (file "D:\Games\steamapps\common\Black Mesa\bms\addons\sourcemod\logs\L20200623.log") (Version "1.11.0.6562")
L 06/23/2020 - 22:56:33: -------- Mapchange to yc_c2a4e1 --------
L 06/23/2020 - 22:57:59: -------- Mapchange to yc_c2a4e1 --------
L 06/23/2020 - 23:07:42: -------- Mapchange to yc_c2a4e1 --------
L 06/23/2020 - 23:17:24: -------- Mapchange to yc_c2a4e --------
L 06/23/2020 - 23:27:03: -------- Mapchange to yc_c2a4e1 --------
L 06/23/2020 - 23:35:11: -------- Mapchange to yc_c2a4e1 --------
L 06/23/2020 - 23:37:31: -------- Mapchange to yc_c2a4e1 --------
L 06/23/2020 - 23:38:50: -------- Mapchange to yc_c2a4e1 --------
L 06/23/2020 - 23:58:53: -------- Mapchange to yc_c2a4e1 --------
L 06/24/2020 - 00:06:29: Log file closed.
