L 06/18/2020 - 00:04:31: SourceMod log file session started (file "D:\Games\steamapps\common\Black Mesa\bms\addons\sourcemod\logs\L20200618.log") (Version "1.11.0.6562")
L 06/18/2020 - 00:04:31: [SM] Changed map to "yc_c1a3a"
L 06/18/2020 - 00:04:32: "Targon<3><[U:1:55645864]><>" was already connected to the server.
L 06/18/2020 - 00:04:40: Log file closed.
L 06/18/2020 - 00:37:54: SourceMod log file session started (file "D:\Games\steamapps\common\Black Mesa\bms\addons\sourcemod\logs\L20200618.log") (Version "1.11.0.6562")
L 06/18/2020 - 00:37:54: -------- Mapchange to yc_c1a3a --------
L 06/18/2020 - 00:38:39: -------- Mapchange to yc_c1a3a --------
L 06/18/2020 - 01:10:37: -------- Mapchange to yc_c1a3a --------
L 06/18/2020 - 01:19:14: "Targon<5><[U:1:55645864]><>" was already connected to the server.
L 06/18/2020 - 01:23:36: Log file closed.
L 06/18/2020 - 01:28:34: SourceMod log file session started (file "D:\Games\steamapps\common\Black Mesa\bms\addons\sourcemod\logs\L20200618.log") (Version "1.11.0.6562")
L 06/18/2020 - 01:28:34: -------- Mapchange to yc_c1a3a --------
L 06/18/2020 - 01:34:44: [SM] Changed map to "yc_c1a3b"
L 06/18/2020 - 01:34:44: "Targon<3><[U:1:55645864]><>" was already connected to the server.
L 06/18/2020 - 01:34:52: Log file closed.
L 06/18/2020 - 02:18:46: SourceMod log file session started (file "D:\Games\steamapps\common\Black Mesa\bms\addons\sourcemod\logs\L20200618.log") (Version "1.11.0.6562")
L 06/18/2020 - 02:18:46: [SM] Changed map to "yc_c1a3b"
L 06/18/2020 - 02:18:46: "Targon<2><[U:1:55645864]><>" was already connected to the server.
L 06/18/2020 - 02:18:53: Log file closed.
L 06/18/2020 - 09:29:31: SourceMod log file session started (file "D:\Games\steamapps\common\Black Mesa\bms\addons\sourcemod\logs\L20200618.log") (Version "1.11.0.6562")
L 06/18/2020 - 09:29:31: [SM] Changed map to "yc_c1a3b"
L 06/18/2020 - 09:29:50: -------- Mapchange to yc_c1a3b --------
L 06/18/2020 - 10:04:47: Log file closed.
L 06/18/2020 - 10:45:23: SourceMod log file session started (file "D:\Games\steamapps\common\Black Mesa\bms\addons\sourcemod\logs\L20200618.log") (Version "1.11.0.6562")
L 06/18/2020 - 10:45:23: [SM] Changed map to "yc_c1a3c"
L 06/18/2020 - 10:45:23: "Targon<2><[U:1:55645864]><>" was already connected to the server.
L 06/18/2020 - 10:56:24: Log file closed.
L 06/18/2020 - 11:01:01: SourceMod log file session started (file "D:\Games\steamapps\common\Black Mesa\bms\addons\sourcemod\logs\L20200618.log") (Version "1.11.0.6562")
L 06/18/2020 - 11:01:01: -------- Mapchange to yc_c1a3c --------
L 06/18/2020 - 11:02:47: -------- Mapchange to yc_c1a3c --------
L 06/18/2020 - 11:05:06: -------- Mapchange to yc_c1a3c --------
L 06/18/2020 - 11:15:53: -------- Mapchange to yc_c1a3c --------
L 06/18/2020 - 11:16:07: -------- Mapchange to yc_c1a3c --------
L 06/18/2020 - 11:20:11: -------- Mapchange to yc_c1a3c --------
L 06/18/2020 - 11:22:55: -------- Mapchange to yc_c1a3c --------
L 06/18/2020 - 11:25:07: -------- Mapchange to yc_c1a3c --------
L 06/18/2020 - 11:27:03: -------- Mapchange to yc_c1a3c --------
L 06/18/2020 - 11:30:20: -------- Mapchange to yc_c1a3c --------
L 06/18/2020 - 11:33:06: -------- Mapchange to yc_c1a3c --------
L 06/18/2020 - 11:38:15: -------- Mapchange to yc_c1a3c --------
L 06/18/2020 - 11:38:35: -------- Mapchange to yc_c1a3c --------
L 06/18/2020 - 11:41:02: -------- Mapchange to yc_c1a3c --------
L 06/18/2020 - 11:45:44: -------- Mapchange to yc_c1a3b --------
L 06/18/2020 - 11:46:41: [SM] Changed map to "yc_c1a3c"
L 06/18/2020 - 11:46:58: -------- Mapchange to yc_c1a3c --------
L 06/18/2020 - 11:47:42: Log file closed.
L 06/18/2020 - 12:32:27: SourceMod log file session started (file "D:\Games\steamapps\common\Black Mesa\bms\addons\sourcemod\logs\L20200618.log") (Version "1.11.0.6562")
L 06/18/2020 - 12:32:27: [SM] Changed map to "yc_c1a4a"
L 06/18/2020 - 12:32:27: "Targon<2><[U:1:55645864]><>" was already connected to the server.
L 06/18/2020 - 13:23:23: SourceMod log file session started (file "D:\Games\steamapps\common\Black Mesa\bms\addons\sourcemod\logs\L20200618.log") (Version "1.11.0.6562")
L 06/18/2020 - 13:23:23: -------- Mapchange to yc_c1a3c --------
L 06/18/2020 - 14:00:14: -------- Mapchange to yc_c1a3c --------
L 06/18/2020 - 14:38:56: Log file closed.
L 06/18/2020 - 15:28:50: SourceMod log file session started (file "D:\Games\steamapps\common\Black Mesa\bms\addons\sourcemod\logs\L20200618.log") (Version "1.11.0.6562")
L 06/18/2020 - 15:28:50: [SM] Changed map to "yc_c1a4a"
L 06/18/2020 - 15:28:50: "Targon<2><[U:1:55645864]><>" was already connected to the server.
L 06/18/2020 - 16:38:44: SourceMod log file session started (file "D:\Games\steamapps\common\Black Mesa\bms\addons\sourcemod\logs\L20200618.log") (Version "1.11.0.6562")
L 06/18/2020 - 16:38:44: [SM] Changed map to "yc_c1a4a"
L 06/18/2020 - 16:38:44: "Targon<2><[U:1:55645864]><>" was already connected to the server.
L 06/18/2020 - 17:29:56: SourceMod log file session started (file "D:\Games\steamapps\common\Black Mesa\bms\addons\sourcemod\logs\L20200618.log") (Version "1.11.0.6562")
L 06/18/2020 - 17:29:56: -------- Mapchange to yc_c1a4a --------
L 06/18/2020 - 17:34:05: -------- Mapchange to yc_c1a4a --------
L 06/18/2020 - 17:37:00: -------- Mapchange to yc_c1a4a --------
L 06/18/2020 - 17:38:44: -------- Mapchange to yc_c1a4a --------
L 06/18/2020 - 17:40:34: -------- Mapchange to yc_c1a4a --------
L 06/18/2020 - 17:41:24: -------- Mapchange to yc_c1a4a --------
L 06/18/2020 - 17:42:07: "Targon<8><[U:1:55645864]><>" was already connected to the server.
L 06/18/2020 - 17:42:39: Log file closed.
L 06/18/2020 - 19:46:22: SourceMod log file session started (file "D:\Games\steamapps\common\Black Mesa\bms\addons\sourcemod\logs\L20200618.log") (Version "1.11.0.6562")
L 06/18/2020 - 19:46:22: -------- Mapchange to yc_c1a4a --------
L 06/18/2020 - 19:51:37: Log file closed.
L 06/18/2020 - 20:50:17: SourceMod log file session started (file "D:\Games\steamapps\common\Black Mesa\bms\addons\sourcemod\logs\L20200618.log") (Version "1.11.0.6562")
L 06/18/2020 - 20:50:17: -------- Mapchange to yc_c1a4a --------
L 06/18/2020 - 20:51:57: -------- Mapchange to yc_c1a4a --------
L 06/18/2020 - 20:56:02: -------- Mapchange to yc_c1a4a --------
L 06/18/2020 - 21:00:27: [SM] Changed map to "yc_c1a4b"
L 06/18/2020 - 21:00:27: "Targon<5><[U:1:55645864]><>" was already connected to the server.
L 06/18/2020 - 21:04:04: -------- Mapchange to yc_c1a4a --------
L 06/18/2020 - 21:08:46: [SM] Changed map to "yc_c1a4b"
L 06/18/2020 - 21:08:46: "Targon<6><[U:1:55645864]><>" was already connected to the server.
L 06/18/2020 - 21:08:56: Log file closed.
L 06/18/2020 - 22:58:09: SourceMod log file session started (file "D:\Games\steamapps\common\Black Mesa\bms\addons\sourcemod\logs\L20200618.log") (Version "1.11.0.6562")
L 06/18/2020 - 22:58:09: [SM] Changed map to "yc_c1a4b"
L 06/18/2020 - 22:58:09: "Targon<2><[U:1:55645864]><>" was already connected to the server.
