L 06/22/2020 - 00:18:27: SourceMod log file session started (file "D:\Games\steamapps\common\Black Mesa\bms\addons\sourcemod\logs\L20200622.log") (Version "1.11.0.6562")
L 06/22/2020 - 00:18:27: -------- Mapchange to yc_c2a4a --------
L 06/22/2020 - 00:25:32: -------- Mapchange to yc_c2a4a --------
L 06/22/2020 - 00:25:57: Log file closed.
L 06/22/2020 - 00:32:14: SourceMod log file session started (file "D:\Games\steamapps\common\Black Mesa\bms\addons\sourcemod\logs\L20200622.log") (Version "1.11.0.6562")
L 06/22/2020 - 00:32:14: -------- Mapchange to yc_c2a4a --------
L 06/22/2020 - 00:40:03: -------- Mapchange to yc_c2a4a --------
L 06/22/2020 - 00:43:20: [SM] Changed map to "yc_c2a4a1"
L 06/22/2020 - 00:43:20: "Targon<4><[U:1:55645864]><>" was already connected to the server.
L 06/22/2020 - 00:56:46: SourceMod log file session started (file "D:\Games\steamapps\common\Black Mesa\bms\addons\sourcemod\logs\L20200622.log") (Version "1.11.0.6562")
L 06/22/2020 - 00:56:46: [SM] Changed map to "yc_c2a4a1"
L 06/22/2020 - 00:56:46: "Targon<2><[U:1:55645864]><>" was already connected to the server.
L 06/22/2020 - 10:43:40: SourceMod log file session started (file "D:\Games\steamapps\common\Black Mesa\bms\addons\sourcemod\logs\L20200622.log") (Version "1.11.0.6562")
L 06/22/2020 - 10:43:40: [SM] Changed map to "yc_c2a4a1"
L 06/22/2020 - 10:43:41: "Targon<2><[U:1:55645864]><>" was already connected to the server.
L 06/22/2020 - 10:43:50: Log file closed.
L 06/22/2020 - 11:42:11: SourceMod log file session started (file "D:\Games\steamapps\common\Black Mesa\bms\addons\sourcemod\logs\L20200622.log") (Version "1.11.0.6562")
L 06/22/2020 - 11:42:11: -------- Mapchange to yc_c2a4a1 --------
L 06/22/2020 - 11:45:58: [SM] Changed map to "yc_c2a4b"
L 06/22/2020 - 11:45:58: "Targon<3><[U:1:55645864]><>" was already connected to the server.
L 06/22/2020 - 11:46:05: Log file closed.
L 06/22/2020 - 13:54:09: SourceMod log file session started (file "D:\Games\steamapps\common\Black Mesa\bms\addons\sourcemod\logs\L20200622.log") (Version "1.11.0.6562")
L 06/22/2020 - 13:54:09: [SM] Changed map to "yc_c2a4a1"
L 06/22/2020 - 13:54:12: -------- Mapchange to yc_c2a4a1 --------
L 06/22/2020 - 13:58:51: [SM] Changed map to "yc_c2a4b"
L 06/22/2020 - 13:58:51: "Targon<2><[U:1:55645864]><>" was already connected to the server.
L 06/22/2020 - 15:47:36: Log file closed.
L 06/22/2020 - 16:31:32: SourceMod log file session started (file "D:\Games\steamapps\common\Black Mesa\bms\addons\sourcemod\logs\L20200622.log") (Version "1.11.0.6562")
L 06/22/2020 - 16:31:32: [SM] Changed map to "yc_c2a4c"
L 06/22/2020 - 16:31:32: "Targon<2><[U:1:55645864]><>" was already connected to the server.
L 06/22/2020 - 16:31:38: Log file closed.
L 06/22/2020 - 17:07:26: SourceMod log file session started (file "D:\Games\steamapps\common\Black Mesa\bms\addons\sourcemod\logs\L20200622.log") (Version "1.11.0.6562")
L 06/22/2020 - 17:07:26: -------- Mapchange to yc_c2a4c --------
L 06/22/2020 - 17:19:57: -------- Mapchange to yc_c2a4c --------
L 06/22/2020 - 17:21:37: -------- Mapchange to yc_c2a4c --------
L 06/22/2020 - 17:25:47: -------- Mapchange to yc_c2a4c --------
L 06/22/2020 - 17:30:57: -------- Mapchange to yc_c2a4c --------
L 06/22/2020 - 17:33:31: [SM] Changed map to "yc_c2a4d"
L 06/22/2020 - 17:33:32: "Targon<7><[U:1:55645864]><>" was already connected to the server.
L 06/22/2020 - 18:51:45: SourceMod log file session started (file "D:\Games\steamapps\common\Black Mesa\bms\addons\sourcemod\logs\L20200622.log") (Version "1.11.0.6562")
L 06/22/2020 - 18:51:45: [SM] Changed map to "yc_c2a4d"
L 06/22/2020 - 18:51:45: "Targon<2><[U:1:55645864]><>" was already connected to the server.
L 06/22/2020 - 18:54:08: -------- Mapchange to bm_c2a4e --------
L 06/22/2020 - 19:01:09: -------- Mapchange to yc_c2a4d --------
L 06/22/2020 - 19:01:26: Log file closed.
L 06/22/2020 - 19:05:07: SourceMod log file session started (file "D:\Games\steamapps\common\Black Mesa\bms\addons\sourcemod\logs\L20200622.log") (Version "1.11.0.6562")
L 06/22/2020 - 19:05:07: -------- Mapchange to yc_c2a4d --------
L 06/22/2020 - 19:09:16: -------- Mapchange to yc_c2a4d --------
L 06/22/2020 - 19:17:47: -------- Mapchange to yc_c2a4d --------
L 06/22/2020 - 19:31:55: Log file closed.
L 06/22/2020 - 20:39:50: SourceMod log file session started (file "D:\Games\steamapps\common\Black Mesa\bms\addons\sourcemod\logs\L20200622.log") (Version "1.11.0.6562")
L 06/22/2020 - 20:39:50: [SM] Changed map to "yc_c2a4e"
L 06/22/2020 - 20:39:50: "Targon<2><[U:1:55645864]><>" was already connected to the server.
L 06/22/2020 - 21:41:15: Log file closed.
L 06/22/2020 - 21:58:29: SourceMod log file session started (file "D:\Games\steamapps\common\Black Mesa\bms\addons\sourcemod\logs\L20200622.log") (Version "1.11.0.6562")
L 06/22/2020 - 21:58:29: -------- Mapchange to yc_c2a4e --------
L 06/22/2020 - 22:46:58: SourceMod log file session started (file "D:\Games\steamapps\common\Black Mesa\bms\addons\sourcemod\logs\L20200622.log") (Version "1.11.0.6562")
L 06/22/2020 - 22:46:58: [SM] Changed map to "yc_c2a4f"
L 06/22/2020 - 22:46:58: "Targon<2><[U:1:55645864]><>" was already connected to the server.
L 06/22/2020 - 22:47:12: Log file closed.
