L 06/19/2020 - 00:26:42: SourceMod log file session started (file "D:\Games\steamapps\common\Black Mesa\bms\addons\sourcemod\logs\L20200619.log") (Version "1.11.0.6562")
L 06/19/2020 - 00:26:42: -------- Mapchange to yc_c1a4b --------
L 06/19/2020 - 00:27:16: -------- Mapchange to yc_c1a4b --------
L 06/19/2020 - 00:34:37: -------- Mapchange to yc_c1a4b --------
L 06/19/2020 - 00:37:24: -------- Mapchange to yc_c1a4d --------
L 06/19/2020 - 00:40:58: -------- Mapchange to yc_c1a4b --------
L 06/19/2020 - 00:43:50: -------- Mapchange to yc_c1a4b --------
L 06/19/2020 - 00:44:46: Log file closed.
L 06/19/2020 - 00:45:53: SourceMod log file session started (file "D:\Games\steamapps\common\Black Mesa\bms\addons\sourcemod\logs\L20200619.log") (Version "1.11.0.6562")
L 06/19/2020 - 00:45:53: -------- Mapchange to yc_c1a4b --------
L 06/19/2020 - 00:53:36: Log file closed.
L 06/19/2020 - 01:17:05: SourceMod log file session started (file "D:\Games\steamapps\common\Black Mesa\bms\addons\sourcemod\logs\L20200619.log") (Version "1.11.0.6562")
L 06/19/2020 - 01:17:05: -------- Mapchange to yc_c1a4b --------
L 06/19/2020 - 01:19:20: -------- Mapchange to yc_c1a4d --------
L 06/19/2020 - 01:21:21: -------- Mapchange to yc_c1a4b --------
L 06/19/2020 - 01:32:31: SourceMod log file session started (file "D:\Games\steamapps\common\Black Mesa\bms\addons\sourcemod\logs\L20200619.log") (Version "1.11.0.6562")
L 06/19/2020 - 01:32:31: -------- Mapchange to yc_c1a4b --------
L 06/19/2020 - 01:33:48: -------- Mapchange to yc_c1a4d --------
L 06/19/2020 - 01:35:09: -------- Mapchange to yc_c1a4b --------
L 06/19/2020 - 01:46:03: SourceMod log file session started (file "D:\Games\steamapps\common\Black Mesa\bms\addons\sourcemod\logs\L20200619.log") (Version "1.11.0.6562")
L 06/19/2020 - 01:46:03: -------- Mapchange to yc_c1a4d --------
L 06/19/2020 - 01:47:19: -------- Mapchange to yc_c1a4b --------
L 06/19/2020 - 01:48:30: Log file closed.
L 06/19/2020 - 01:50:25: SourceMod log file session started (file "D:\Games\steamapps\common\Black Mesa\bms\addons\sourcemod\logs\L20200619.log") (Version "1.11.0.6562")
L 06/19/2020 - 01:50:25: [SM] Changed map to "yc_c1a4d"
L 06/19/2020 - 01:50:27: -------- Mapchange to yc_c1a4d --------
L 06/19/2020 - 01:50:57: Log file closed.
L 06/19/2020 - 02:27:52: SourceMod log file session started (file "D:\Games\steamapps\common\Black Mesa\bms\addons\sourcemod\logs\L20200619.log") (Version "1.11.0.6562")
L 06/19/2020 - 02:27:52: -------- Mapchange to yc_c1a4b --------
L 06/19/2020 - 02:28:35: [SM] Changed map to "yc_c1a4d"
L 06/19/2020 - 02:28:37: -------- Mapchange to yc_c1a4d --------
L 06/19/2020 - 02:29:56: [SM] Changed map to "yc_c1a4b"
L 06/19/2020 - 02:29:59: -------- Mapchange to yc_c1a4b --------
L 06/19/2020 - 02:33:47: -------- Mapchange to yc_c1a4b --------
L 06/19/2020 - 02:34:17: [SM] Changed map to "yc_c1a4d"
L 06/19/2020 - 02:34:19: -------- Mapchange to yc_c1a4d --------
L 06/19/2020 - 02:35:25: [SM] Changed map to "yc_c1a4b"
L 06/19/2020 - 02:35:28: -------- Mapchange to yc_c1a4b --------
L 06/19/2020 - 02:36:23: -------- Mapchange to yc_c1a4b --------
L 06/19/2020 - 02:38:27: [SM] Changed map to "yc_c1a4d"
L 06/19/2020 - 02:38:28: -------- Mapchange to yc_c1a4d --------
L 06/19/2020 - 02:39:37: -------- Mapchange to yc_c1a4b --------
L 06/19/2020 - 02:40:46: [SM] Changed map to "yc_c1a4d"
L 06/19/2020 - 02:40:48: -------- Mapchange to yc_c1a4d --------
L 06/19/2020 - 02:41:59: [SM] Changed map to "yc_c1a4b"
L 06/19/2020 - 02:42:01: -------- Mapchange to yc_c1a4b --------
L 06/19/2020 - 02:47:41: -------- Mapchange to yc_c1a4b --------
L 06/19/2020 - 02:50:05: [SM] Changed map to "yc_c1a4d"
L 06/19/2020 - 02:50:06: -------- Mapchange to yc_c1a4d --------
L 06/19/2020 - 02:51:23: [SM] Changed map to "yc_c1a4b"
L 06/19/2020 - 02:51:25: -------- Mapchange to yc_c1a4b --------
L 06/19/2020 - 02:52:16: Log file closed.
L 06/19/2020 - 10:15:23: SourceMod log file session started (file "D:\Games\steamapps\common\Black Mesa\bms\addons\sourcemod\logs\L20200619.log") (Version "1.11.0.6562")
L 06/19/2020 - 10:15:23: [SM] Changed map to "yc_c1a4d"
L 06/19/2020 - 10:15:24: -------- Mapchange to yc_c1a4d --------
L 06/19/2020 - 10:16:42: [SM] Changed map to "yc_c1a4b"
L 06/19/2020 - 10:16:44: -------- Mapchange to yc_c1a4b --------
L 06/19/2020 - 10:19:35: -------- Mapchange to yc_c1a4b --------
L 06/19/2020 - 10:20:16: [SM] Changed map to "yc_c1a4c"
L 06/19/2020 - 10:20:18: -------- Mapchange to yc_c1a4c --------
L 06/19/2020 - 10:23:48: [SM] Changed map to "yc_c1a4b"
L 06/19/2020 - 10:23:50: -------- Mapchange to yc_c1a4b --------
L 06/19/2020 - 10:24:28: [SM] Changed map to "yc_c1a4d"
L 06/19/2020 - 10:24:29: -------- Mapchange to yc_c1a4d --------
L 06/19/2020 - 10:25:47: [SM] Changed map to "yc_c1a4b"
L 06/19/2020 - 10:25:49: -------- Mapchange to yc_c1a4b --------
L 06/19/2020 - 10:36:52: -------- Mapchange to yc_c1a4b --------
L 06/19/2020 - 10:37:25: -------- Mapchange to yc_c1a4b --------
L 06/19/2020 - 10:38:00: [SM] Changed map to "yc_c1a4d"
L 06/19/2020 - 10:38:01: -------- Mapchange to yc_c1a4d --------
L 06/19/2020 - 10:39:25: [SM] Changed map to "yc_c1a4b"
L 06/19/2020 - 10:39:27: -------- Mapchange to yc_c1a4b --------
L 06/19/2020 - 10:39:53: [SM] Changed map to "yc_c1a4c"
L 06/19/2020 - 10:39:55: -------- Mapchange to yc_c1a4c --------
L 06/19/2020 - 10:41:17: [SM] Changed map to "yc_c1a4b"
L 06/19/2020 - 10:41:19: -------- Mapchange to yc_c1a4b --------
L 06/19/2020 - 10:44:21: -------- Mapchange to yc_c1a4b --------
L 06/19/2020 - 10:44:48: [SM] Changed map to "yc_c1a4c"
L 06/19/2020 - 10:44:50: -------- Mapchange to yc_c1a4c --------
L 06/19/2020 - 10:45:55: [SM] Changed map to "yc_c1a4b"
L 06/19/2020 - 10:45:57: -------- Mapchange to yc_c1a4b --------
L 06/19/2020 - 10:46:28: [SM] Changed map to "yc_c1a4d"
L 06/19/2020 - 10:46:29: -------- Mapchange to yc_c1a4d --------
L 06/19/2020 - 10:47:43: [SM] Changed map to "yc_c1a4b"
L 06/19/2020 - 10:47:45: -------- Mapchange to yc_c1a4b --------
L 06/19/2020 - 10:50:40: -------- Mapchange to yc_c1a4b --------
L 06/19/2020 - 10:52:49: [SM] Changed map to "yc_c1a4d"
L 06/19/2020 - 10:52:51: -------- Mapchange to yc_c1a4d --------
L 06/19/2020 - 10:54:31: [SM] Changed map to "yc_c1a4b"
L 06/19/2020 - 10:54:33: -------- Mapchange to yc_c1a4b --------
L 06/19/2020 - 10:56:13: [SM] Changed map to "yc_c1a4c"
L 06/19/2020 - 10:56:15: -------- Mapchange to yc_c1a4c --------
L 06/19/2020 - 10:58:04: [SM] Changed map to "yc_c1a4b"
L 06/19/2020 - 10:58:06: -------- Mapchange to yc_c1a4b --------
L 06/19/2020 - 11:07:41: -------- Mapchange to yc_c1a4b --------
L 06/19/2020 - 11:10:27: [SM] Changed map to "yc_c1a4c"
L 06/19/2020 - 11:10:29: -------- Mapchange to yc_c1a4c --------
L 06/19/2020 - 11:11:37: [SM] Changed map to "yc_c1a4b"
L 06/19/2020 - 11:11:39: -------- Mapchange to yc_c1a4b --------
L 06/19/2020 - 11:18:04: -------- Mapchange to yc_c1a4b --------
L 06/19/2020 - 11:45:05: -------- Mapchange to yc_c1a4b --------
L 06/19/2020 - 11:47:07: [SM] Changed map to "yc_c1a4c"
L 06/19/2020 - 11:47:09: -------- Mapchange to yc_c1a4c --------
L 06/19/2020 - 11:53:10: SourceMod log file session started (file "D:\Games\steamapps\common\Black Mesa\bms\addons\sourcemod\logs\L20200619.log") (Version "1.11.0.6562")
L 06/19/2020 - 11:53:10: [SM] Changed map to "yc_c1a4b"
L 06/19/2020 - 11:53:12: -------- Mapchange to yc_c1a4b --------
L 06/19/2020 - 11:54:24: [SM] Changed map to "yc_c1a4d"
L 06/19/2020 - 11:54:26: -------- Mapchange to yc_c1a4d --------
L 06/19/2020 - 11:59:13: [SM] Changed map to "yc_c1a4b"
L 06/19/2020 - 11:59:15: -------- Mapchange to yc_c1a4b --------
L 06/19/2020 - 12:01:00: [SM] Changed map to "yc_c1a4e"
L 06/19/2020 - 12:01:00: "Targon<2><[U:1:55645864]><>" was already connected to the server.
L 06/19/2020 - 12:06:38: -------- Mapchange to yc_c1a4c --------
L 06/19/2020 - 12:06:51: -------- Mapchange to yc_c1a4b --------
L 06/19/2020 - 12:10:56: -------- Mapchange to yc_c1a4d --------
L 06/19/2020 - 12:11:58: Log file closed.
L 06/19/2020 - 14:48:29: SourceMod log file session started (file "D:\Games\steamapps\common\Black Mesa\bms\addons\sourcemod\logs\L20200619.log") (Version "1.11.0.6562")
L 06/19/2020 - 14:48:29: [SM] Changed map to "yc_c1a4c"
L 06/19/2020 - 14:48:31: -------- Mapchange to yc_c1a4c --------
L 06/19/2020 - 14:53:24: [SM] Changed map to "yc_c1a4b"
L 06/19/2020 - 14:53:27: -------- Mapchange to yc_c1a4b --------
L 06/19/2020 - 14:54:51: [SM] Changed map to "yc_c1a4e"
L 06/19/2020 - 14:54:51: "Targon<2><[U:1:55645864]><>" was already connected to the server.
L 06/19/2020 - 15:52:05: -------- Mapchange to yc_c1a4b --------
L 06/19/2020 - 15:55:43: [SM] Changed map to "yc_c1a4d"
L 06/19/2020 - 15:56:01: -------- Mapchange to yc_c1a4d --------
L 06/19/2020 - 16:00:07: [SM] Changed map to "yc_c1a4b"
L 06/19/2020 - 16:00:25: -------- Mapchange to yc_c1a4b --------
L 06/19/2020 - 16:02:37: [SM] Changed map to "yc_c1a4c"
L 06/19/2020 - 16:02:55: -------- Mapchange to yc_c1a4c --------
L 06/19/2020 - 16:07:32: [SM] Changed map to "yc_c1a4b"
L 06/19/2020 - 16:07:48: -------- Mapchange to yc_c1a4b --------
L 06/19/2020 - 16:09:43: [SM] Changed map to "yc_c1a4e"
L 06/19/2020 - 16:09:43: "Targon<3><[U:1:55645864]><>" was already connected to the server.
L 06/19/2020 - 16:09:52: -------- Mapchange to yc_c1a4b --------
L 06/19/2020 - 16:11:43: Log file closed.
L 06/19/2020 - 17:28:44: SourceMod log file session started (file "D:\Games\steamapps\common\Black Mesa\bms\addons\sourcemod\logs\L20200619.log") (Version "1.11.0.6562")
L 06/19/2020 - 17:28:44: [SM] Changed map to "yc_c1a4c"
L 06/19/2020 - 17:28:47: -------- Mapchange to yc_c1a4c --------
L 06/19/2020 - 17:34:12: [SM] Changed map to "yc_c1a4b"
L 06/19/2020 - 17:34:14: -------- Mapchange to yc_c1a4b --------
L 06/19/2020 - 17:35:31: [SM] Changed map to "yc_c1a4d"
L 06/19/2020 - 17:35:33: -------- Mapchange to yc_c1a4d --------
L 06/19/2020 - 17:40:20: [SM] Changed map to "yc_c1a4b"
L 06/19/2020 - 17:40:22: -------- Mapchange to yc_c1a4b --------
L 06/19/2020 - 17:42:32: [SM] Changed map to "yc_c1a4e"
L 06/19/2020 - 17:42:33: "Targon<2><[U:1:55645864]><>" was already connected to the server.
L 06/19/2020 - 17:43:33: Log file closed.
L 06/19/2020 - 17:56:12: SourceMod log file session started (file "D:\Games\steamapps\common\Black Mesa\bms\addons\sourcemod\logs\L20200619.log") (Version "1.11.0.6562")
L 06/19/2020 - 17:56:12: [SM] Changed map to "yc_c2a1a"
L 06/19/2020 - 17:56:13: "Targon<2><[U:1:55645864]><>" was already connected to the server.
L 06/19/2020 - 17:56:19: Log file closed.
L 06/19/2020 - 20:03:35: SourceMod log file session started (file "D:\Games\steamapps\common\Black Mesa\bms\addons\sourcemod\logs\L20200619.log") (Version "1.11.0.6562")
L 06/19/2020 - 20:03:35: [SM] Changed map to "yc_c2a1a"
L 06/19/2020 - 20:03:35: "Targon<2><[U:1:55645864]><>" was already connected to the server.
L 06/19/2020 - 20:47:08: SourceMod log file session started (file "D:\Games\steamapps\common\Black Mesa\bms\addons\sourcemod\logs\L20200619.log") (Version "1.11.0.6562")
L 06/19/2020 - 20:47:08: -------- Mapchange to bm_c2a1a --------
L 06/19/2020 - 21:51:33: Log file closed.
L 06/19/2020 - 21:54:14: SourceMod log file session started (file "D:\Games\steamapps\common\Black Mesa\bms\addons\sourcemod\logs\L20200619.log") (Version "1.11.0.6562")
L 06/19/2020 - 21:54:14: -------- Mapchange to yc_c2a1a --------
L 06/19/2020 - 21:57:33: [SM] Changed map to "yc_c2a1b"
L 06/19/2020 - 21:57:35: -------- Mapchange to yc_c2a1b --------
L 06/19/2020 - 22:03:44: [SM] Changed map to "yc_c2a1a"
L 06/19/2020 - 22:03:45: -------- Mapchange to yc_c2a1a --------
L 06/19/2020 - 22:25:09: -------- Mapchange to yc_c2a1a --------
L 06/19/2020 - 22:27:20: [SM] Changed map to "yc_c2a1b"
L 06/19/2020 - 22:27:21: -------- Mapchange to yc_c2a1b --------
L 06/19/2020 - 22:31:23: [SM] Changed map to "yc_c2a1a"
L 06/19/2020 - 22:31:24: -------- Mapchange to yc_c2a1a --------
L 06/19/2020 - 22:37:14: -------- Mapchange to bm_c2a2a --------
L 06/19/2020 - 22:42:35: -------- Mapchange to yc_c2a1b --------
L 06/19/2020 - 22:47:22: [SM] Changed map to "yc_c2a1a"
L 06/19/2020 - 22:47:23: -------- Mapchange to yc_c2a1a --------
L 06/19/2020 - 22:51:42: [SM] Changed map to "yc_c2a2a"
L 06/19/2020 - 22:51:42: "Targon<6><[U:1:55645864]><>" was already connected to the server.
L 06/19/2020 - 22:51:50: Log file closed.
