L 07/07/2020 - 00:18:23: SourceMod log file session started (file "D:\Games\steamapps\common\Black Mesa\bms\addons\sourcemod\logs\L20200707.log") (Version "1.11.0.6562")
L 07/07/2020 - 00:18:23: [SM] Changed map to "yc_c4a4a"
L 07/07/2020 - 00:18:23: "Your name<2><[U:1:3396891022]><>" was already connected to the server.
L 07/07/2020 - 00:18:54: Log file closed.
L 07/07/2020 - 00:29:38: SourceMod log file session started (file "D:\Games\steamapps\common\Black Mesa\bms\addons\sourcemod\logs\L20200707.log") (Version "1.11.0.6562")
L 07/07/2020 - 00:29:38: -------- Mapchange to yc_c4a4a --------
L 07/07/2020 - 00:31:32: SourceMod log file session started (file "D:\Games\steamapps\common\Black Mesa\bms\addons\sourcemod\logs\L20200707.log") (Version "1.11.0.6562")
L 07/07/2020 - 00:31:32: -------- Mapchange to yc_c4a4a --------
L 07/07/2020 - 00:33:46: SourceMod log file session started (file "D:\Games\steamapps\common\Black Mesa\bms\addons\sourcemod\logs\L20200707.log") (Version "1.11.0.6562")
L 07/07/2020 - 00:33:46: -------- Mapchange to yc_c4a4a --------
L 07/07/2020 - 00:36:16: SourceMod log file session started (file "D:\Games\steamapps\common\Black Mesa\bms\addons\sourcemod\logs\L20200707.log") (Version "1.11.0.6562")
L 07/07/2020 - 00:36:16: -------- Mapchange to yc_c4a4a --------
L 07/07/2020 - 00:40:16: SourceMod log file session started (file "D:\Games\steamapps\common\Black Mesa\bms\addons\sourcemod\logs\L20200707.log") (Version "1.11.0.6562")
L 07/07/2020 - 00:40:16: -------- Mapchange to yc_c4a4a --------
L 07/07/2020 - 00:42:06: SourceMod log file session started (file "D:\Games\steamapps\common\Black Mesa\bms\addons\sourcemod\logs\L20200707.log") (Version "1.11.0.6562")
L 07/07/2020 - 00:42:06: -------- Mapchange to yc_c4a4a --------
L 07/07/2020 - 00:55:28: -------- Mapchange to yc_c4a4a --------
L 07/07/2020 - 00:56:17: -------- Mapchange to yc_c4a4a --------
L 07/07/2020 - 00:59:03: -------- Mapchange to yc_c4a4a --------
L 07/07/2020 - 01:06:14: -------- Mapchange to yc_c4a4a --------
L 07/07/2020 - 01:17:51: SourceMod log file session started (file "D:\Games\steamapps\common\Black Mesa\bms\addons\sourcemod\logs\L20200707.log") (Version "1.11.0.6562")
L 07/07/2020 - 01:17:51: -------- Mapchange to yc_c4a4a --------
L 07/07/2020 - 01:30:59: SourceMod log file session started (file "D:\Games\steamapps\common\Black Mesa\bms\addons\sourcemod\logs\L20200707.log") (Version "1.11.0.6562")
L 07/07/2020 - 01:30:59: -------- Mapchange to yc_c4a4a --------
L 07/07/2020 - 01:34:39: -------- Mapchange to yc_c4a4a --------
L 07/07/2020 - 01:40:40: -------- Mapchange to yc_c4a4a --------
L 07/07/2020 - 01:45:41: -------- Mapchange to yc_c4a4a --------
L 07/07/2020 - 01:53:49: -------- Mapchange to yc_c4a4a --------
L 07/07/2020 - 02:19:33: SourceMod log file session started (file "D:\Games\steamapps\common\Black Mesa\bms\addons\sourcemod\logs\L20200707.log") (Version "1.11.0.6562")
L 07/07/2020 - 02:19:33: -------- Mapchange to yc_c4a4a --------
L 07/07/2020 - 02:33:41: SourceMod log file session started (file "D:\Games\steamapps\common\Black Mesa\bms\addons\sourcemod\logs\L20200707.log") (Version "1.11.0.6562")
L 07/07/2020 - 02:33:41: -------- Mapchange to yc_c4a4a --------
L 07/07/2020 - 02:37:37: SourceMod log file session started (file "D:\Games\steamapps\common\Black Mesa\bms\addons\sourcemod\logs\L20200707.log") (Version "1.11.0.6562")
L 07/07/2020 - 02:37:37: -------- Mapchange to yc_c4a4a --------
L 07/07/2020 - 07:54:04: SourceMod log file session started (file "D:\Games\steamapps\common\Black Mesa\bms\addons\sourcemod\logs\L20200707.log") (Version "1.11.0.6562")
L 07/07/2020 - 07:54:04: -------- Mapchange to yc_c4a4a --------
L 07/07/2020 - 08:00:55: -------- Mapchange to yc_c4a4a --------
L 07/07/2020 - 08:01:28: -------- Mapchange to yc_c4a4a --------
L 07/07/2020 - 08:04:37: -------- Mapchange to yc_c4a4a --------
L 07/07/2020 - 08:07:26: -------- Mapchange to yc_c4a4a --------
L 07/07/2020 - 08:12:17: -------- Mapchange to yc_c4a4a --------
L 07/07/2020 - 08:15:36: -------- Mapchange to yc_c4a4a --------
L 07/07/2020 - 08:17:51: -------- Mapchange to yc_c4a4a --------
L 07/07/2020 - 08:21:42: -------- Mapchange to yc_c4a4a --------
L 07/07/2020 - 08:25:16: SourceMod log file session started (file "D:\Games\steamapps\common\Black Mesa\bms\addons\sourcemod\logs\L20200707.log") (Version "1.11.0.6562")
L 07/07/2020 - 08:25:16: -------- Mapchange to yc_c4a4a --------
L 07/07/2020 - 08:32:09: -------- Mapchange to yc_c4a4a --------
L 07/07/2020 - 08:33:12: Log file closed.
L 07/07/2020 - 09:55:46: SourceMod log file session started (file "D:\Games\steamapps\common\Black Mesa\bms\addons\sourcemod\logs\L20200707.log") (Version "1.11.0.6562")
L 07/07/2020 - 09:55:46: -------- Mapchange to yc_c4a4a --------
L 07/07/2020 - 09:59:24: Log file closed.
L 07/07/2020 - 10:30:10: SourceMod log file session started (file "D:\Games\steamapps\common\Black Mesa\bms\addons\sourcemod\logs\L20200707.log") (Version "1.11.0.6562")
L 07/07/2020 - 10:30:10: -------- Mapchange to yc_c4a4a --------
L 07/07/2020 - 10:31:03: Log file closed.
L 07/07/2020 - 11:21:24: SourceMod log file session started (file "D:\Games\steamapps\common\Black Mesa\bms\addons\sourcemod\logs\L20200707.log") (Version "1.11.0.6562")
L 07/07/2020 - 11:21:24: -------- Mapchange to yc_c4a4a --------
L 07/07/2020 - 11:22:06: Log file closed.
L 07/07/2020 - 12:56:51: SourceMod log file session started (file "D:\Games\steamapps\common\Black Mesa\bms\addons\sourcemod\logs\L20200707.log") (Version "1.11.0.6562")
L 07/07/2020 - 12:56:51: -------- Mapchange to yc_c4a4a --------
L 07/07/2020 - 12:57:08: Log file closed.
L 07/07/2020 - 16:00:30: SourceMod log file session started (file "D:\Games\steamapps\common\Black Mesa\bms\addons\sourcemod\logs\L20200707.log") (Version "1.11.0.6562")
L 07/07/2020 - 16:00:30: [SM] Changed map to "yc_c5a1a"
L 07/07/2020 - 16:00:30: "Targon<2><[U:1:55645864]><>" was already connected to the server.
L 07/07/2020 - 16:43:04: SourceMod log file session started (file "D:\Games\steamapps\common\Black Mesa\bms\addons\sourcemod\logs\L20200707.log") (Version "1.11.0.6562")
L 07/07/2020 - 16:43:04: [SM] Changed map to "yc_c5a1a"
L 07/07/2020 - 16:43:05: "Targon<2><[U:1:55645864]><>" was already connected to the server.
L 07/07/2020 - 17:48:30: SourceMod log file session started (file "D:\Games\steamapps\common\Black Mesa\bms\addons\sourcemod\logs\L20200707.log") (Version "1.11.0.6562")
L 07/07/2020 - 17:48:30: -------- Mapchange to yc_c5a1a --------
L 07/07/2020 - 17:53:11: Log file closed.
L 07/07/2020 - 23:35:50: SourceMod log file session started (file "D:\Games\steamapps\common\Black Mesa\bms\addons\sourcemod\logs\L20200707.log") (Version "1.11.0.6562")
L 07/07/2020 - 23:35:50: [SM] Changed map to "yc_c4a4a"
L 07/07/2020 - 23:35:54: -------- Mapchange to yc_c4a4a --------
L 07/07/2020 - 23:41:30: [SM] Changed map to "yc_c5a1a"
L 07/07/2020 - 23:41:44: -------- Mapchange to yc_c5a1a --------
L 07/07/2020 - 23:46:22: [SM] Changed map to "yc_lobby"
L 07/07/2020 - 23:46:22: "Your name<2><[U:1:3396891022]><>" was already connected to the server.
L 07/07/2020 - 23:48:30: Log file closed.
