L 06/20/2020 - 00:52:18: SourceMod log file session started (file "D:\Games\steamapps\common\Black Mesa\bms\addons\sourcemod\logs\L20200620.log") (Version "1.11.0.6562")
L 06/20/2020 - 00:52:18: [SM] Changed map to "yc_c2a1b"
L 06/20/2020 - 00:52:20: -------- Mapchange to yc_c2a1b --------
L 06/20/2020 - 00:56:58: [SM] Changed map to "yc_c2a1a"
L 06/20/2020 - 00:57:00: -------- Mapchange to yc_c2a1a --------
L 06/20/2020 - 01:01:42: [SM] Changed map to "yc_c2a2a"
L 06/20/2020 - 01:01:42: "Targon<2><[U:1:55645864]><>" was already connected to the server.
L 06/20/2020 - 01:01:49: Log file closed.
L 06/20/2020 - 01:35:11: SourceMod log file session started (file "D:\Games\steamapps\common\Black Mesa\bms\addons\sourcemod\logs\L20200620.log") (Version "1.11.0.6562")
L 06/20/2020 - 01:35:11: -------- Mapchange to yc_c2a2a --------
L 06/20/2020 - 01:36:22: -------- Mapchange to yc_c2a2a --------
L 06/20/2020 - 01:39:06: -------- Mapchange to yc_c2a2a --------
L 06/20/2020 - 01:50:41: -------- Mapchange to yc_c2a2a --------
L 06/20/2020 - 01:55:41: [SM] Changed map to "yc_c2a2b"
L 06/20/2020 - 01:55:41: "Targon<6><[U:1:55645864]><>" was already connected to the server.
L 06/20/2020 - 01:56:30: -------- Mapchange to yc_c2a1b --------
L 06/20/2020 - 02:01:45: [SM] Changed map to "yc_c2a1a"
L 06/20/2020 - 02:01:47: -------- Mapchange to yc_c2a1a --------
L 06/20/2020 - 02:05:22: [SM] Changed map to "yc_c2a2a"
L 06/20/2020 - 02:05:43: -------- Mapchange to yc_c2a2a --------
L 06/20/2020 - 02:10:45: Log file closed.
L 06/20/2020 - 10:01:43: SourceMod log file session started (file "D:\Games\steamapps\common\Black Mesa\bms\addons\sourcemod\logs\L20200620.log") (Version "1.11.0.6562")
L 06/20/2020 - 10:01:43: -------- Mapchange to yc_c2a2b --------
L 06/20/2020 - 10:11:23: -------- Mapchange to yc_c2a2b --------
L 06/20/2020 - 10:15:03: -------- Mapchange to yc_c2a2b --------
L 06/20/2020 - 10:22:28: -------- Mapchange to yc_c2a2a --------
L 06/20/2020 - 10:27:29: [SM] Changed map to "yc_c2a2b"
L 06/20/2020 - 10:27:47: -------- Mapchange to yc_c2a2b --------
L 06/20/2020 - 10:28:32: Log file closed.
L 06/20/2020 - 11:17:50: SourceMod log file session started (file "D:\Games\steamapps\common\Black Mesa\bms\addons\sourcemod\logs\L20200620.log") (Version "1.11.0.6562")
L 06/20/2020 - 11:17:50: [SM] Changed map to "yc_c2a2c"
L 06/20/2020 - 11:17:50: "Targon<2><[U:1:55645864]><>" was already connected to the server.
L 06/20/2020 - 11:17:58: Log file closed.
L 06/20/2020 - 11:26:49: SourceMod log file session started (file "D:\Games\steamapps\common\Black Mesa\bms\addons\sourcemod\logs\L20200620.log") (Version "1.11.0.6562")
L 06/20/2020 - 11:26:49: [SM] Changed map to "yc_c1a2c"
L 06/20/2020 - 11:26:55: -------- Mapchange to yc_c1a2c --------
L 06/20/2020 - 11:38:05: [SM] Changed map to "yc_c1a3a"
L 06/20/2020 - 11:38:10: -------- Mapchange to yc_c1a3a --------
L 06/20/2020 - 11:38:35: Log file closed.
L 06/20/2020 - 16:27:25: SourceMod log file session started (file "D:\Games\steamapps\common\Black Mesa\bms\addons\sourcemod\logs\L20200620.log") (Version "1.11.0.6562")
L 06/20/2020 - 16:27:25: -------- Mapchange to bm_c2a2c --------
L 06/20/2020 - 16:34:26: -------- Mapchange to bm_c2a3a --------
L 06/20/2020 - 16:35:11: Log file closed.
L 06/20/2020 - 16:48:52: SourceMod log file session started (file "D:\Games\steamapps\common\Black Mesa\bms\addons\sourcemod\logs\L20200620.log") (Version "1.11.0.6562")
L 06/20/2020 - 16:48:52: -------- Mapchange to yc_c2a2c --------
L 06/20/2020 - 16:49:30: Log file closed.
L 06/20/2020 - 17:01:18: SourceMod log file session started (file "D:\Games\steamapps\common\Black Mesa\bms\addons\sourcemod\logs\L20200620.log") (Version "1.11.0.6562")
L 06/20/2020 - 17:01:18: [SM] Changed map to "yc_c2a3a"
L 06/20/2020 - 17:01:18: "Targon<2><[U:1:55645864]><>" was already connected to the server.
L 06/20/2020 - 17:01:26: Log file closed.
L 06/20/2020 - 17:35:51: SourceMod log file session started (file "D:\Games\steamapps\common\Black Mesa\bms\addons\sourcemod\logs\L20200620.log") (Version "1.11.0.6562")
L 06/20/2020 - 17:35:51: -------- Mapchange to yc_c2a2c --------
L 06/20/2020 - 17:37:46: -------- Mapchange to yc_c2a2c --------
L 06/20/2020 - 17:40:09: [SM] Changed map to "yc_c2a3a"
L 06/20/2020 - 17:40:09: "Targon<4><[U:1:55645864]><>" was already connected to the server.
L 06/20/2020 - 17:40:17: Log file closed.
L 06/20/2020 - 23:16:58: SourceMod log file session started (file "D:\Games\steamapps\common\Black Mesa\bms\addons\sourcemod\logs\L20200620.log") (Version "1.11.0.6562")
L 06/20/2020 - 23:16:58: -------- Mapchange to bm_c2a3a --------
L 06/20/2020 - 23:22:42: SourceMod log file session started (file "D:\Games\steamapps\common\Black Mesa\bms\addons\sourcemod\logs\L20200620.log") (Version "1.11.0.6562")
L 06/20/2020 - 23:22:42: -------- Mapchange to bm_c4a1a1 --------
L 06/20/2020 - 23:33:38: SourceMod log file session started (file "D:\Games\steamapps\common\Black Mesa\bms\addons\sourcemod\logs\L20200620.log") (Version "1.11.0.6562")
L 06/20/2020 - 23:33:38: [SM] Changed map to "yc_c2a3b"
L 06/20/2020 - 23:33:38: "Targon<2><[U:1:55645864]><>" was already connected to the server.
L 06/20/2020 - 23:35:59: Log file closed.
