L 07/05/2020 - 00:36:08: SourceMod log file session started (file "D:\Games\steamapps\common\Black Mesa\bms\addons\sourcemod\logs\L20200705.log") (Version "1.11.0.6562")
L 07/05/2020 - 00:36:08: [SM] Changed map to "yc_c4a3a1"
L 07/05/2020 - 00:36:15: -------- Mapchange to yc_c4a3a1 --------
L 07/05/2020 - 00:39:04: -------- Mapchange to yc_c4a3a --------
L 07/05/2020 - 00:40:44: SourceMod log file session started (file "D:\Games\steamapps\common\Black Mesa\bms\addons\sourcemod\logs\L20200705.log") (Version "1.11.0.6562")
L 07/05/2020 - 00:40:44: [SM] Changed map to "yc_c4a3a1"
L 07/05/2020 - 00:41:11: -------- Mapchange to yc_c4a3a1 --------
L 07/05/2020 - 00:45:54: SourceMod log file session started (file "D:\Games\steamapps\common\Black Mesa\bms\addons\sourcemod\logs\L20200705.log") (Version "1.11.0.6562")
L 07/05/2020 - 00:45:54: [SM] Changed map to "yc_c4a2b"
L 07/05/2020 - 00:46:03: -------- Mapchange to yc_c4a2b --------
L 07/05/2020 - 00:53:07: [SM] Changed map to "yc_c4a2c"
L 07/05/2020 - 00:53:18: -------- Mapchange to yc_c4a2c --------
L 07/05/2020 - 01:02:54: [SM] Changed map to "yc_c4a3a"
L 07/05/2020 - 01:03:00: -------- Mapchange to yc_c4a3a --------
L 07/05/2020 - 01:04:07: Log file closed.
L 07/05/2020 - 02:08:27: SourceMod log file session started (file "D:\Games\steamapps\common\Black Mesa\bms\addons\sourcemod\logs\L20200705.log") (Version "1.11.0.6562")
L 07/05/2020 - 02:08:27: -------- Mapchange to yc_c4a3b --------
L 07/05/2020 - 02:20:56: Log file closed.
L 07/05/2020 - 08:14:26: SourceMod log file session started (file "D:\Games\steamapps\common\Black Mesa\bms\addons\sourcemod\logs\L20200705.log") (Version "1.11.0.6562")
L 07/05/2020 - 08:14:26: [SM] Changed map to "yc_c4a3b"
L 07/05/2020 - 08:14:32: -------- Mapchange to yc_c4a3b --------
L 07/05/2020 - 08:24:35: [SM] Changed map to "yc_c4a3b1"
L 07/05/2020 - 08:24:35: "Your name<2><[U:1:3396891022]><>" was already connected to the server.
L 07/05/2020 - 09:11:12: SourceMod log file session started (file "D:\Games\steamapps\common\Black Mesa\bms\addons\sourcemod\logs\L20200705.log") (Version "1.11.0.6562")
L 07/05/2020 - 09:11:12: -------- Mapchange to yc_c4a3b1 --------
L 07/05/2020 - 09:13:59: -------- Mapchange to yc_c4a3b1 --------
L 07/05/2020 - 09:24:25: -------- Mapchange to yc_c4a3b1 --------
L 07/05/2020 - 09:38:01: [SM] Changed map to "yc_c4a3b2"
L 07/05/2020 - 09:38:01: "Your name<5><[U:1:3396891022]><>" was already connected to the server.
L 07/05/2020 - 09:57:37: -------- Mapchange to yc_c4a3b2 --------
L 07/05/2020 - 10:36:27: SourceMod log file session started (file "D:\Games\steamapps\common\Black Mesa\bms\addons\sourcemod\logs\L20200705.log") (Version "1.11.0.6562")
L 07/05/2020 - 10:36:27: -------- Mapchange to yc_c4a3b2 --------
L 07/05/2020 - 12:09:04: SourceMod log file session started (file "D:\Games\steamapps\common\Black Mesa\bms\addons\sourcemod\logs\L20200705.log") (Version "1.11.0.6562")
L 07/05/2020 - 12:09:04: [SM] Changed map to "yc_c4a3c"
L 07/05/2020 - 12:10:03: SourceMod log file session started (file "D:\Games\steamapps\common\Black Mesa\bms\addons\sourcemod\logs\L20200705.log") (Version "1.11.0.6562")
L 07/05/2020 - 12:10:03: -------- Mapchange to yc_c4a3b2 --------
L 07/05/2020 - 12:10:22: -------- Mapchange to yc_c4a3c --------
L 07/05/2020 - 12:10:39: -------- Mapchange to yc_c4a3b2 --------
L 07/05/2020 - 12:11:26: [SM] Changed map to "yc_c4a3c"
L 07/05/2020 - 12:11:29: -------- Mapchange to yc_c4a3c --------
L 07/05/2020 - 12:11:40: Log file closed.
L 07/05/2020 - 18:40:46: SourceMod log file session started (file "D:\Games\steamapps\common\Black Mesa\bms\addons\sourcemod\logs\L20200705.log") (Version "1.11.0.6562")
L 07/05/2020 - 18:40:46: [SM] Changed map to "yc_c4a3b2"
L 07/05/2020 - 18:40:50: -------- Mapchange to yc_c4a3b2 --------
L 07/05/2020 - 18:45:10: [SM] Changed map to "yc_c4a3c"
L 07/05/2020 - 18:45:29: -------- Mapchange to yc_c4a3c --------
L 07/05/2020 - 19:03:25: -------- Mapchange to yc_c4a3b1 --------
L 07/05/2020 - 19:04:07: -------- Mapchange to yc_c4a3c --------
L 07/05/2020 - 19:46:41: -------- Mapchange to yc_c4a3c --------
L 07/05/2020 - 19:57:12: -------- Mapchange to yc_c4a3c --------
L 07/05/2020 - 20:00:44: [SM] Changed map to "yc_c4a3c1"
L 07/05/2020 - 20:00:44: "Your name<6><[U:1:3396891022]><>" was already connected to the server.
L 07/05/2020 - 20:00:54: Log file closed.
L 07/05/2020 - 21:24:02: SourceMod log file session started (file "D:\Games\steamapps\common\Black Mesa\bms\addons\sourcemod\logs\L20200705.log") (Version "1.11.0.6562")
L 07/05/2020 - 21:24:02: [SM] Changed map to "yc_c4a3c1"
L 07/05/2020 - 21:24:02: "Your name<2><[U:1:3396891022]><>" was already connected to the server.
L 07/05/2020 - 21:24:10: Log file closed.
L 07/05/2020 - 22:18:52: SourceMod log file session started (file "D:\Games\steamapps\common\Black Mesa\bms\addons\sourcemod\logs\L20200705.log") (Version "1.11.0.6562")
L 07/05/2020 - 22:18:52: -------- Mapchange to yc_c4a3c1 --------
L 07/05/2020 - 22:26:02: [SM] Changed map to "yc_c4a3c2"
L 07/05/2020 - 22:26:02: "Your name<3><[U:1:3396891022]><>" was already connected to the server.
