L 06/28/2020 - 00:55:46: SourceMod log file session started (file "D:\Games\steamapps\common\Black Mesa\bms\addons\sourcemod\logs\L20200628.log") (Version "1.11.0.6562")
L 06/28/2020 - 00:55:46: [SM] Changed map to "yc_c3a1b"
L 06/28/2020 - 00:55:46: "Your name<2><[U:1:3396891022]><>" was already connected to the server.
L 06/28/2020 - 00:55:52: Log file closed.
L 06/28/2020 - 01:26:59: SourceMod log file session started (file "D:\Games\steamapps\common\Black Mesa\bms\addons\sourcemod\logs\L20200628.log") (Version "1.11.0.6562")
L 06/28/2020 - 01:26:59: [SM] Changed map to "yc_c3a2a"
L 06/28/2020 - 01:26:59: "Your name<2><[U:1:3396891022]><>" was already connected to the server.
L 06/28/2020 - 01:27:06: -------- Mapchange to yc_c3a1b --------
L 06/28/2020 - 01:32:06: [SM] Changed map to "yc_c3a2a"
L 06/28/2020 - 01:32:06: "Your name<3><[U:1:3396891022]><>" was already connected to the server.
L 06/28/2020 - 01:32:16: Log file closed.
L 06/28/2020 - 10:40:08: SourceMod log file session started (file "D:\Games\steamapps\common\Black Mesa\bms\addons\sourcemod\logs\L20200628.log") (Version "1.11.0.6562")
L 06/28/2020 - 10:40:08: [SM] Changed map to "yc_c3a1a"
L 06/28/2020 - 10:40:18: -------- Mapchange to yc_c3a1a --------
L 06/28/2020 - 10:43:49: [SM] Changed map to "yc_c3a1b"
L 06/28/2020 - 10:43:57: -------- Mapchange to yc_c3a1b --------
L 06/28/2020 - 10:48:56: [SM] Changed map to "yc_c3a2a"
L 06/28/2020 - 10:48:56: "Your name<2><[U:1:3396891022]><>" was already connected to the server.
L 06/28/2020 - 10:49:04: Log file closed.
L 06/28/2020 - 11:48:13: SourceMod log file session started (file "D:\Games\steamapps\common\Black Mesa\bms\addons\sourcemod\logs\L20200628.log") (Version "1.11.0.6562")
L 06/28/2020 - 11:48:13: [SM] Changed map to "yc_c3a2a"
L 06/28/2020 - 11:48:13: -------- Mapchange to yc_c3a2a --------
L 06/28/2020 - 11:51:56: -------- Mapchange to yc_c3a2a --------
L 06/28/2020 - 11:54:09: Log file closed.
L 06/28/2020 - 13:20:09: SourceMod log file session started (file "D:\Games\steamapps\common\Black Mesa\bms\addons\sourcemod\logs\L20200628.log") (Version "1.11.0.6562")
L 06/28/2020 - 13:20:09: [SM] Changed map to "yc_c3a2a"
L 06/28/2020 - 13:20:10: -------- Mapchange to yc_c3a2a --------
L 06/28/2020 - 13:31:51: -------- Mapchange to yc_c3a2a --------
L 06/28/2020 - 13:36:54: [SM] Changed map to "yc_c3a2b"
L 06/28/2020 - 13:36:54: "Your name<3><[U:1:3396891022]><>" was already connected to the server.
L 06/28/2020 - 13:52:13: Log file closed.
L 06/28/2020 - 13:55:45: SourceMod log file session started (file "D:\Games\steamapps\common\Black Mesa\bms\addons\sourcemod\logs\L20200628.log") (Version "1.11.0.6562")
L 06/28/2020 - 13:55:45: -------- Mapchange to yc_c3a2b --------
L 06/28/2020 - 13:57:26: -------- Mapchange to yc_c3a2b --------
L 06/28/2020 - 14:00:57: [SM] Changed map to "yc_c3a2c"
L 06/28/2020 - 14:00:57: "Your name<4><[U:1:3396891022]><>" was already connected to the server.
L 06/28/2020 - 14:06:17: SourceMod log file session started (file "D:\Games\steamapps\common\Black Mesa\bms\addons\sourcemod\logs\L20200628.log") (Version "1.11.0.6562")
L 06/28/2020 - 14:06:17: [SM] Changed map to "yc_c3a2b"
L 06/28/2020 - 14:06:17: -------- Mapchange to yc_c3a2b --------
L 06/28/2020 - 14:10:05: [SM] Changed map to "yc_c3a2c"
L 06/28/2020 - 14:10:06: "Your name<2><[U:1:3396891022]><>" was already connected to the server.
L 06/28/2020 - 14:10:13: Log file closed.
L 06/28/2020 - 17:41:31: SourceMod log file session started (file "D:\Games\steamapps\common\Black Mesa\bms\addons\sourcemod\logs\L20200628.log") (Version "1.11.0.6562")
L 06/28/2020 - 17:41:31: [SM] Changed map to "yc_c3a2b"
L 06/28/2020 - 17:41:35: -------- Mapchange to yc_c3a2b --------
L 06/28/2020 - 17:44:06: Log file closed.
L 06/28/2020 - 22:30:18: SourceMod log file session started (file "D:\Games\steamapps\common\Black Mesa\bms\addons\sourcemod\logs\L20200628.log") (Version "1.11.0.6562")
L 06/28/2020 - 22:30:18: -------- Mapchange to yc_c3a2c --------
L 06/28/2020 - 22:33:56: [SM] Changed map to "yc_c3a2d"
L 06/28/2020 - 22:33:58: -------- Mapchange to yc_c3a2d --------
L 06/28/2020 - 22:44:36: -------- Mapchange to yc_c3a2d --------
L 06/28/2020 - 22:48:16: [SM] Changed map to "yc_c2a1b"
L 06/28/2020 - 22:48:37: -------- Mapchange to yc_c2a1b --------
L 06/28/2020 - 22:50:11: -------- Mapchange to yc_c3a2d --------
L 06/28/2020 - 22:52:57: [SM] Changed map to "yc_c3a2c"
L 06/28/2020 - 22:52:59: -------- Mapchange to yc_c3a2c --------
L 06/28/2020 - 22:54:45: [SM] Changed map to "yc_c3a2d"
L 06/28/2020 - 22:54:46: -------- Mapchange to yc_c3a2d --------
L 06/28/2020 - 22:55:43: [SM] Changed map to "yc_c3a2c"
L 06/28/2020 - 22:55:44: -------- Mapchange to yc_c3a2c --------
L 06/28/2020 - 23:09:29: -------- Mapchange to yc_c3a2d --------
L 06/28/2020 - 23:10:26: [SM] Changed map to "yc_c3a2c"
L 06/28/2020 - 23:10:27: -------- Mapchange to yc_c3a2c --------
L 06/28/2020 - 23:11:24: [SM] Changed map to "yc_c3a2d"
L 06/28/2020 - 23:11:26: -------- Mapchange to yc_c3a2d --------
L 06/28/2020 - 23:12:26: [SM] Changed map to "yc_c3a2c"
L 06/28/2020 - 23:12:27: -------- Mapchange to yc_c3a2c --------
L 06/28/2020 - 23:31:13: -------- Mapchange to yc_c3a2c --------
L 06/28/2020 - 23:32:45: [SM] Changed map to "yc_c3a2d"
L 06/28/2020 - 23:32:47: -------- Mapchange to yc_c3a2d --------
L 06/28/2020 - 23:33:38: [SM] Changed map to "yc_c3a2c"
L 06/28/2020 - 23:33:40: -------- Mapchange to yc_c3a2c --------
L 06/28/2020 - 23:37:23: -------- Mapchange to yc_c3a2c --------
L 06/28/2020 - 23:38:24: [SM] Changed map to "yc_c3a2d"
L 06/28/2020 - 23:38:26: -------- Mapchange to yc_c3a2d --------
L 06/28/2020 - 23:39:35: [SM] Changed map to "yc_c3a2c"
L 06/28/2020 - 23:39:37: -------- Mapchange to yc_c3a2c --------
L 06/28/2020 - 23:44:09: -------- Mapchange to yc_c3a2d --------
L 06/28/2020 - 23:44:49: [SM] Changed map to "yc_c3a2c"
L 06/28/2020 - 23:44:51: -------- Mapchange to yc_c3a2c --------
L 06/28/2020 - 23:46:17: -------- Mapchange to yc_c3a2c --------
L 06/28/2020 - 23:49:40: -------- Mapchange to yc_c3a2c --------
L 06/28/2020 - 23:50:51: -------- Mapchange to yc_c3a2c --------
L 06/28/2020 - 23:54:04: -------- Mapchange to yc_c3a2c --------
L 06/28/2020 - 23:54:51: [SM] Changed map to "yc_c3a2d"
L 06/28/2020 - 23:54:53: -------- Mapchange to yc_c3a2d --------
L 06/28/2020 - 23:55:40: [SM] Changed map to "yc_c3a2c"
L 06/28/2020 - 23:55:42: -------- Mapchange to yc_c3a2c --------
L 06/28/2020 - 23:59:28: -------- Mapchange to yc_c3a2c --------
L 06/29/2020 - 00:06:51: Log file closed.
